[ 2016-10-09T19:02:26+08:00 ] 127.0.0.1 /index.php?g=Portal&m=AdminPage&a=companyinfo&menuid=162
NOTIC: D方法实例化没找到模型类Common\Model\PostsModel

[ 2016-10-09T19:02:27+08:00 ] 127.0.0.1 /index.php?g=Portal&m=AdminPage&a=index&menuid=25
NOTIC: D方法实例化没找到模型类Common\Model\PostsModel

[ 2016-10-09T19:02:28+08:00 ] 127.0.0.1 /index.php?g=Portal&m=AdminPage&a=companyinfo&menuid=162
NOTIC: D方法实例化没找到模型类Common\Model\PostsModel

[ 2016-10-09T19:02:29+08:00 ] 127.0.0.1 /index.php?g=Portal&m=AdminPage&a=index&menuid=25
NOTIC: D方法实例化没找到模型类Common\Model\PostsModel

[ 2016-10-09T19:02:32+08:00 ] 127.0.0.1 /index.php?g=Portal&m=AdminPage&a=companyinfo&menuid=162
NOTIC: D方法实例化没找到模型类Common\Model\PostsModel

[ 2016-10-09T19:02:36+08:00 ] 127.0.0.1 /index.php?g=Portal&m=AdminPage&a=companyinfo&menuid=162
NOTIC: D方法实例化没找到模型类Common\Model\PostsModel

[ 2016-10-09T19:02:38+08:00 ] 127.0.0.1 /index.php?g=Portal&m=AdminPage&a=index&menuid=25
NOTIC: D方法实例化没找到模型类Common\Model\PostsModel

[ 2016-10-09T19:02:58+08:00 ] 127.0.0.1 /index.php?g=Portal&m=AdminPage&a=companyinfo&menuid=162
NOTIC: D方法实例化没找到模型类Common\Model\PostsModel

[ 2016-10-09T19:03:00+08:00 ] 127.0.0.1 /index.php?g=Portal&m=AdminPage&a=index&menuid=25
NOTIC: D方法实例化没找到模型类Common\Model\PostsModel

[ 2016-10-09T19:03:01+08:00 ] 127.0.0.1 /index.php?g=&m=AdminPage&a=add
NOTIC: D方法实例化没找到模型类Common\Model\PostsModel

[ 2016-10-09T19:13:36+08:00 ] 127.0.0.1 /index.php?g=Portal&m=AdminPage&a=index&menuid=25
NOTIC: D方法实例化没找到模型类Common\Model\PostsModel

[ 2016-10-09T19:13:37+08:00 ] 127.0.0.1 /index.php?g=&m=AdminPage&a=add
NOTIC: D方法实例化没找到模型类Common\Model\PostsModel

[ 2016-10-09T19:14:07+08:00 ] 127.0.0.1 /index.php?g=&m=AdminPage&a=add_post
INFO: [ app_begin ] --START--
INFO: Run Behavior\ReadHtmlCacheBehavior [ RunTime:0.000270s ]
INFO: Run Behavior\CheckLangBehavior [ RunTime:0.000311s ]
INFO: [ app_begin ] --END-- [ RunTime:0.000825s ]
SQL: SHOW COLUMNS FROM `check_users` [ RunTime:0.0014s ]
SQL: SELECT * FROM `check_users` WHERE ( id=3 ) LIMIT 1   [ RunTime:0.0007s ]
SQL: SHOW COLUMNS FROM `check_role_user` [ RunTime:0.0013s ]
SQL: SELECT `role_id` FROM check_role_user a INNER JOIN check_role as b on a.role_id =b.id  WHERE `user_id` = '3' AND `status` = 1  [ RunTime:0.0008s ]
SQL: SHOW COLUMNS FROM `check_auth_access` [ RunTime:0.0015s ]
SQL: SELECT * FROM check_auth_access a INNER JOIN check_auth_rule as b on a.rule_name =b.name  WHERE a.role_id IN ('3') AND b.name IN ('portal/adminpage/add_post')  [ RunTime:0.0005s ]
NOTIC: D方法实例化没找到模型类Common\Model\PostsModel
SQL: SHOW COLUMNS FROM `check_posts` [ RunTime:0.0013s ]
NOTIC: [2] call_user_func() expects parameter 1 to be a valid callback, no array or string given /Applications/XAMPP/xamppfiles/htdocs/cmforigin/simplewind/Core/Library/Think/Upload.class.php 第 170 行.
NOTIC: [2] call_user_func() expects parameter 1 to be a valid callback, no array or string given /Applications/XAMPP/xamppfiles/htdocs/cmforigin/simplewind/Core/Library/Think/Upload.class.php 第 170 行.
NOTIC: [2] call_user_func() expects parameter 1 to be a valid callback, no array or string given /Applications/XAMPP/xamppfiles/htdocs/cmforigin/simplewind/Core/Library/Think/Upload.class.php 第 170 行.
NOTIC: [8] Array to string conversion /Applications/XAMPP/xamppfiles/htdocs/cmforigin/application/Portal/Controller/AdminPageController.class.php 第 164 行.
INFO: [ app_end ] --START--
INFO: Run Behavior\ShowPageTraceBehavior [ RunTime:0.000598s ]
INFO: [ app_end ] --END-- [ RunTime:0.000642s ]

[ 2016-10-09T19:14:33+08:00 ] 127.0.0.1 /index.php?g=&m=AdminPage&a=add_post
INFO: [ app_begin ] --START--
INFO: Run Behavior\ReadHtmlCacheBehavior [ RunTime:0.000860s ]
INFO: Run Behavior\CheckLangBehavior [ RunTime:0.001917s ]
INFO: [ app_begin ] --END-- [ RunTime:0.003616s ]
SQL: SHOW COLUMNS FROM `check_users` [ RunTime:0.0018s ]
SQL: SELECT * FROM `check_users` WHERE ( id=3 ) LIMIT 1   [ RunTime:0.0009s ]
SQL: SHOW COLUMNS FROM `check_role_user` [ RunTime:0.0014s ]
SQL: SELECT `role_id` FROM check_role_user a INNER JOIN check_role as b on a.role_id =b.id  WHERE `user_id` = '3' AND `status` = 1  [ RunTime:0.0008s ]
SQL: SHOW COLUMNS FROM `check_auth_access` [ RunTime:0.0015s ]
SQL: SELECT * FROM check_auth_access a INNER JOIN check_auth_rule as b on a.rule_name =b.name  WHERE a.role_id IN ('3') AND b.name IN ('portal/adminpage/add_post')  [ RunTime:0.0005s ]
NOTIC: D方法实例化没找到模型类Common\Model\PostsModel
SQL: SHOW COLUMNS FROM `check_posts` [ RunTime:0.0015s ]
NOTIC: [2] call_user_func() expects parameter 1 to be a valid callback, no array or string given /Applications/XAMPP/xamppfiles/htdocs/cmforigin/simplewind/Core/Library/Think/Upload.class.php 第 170 行.
NOTIC: [2] call_user_func() expects parameter 1 to be a valid callback, no array or string given /Applications/XAMPP/xamppfiles/htdocs/cmforigin/simplewind/Core/Library/Think/Upload.class.php 第 170 行.
NOTIC: [2] call_user_func() expects parameter 1 to be a valid callback, no array or string given /Applications/XAMPP/xamppfiles/htdocs/cmforigin/simplewind/Core/Library/Think/Upload.class.php 第 170 行.
INFO: [ app_end ] --START--
INFO: Run Behavior\ShowPageTraceBehavior [ RunTime:0.000649s ]
INFO: [ app_end ] --END-- [ RunTime:0.000690s ]

[ 2016-10-09T19:18:06+08:00 ] 127.0.0.1 /index.php?g=&m=AdminPage&a=add_post
INFO: [ app_begin ] --START--
INFO: Run Behavior\ReadHtmlCacheBehavior [ RunTime:0.000935s ]
INFO: Run Behavior\CheckLangBehavior [ RunTime:0.001979s ]
INFO: [ app_begin ] --END-- [ RunTime:0.003784s ]
SQL: SHOW COLUMNS FROM `check_users` [ RunTime:0.0020s ]
SQL: SELECT * FROM `check_users` WHERE ( id=3 ) LIMIT 1   [ RunTime:0.0009s ]
SQL: SHOW COLUMNS FROM `check_role_user` [ RunTime:0.0015s ]
SQL: SELECT `role_id` FROM check_role_user a INNER JOIN check_role as b on a.role_id =b.id  WHERE `user_id` = '3' AND `status` = 1  [ RunTime:0.0008s ]
SQL: SHOW COLUMNS FROM `check_auth_access` [ RunTime:0.0018s ]
SQL: SELECT * FROM check_auth_access a INNER JOIN check_auth_rule as b on a.rule_name =b.name  WHERE a.role_id IN ('3') AND b.name IN ('portal/adminpage/add_post')  [ RunTime:0.0007s ]
NOTIC: D方法实例化没找到模型类Common\Model\PostsModel
SQL: SHOW COLUMNS FROM `check_posts` [ RunTime:0.0020s ]
NOTIC: [2] call_user_func() expects parameter 1 to be a valid callback, no array or string given /Applications/XAMPP/xamppfiles/htdocs/cmforigin/simplewind/Core/Library/Think/Upload.class.php 第 170 行.
NOTIC: [2] call_user_func() expects parameter 1 to be a valid callback, no array or string given /Applications/XAMPP/xamppfiles/htdocs/cmforigin/simplewind/Core/Library/Think/Upload.class.php 第 170 行.
NOTIC: [2] call_user_func() expects parameter 1 to be a valid callback, no array or string given /Applications/XAMPP/xamppfiles/htdocs/cmforigin/simplewind/Core/Library/Think/Upload.class.php 第 170 行.
NOTIC: [8] Undefined index: savepath /Applications/XAMPP/xamppfiles/htdocs/cmforigin/application/Portal/Controller/AdminPageController.class.php 第 165 行.
NOTIC: [8] Undefined index: savename /Applications/XAMPP/xamppfiles/htdocs/cmforigin/application/Portal/Controller/AdminPageController.class.php 第 165 行.
NOTIC: [8] Undefined index: savepath /Applications/XAMPP/xamppfiles/htdocs/cmforigin/application/Portal/Controller/AdminPageController.class.php 第 165 行.
NOTIC: [8] Undefined index: savename /Applications/XAMPP/xamppfiles/htdocs/cmforigin/application/Portal/Controller/AdminPageController.class.php 第 165 行.
NOTIC: [8] Undefined index: savepath /Applications/XAMPP/xamppfiles/htdocs/cmforigin/application/Portal/Controller/AdminPageController.class.php 第 165 行.
NOTIC: [8] Undefined index: savename /Applications/XAMPP/xamppfiles/htdocs/cmforigin/application/Portal/Controller/AdminPageController.class.php 第 165 行.
NOTIC: [8] Undefined index: savepath /Applications/XAMPP/xamppfiles/htdocs/cmforigin/application/Portal/Controller/AdminPageController.class.php 第 168 行.
NOTIC: [8] Undefined index: savename /Applications/XAMPP/xamppfiles/htdocs/cmforigin/application/Portal/Controller/AdminPageController.class.php 第 168 行.
NOTIC: [8] Undefined index: savepath /Applications/XAMPP/xamppfiles/htdocs/cmforigin/application/Portal/Controller/AdminPageController.class.php 第 168 行.
NOTIC: [8] Undefined index: savename /Applications/XAMPP/xamppfiles/htdocs/cmforigin/application/Portal/Controller/AdminPageController.class.php 第 168 行.
NOTIC: [8] Undefined index: savepath /Applications/XAMPP/xamppfiles/htdocs/cmforigin/application/Portal/Controller/AdminPageController.class.php 第 168 行.
NOTIC: [8] Undefined index: savename /Applications/XAMPP/xamppfiles/htdocs/cmforigin/application/Portal/Controller/AdminPageController.class.php 第 168 行.
NOTIC: [8] Undefined index: savepath /Applications/XAMPP/xamppfiles/htdocs/cmforigin/application/Portal/Controller/AdminPageController.class.php 第 171 行.
NOTIC: [8] Undefined index: savename /Applications/XAMPP/xamppfiles/htdocs/cmforigin/application/Portal/Controller/AdminPageController.class.php 第 171 行.
NOTIC: [8] Undefined index: savepath /Applications/XAMPP/xamppfiles/htdocs/cmforigin/application/Portal/Controller/AdminPageController.class.php 第 171 行.
NOTIC: [8] Undefined index: savename /Applications/XAMPP/xamppfiles/htdocs/cmforigin/application/Portal/Controller/AdminPageController.class.php 第 171 行.
NOTIC: [8] Undefined index: savepath /Applications/XAMPP/xamppfiles/htdocs/cmforigin/application/Portal/Controller/AdminPageController.class.php 第 171 行.
NOTIC: [8] Undefined index: savename /Applications/XAMPP/xamppfiles/htdocs/cmforigin/application/Portal/Controller/AdminPageController.class.php 第 171 行.
NOTIC: [8] Undefined index: savepath /Applications/XAMPP/xamppfiles/htdocs/cmforigin/application/Portal/Controller/AdminPageController.class.php 第 174 行.
NOTIC: [8] Undefined index: savename /Applications/XAMPP/xamppfiles/htdocs/cmforigin/application/Portal/Controller/AdminPageController.class.php 第 174 行.
NOTIC: [8] Undefined index: savepath /Applications/XAMPP/xamppfiles/htdocs/cmforigin/application/Portal/Controller/AdminPageController.class.php 第 174 行.
NOTIC: [8] Undefined index: savename /Applications/XAMPP/xamppfiles/htdocs/cmforigin/application/Portal/Controller/AdminPageController.class.php 第 174 行.
NOTIC: [8] Undefined index: savepath /Applications/XAMPP/xamppfiles/htdocs/cmforigin/application/Portal/Controller/AdminPageController.class.php 第 174 行.
NOTIC: [8] Undefined index: savename /Applications/XAMPP/xamppfiles/htdocs/cmforigin/application/Portal/Controller/AdminPageController.class.php 第 174 行.
NOTIC: [8] Undefined index: savepath /Applications/XAMPP/xamppfiles/htdocs/cmforigin/application/Portal/Controller/AdminPageController.class.php 第 177 行.
NOTIC: [8] Undefined index: savename /Applications/XAMPP/xamppfiles/htdocs/cmforigin/application/Portal/Controller/AdminPageController.class.php 第 177 行.
NOTIC: [8] Undefined index: savepath /Applications/XAMPP/xamppfiles/htdocs/cmforigin/application/Portal/Controller/AdminPageController.class.php 第 177 行.
NOTIC: [8] Undefined index: savename /Applications/XAMPP/xamppfiles/htdocs/cmforigin/application/Portal/Controller/AdminPageController.class.php 第 177 行.
NOTIC: [8] Undefined index: savepath /Applications/XAMPP/xamppfiles/htdocs/cmforigin/application/Portal/Controller/AdminPageController.class.php 第 177 行.
NOTIC: [8] Undefined index: savename /Applications/XAMPP/xamppfiles/htdocs/cmforigin/application/Portal/Controller/AdminPageController.class.php 第 177 行.
INFO: [ app_end ] --START--
INFO: Run Behavior\ShowPageTraceBehavior [ RunTime:0.000752s ]
INFO: [ app_end ] --END-- [ RunTime:0.000804s ]

[ 2016-10-09T19:22:32+08:00 ] 127.0.0.1 /index.php?g=&m=AdminPage&a=add_post
INFO: [ app_begin ] --START--
INFO: Run Behavior\ReadHtmlCacheBehavior [ RunTime:0.000816s ]
INFO: Run Behavior\CheckLangBehavior [ RunTime:0.000501s ]
INFO: [ app_begin ] --END-- [ RunTime:0.001889s ]
SQL: SHOW COLUMNS FROM `check_users` [ RunTime:0.0015s ]
SQL: SELECT * FROM `check_users` WHERE ( id=3 ) LIMIT 1   [ RunTime:0.0007s ]
SQL: SHOW COLUMNS FROM `check_role_user` [ RunTime:0.0023s ]
SQL: SELECT `role_id` FROM check_role_user a INNER JOIN check_role as b on a.role_id =b.id  WHERE `user_id` = '3' AND `status` = 1  [ RunTime:0.0015s ]
SQL: SHOW COLUMNS FROM `check_auth_access` [ RunTime:0.0015s ]
SQL: SELECT * FROM check_auth_access a INNER JOIN check_auth_rule as b on a.rule_name =b.name  WHERE a.role_id IN ('3') AND b.name IN ('portal/adminpage/add_post')  [ RunTime:0.0004s ]
NOTIC: D方法实例化没找到模型类Common\Model\PostsModel
SQL: SHOW COLUMNS FROM `check_posts` [ RunTime:0.0014s ]
NOTIC: [2] call_user_func() expects parameter 1 to be a valid callback, no array or string given /Applications/XAMPP/xamppfiles/htdocs/cmforigin/simplewind/Core/Library/Think/Upload.class.php 第 170 行.
NOTIC: [2] call_user_func() expects parameter 1 to be a valid callback, no array or string given /Applications/XAMPP/xamppfiles/htdocs/cmforigin/simplewind/Core/Library/Think/Upload.class.php 第 170 行.
NOTIC: [2] call_user_func() expects parameter 1 to be a valid callback, no array or string given /Applications/XAMPP/xamppfiles/htdocs/cmforigin/simplewind/Core/Library/Think/Upload.class.php 第 170 行.
NOTIC: [8] Undefined variable: file /Applications/XAMPP/xamppfiles/htdocs/cmforigin/application/Portal/Controller/AdminPageController.class.php 第 165 行.
NOTIC: [8] Undefined variable: file /Applications/XAMPP/xamppfiles/htdocs/cmforigin/application/Portal/Controller/AdminPageController.class.php 第 165 行.
NOTIC: [8] Undefined variable: file /Applications/XAMPP/xamppfiles/htdocs/cmforigin/application/Portal/Controller/AdminPageController.class.php 第 166 行.
NOTIC: [8] Undefined variable: file /Applications/XAMPP/xamppfiles/htdocs/cmforigin/application/Portal/Controller/AdminPageController.class.php 第 166 行.
NOTIC: [8] Undefined variable: file /Applications/XAMPP/xamppfiles/htdocs/cmforigin/application/Portal/Controller/AdminPageController.class.php 第 167 行.
NOTIC: [8] Undefined variable: file /Applications/XAMPP/xamppfiles/htdocs/cmforigin/application/Portal/Controller/AdminPageController.class.php 第 167 行.
NOTIC: [8] Undefined variable: file /Applications/XAMPP/xamppfiles/htdocs/cmforigin/application/Portal/Controller/AdminPageController.class.php 第 168 行.
NOTIC: [8] Undefined variable: file /Applications/XAMPP/xamppfiles/htdocs/cmforigin/application/Portal/Controller/AdminPageController.class.php 第 168 行.
NOTIC: [8] Undefined variable: file /Applications/XAMPP/xamppfiles/htdocs/cmforigin/application/Portal/Controller/AdminPageController.class.php 第 169 行.
NOTIC: [8] Undefined variable: file /Applications/XAMPP/xamppfiles/htdocs/cmforigin/application/Portal/Controller/AdminPageController.class.php 第 169 行.
INFO: [ app_end ] --START--
INFO: Run Behavior\ShowPageTraceBehavior [ RunTime:0.000304s ]
INFO: [ app_end ] --END-- [ RunTime:0.000326s ]

[ 2016-10-09T19:23:59+08:00 ] 127.0.0.1 /index.php?g=&m=AdminPage&a=add_post
INFO: [ app_begin ] --START--
INFO: Run Behavior\ReadHtmlCacheBehavior [ RunTime:0.000295s ]
INFO: Run Behavior\CheckLangBehavior [ RunTime:0.000332s ]
INFO: [ app_begin ] --END-- [ RunTime:0.000869s ]
SQL: SHOW COLUMNS FROM `check_users` [ RunTime:0.0014s ]
SQL: SELECT * FROM `check_users` WHERE ( id=3 ) LIMIT 1   [ RunTime:0.0003s ]
SQL: SHOW COLUMNS FROM `check_role_user` [ RunTime:0.0008s ]
SQL: SELECT `role_id` FROM check_role_user a INNER JOIN check_role as b on a.role_id =b.id  WHERE `user_id` = '3' AND `status` = 1  [ RunTime:0.0002s ]
SQL: SHOW COLUMNS FROM `check_auth_access` [ RunTime:0.0009s ]
SQL: SELECT * FROM check_auth_access a INNER JOIN check_auth_rule as b on a.rule_name =b.name  WHERE a.role_id IN ('3') AND b.name IN ('portal/adminpage/add_post')  [ RunTime:0.0004s ]
NOTIC: D方法实例化没找到模型类Common\Model\PostsModel
SQL: SHOW COLUMNS FROM `check_posts` [ RunTime:0.0010s ]
NOTIC: [2] call_user_func() expects parameter 1 to be a valid callback, no array or string given /Applications/XAMPP/xamppfiles/htdocs/cmforigin/simplewind/Core/Library/Think/Upload.class.php 第 170 行.
NOTIC: [2] call_user_func() expects parameter 1 to be a valid callback, no array or string given /Applications/XAMPP/xamppfiles/htdocs/cmforigin/simplewind/Core/Library/Think/Upload.class.php 第 170 行.
NOTIC: [2] call_user_func() expects parameter 1 to be a valid callback, no array or string given /Applications/XAMPP/xamppfiles/htdocs/cmforigin/simplewind/Core/Library/Think/Upload.class.php 第 170 行.
NOTIC: [8] Undefined index: savepath /Applications/XAMPP/xamppfiles/htdocs/cmforigin/application/Portal/Controller/AdminPageController.class.php 第 167 行.
NOTIC: [8] Undefined index: savename /Applications/XAMPP/xamppfiles/htdocs/cmforigin/application/Portal/Controller/AdminPageController.class.php 第 167 行.
NOTIC: [8] Undefined index: savepath /Applications/XAMPP/xamppfiles/htdocs/cmforigin/application/Portal/Controller/AdminPageController.class.php 第 167 行.
NOTIC: [8] Undefined index: savename /Applications/XAMPP/xamppfiles/htdocs/cmforigin/application/Portal/Controller/AdminPageController.class.php 第 167 行.
NOTIC: [8] Undefined index: savepath /Applications/XAMPP/xamppfiles/htdocs/cmforigin/application/Portal/Controller/AdminPageController.class.php 第 167 行.
NOTIC: [8] Undefined index: savename /Applications/XAMPP/xamppfiles/htdocs/cmforigin/application/Portal/Controller/AdminPageController.class.php 第 167 行.
NOTIC: [8] Undefined index: savepath /Applications/XAMPP/xamppfiles/htdocs/cmforigin/application/Portal/Controller/AdminPageController.class.php 第 170 行.
NOTIC: [8] Undefined index: savename /Applications/XAMPP/xamppfiles/htdocs/cmforigin/application/Portal/Controller/AdminPageController.class.php 第 170 行.
NOTIC: [8] Undefined index: savepath /Applications/XAMPP/xamppfiles/htdocs/cmforigin/application/Portal/Controller/AdminPageController.class.php 第 170 行.
NOTIC: [8] Undefined index: savename /Applications/XAMPP/xamppfiles/htdocs/cmforigin/application/Portal/Controller/AdminPageController.class.php 第 170 行.
NOTIC: [8] Undefined index: savepath /Applications/XAMPP/xamppfiles/htdocs/cmforigin/application/Portal/Controller/AdminPageController.class.php 第 170 行.
NOTIC: [8] Undefined index: savename /Applications/XAMPP/xamppfiles/htdocs/cmforigin/application/Portal/Controller/AdminPageController.class.php 第 170 行.
NOTIC: [8] Undefined index: savepath /Applications/XAMPP/xamppfiles/htdocs/cmforigin/application/Portal/Controller/AdminPageController.class.php 第 173 行.
NOTIC: [8] Undefined index: savename /Applications/XAMPP/xamppfiles/htdocs/cmforigin/application/Portal/Controller/AdminPageController.class.php 第 173 行.
NOTIC: [8] Undefined index: savepath /Applications/XAMPP/xamppfiles/htdocs/cmforigin/application/Portal/Controller/AdminPageController.class.php 第 173 行.
NOTIC: [8] Undefined index: savename /Applications/XAMPP/xamppfiles/htdocs/cmforigin/application/Portal/Controller/AdminPageController.class.php 第 173 行.
NOTIC: [8] Undefined index: savepath /Applications/XAMPP/xamppfiles/htdocs/cmforigin/application/Portal/Controller/AdminPageController.class.php 第 173 行.
NOTIC: [8] Undefined index: savename /Applications/XAMPP/xamppfiles/htdocs/cmforigin/application/Portal/Controller/AdminPageController.class.php 第 173 行.
NOTIC: [8] Undefined index: savepath /Applications/XAMPP/xamppfiles/htdocs/cmforigin/application/Portal/Controller/AdminPageController.class.php 第 176 行.
NOTIC: [8] Undefined index: savename /Applications/XAMPP/xamppfiles/htdocs/cmforigin/application/Portal/Controller/AdminPageController.class.php 第 176 行.
NOTIC: [8] Undefined index: savepath /Applications/XAMPP/xamppfiles/htdocs/cmforigin/application/Portal/Controller/AdminPageController.class.php 第 176 行.
NOTIC: [8] Undefined index: savename /Applications/XAMPP/xamppfiles/htdocs/cmforigin/application/Portal/Controller/AdminPageController.class.php 第 176 行.
NOTIC: [8] Undefined index: savepath /Applications/XAMPP/xamppfiles/htdocs/cmforigin/application/Portal/Controller/AdminPageController.class.php 第 176 行.
NOTIC: [8] Undefined index: savename /Applications/XAMPP/xamppfiles/htdocs/cmforigin/application/Portal/Controller/AdminPageController.class.php 第 176 行.
INFO: [ app_end ] --START--
INFO: Run Behavior\ShowPageTraceBehavior [ RunTime:0.000437s ]
INFO: [ app_end ] --END-- [ RunTime:0.000467s ]

[ 2016-10-09T19:26:47+08:00 ] 127.0.0.1 /index.php?g=&m=AdminPage&a=add_post
INFO: [ app_begin ] --START--
INFO: Run Behavior\ReadHtmlCacheBehavior [ RunTime:0.000253s ]
INFO: Run Behavior\CheckLangBehavior [ RunTime:0.000283s ]
INFO: [ app_begin ] --END-- [ RunTime:0.000753s ]
SQL: SHOW COLUMNS FROM `check_users` [ RunTime:0.0017s ]
SQL: SELECT * FROM `check_users` WHERE ( id=3 ) LIMIT 1   [ RunTime:0.0008s ]
SQL: SHOW COLUMNS FROM `check_role_user` [ RunTime:0.0010s ]
SQL: SELECT `role_id` FROM check_role_user a INNER JOIN check_role as b on a.role_id =b.id  WHERE `user_id` = '3' AND `status` = 1  [ RunTime:0.0007s ]
SQL: SHOW COLUMNS FROM `check_auth_access` [ RunTime:0.0016s ]
SQL: SELECT * FROM check_auth_access a INNER JOIN check_auth_rule as b on a.rule_name =b.name  WHERE a.role_id IN ('3') AND b.name IN ('portal/adminpage/add_post')  [ RunTime:0.0006s ]
NOTIC: D方法实例化没找到模型类Common\Model\PostsModel
SQL: SHOW COLUMNS FROM `check_posts` [ RunTime:0.0014s ]
NOTIC: [2] call_user_func() expects parameter 1 to be a valid callback, no array or string given /Applications/XAMPP/xamppfiles/htdocs/cmforigin/simplewind/Core/Library/Think/Upload.class.php 第 170 行.
NOTIC: [2] call_user_func() expects parameter 1 to be a valid callback, no array or string given /Applications/XAMPP/xamppfiles/htdocs/cmforigin/simplewind/Core/Library/Think/Upload.class.php 第 170 行.
NOTIC: [2] call_user_func() expects parameter 1 to be a valid callback, no array or string given /Applications/XAMPP/xamppfiles/htdocs/cmforigin/simplewind/Core/Library/Think/Upload.class.php 第 170 行.
NOTIC: [8] Undefined index: imgtwo /Applications/XAMPP/xamppfiles/htdocs/cmforigin/application/Portal/Controller/AdminPageController.class.php 第 171 行.
NOTIC: [8] Undefined index: imgtwo /Applications/XAMPP/xamppfiles/htdocs/cmforigin/application/Portal/Controller/AdminPageController.class.php 第 171 行.
NOTIC: [8] Undefined index: imgtwo /Applications/XAMPP/xamppfiles/htdocs/cmforigin/application/Portal/Controller/AdminPageController.class.php 第 171 行.
NOTIC: [8] Undefined index: imgtwo /Applications/XAMPP/xamppfiles/htdocs/cmforigin/application/Portal/Controller/AdminPageController.class.php 第 171 行.
NOTIC: [8] Undefined index: imgtwo /Applications/XAMPP/xamppfiles/htdocs/cmforigin/application/Portal/Controller/AdminPageController.class.php 第 171 行.
NOTIC: [8] Undefined index: imgtwo /Applications/XAMPP/xamppfiles/htdocs/cmforigin/application/Portal/Controller/AdminPageController.class.php 第 171 行.
NOTIC: [8] Undefined index: imgthree /Applications/XAMPP/xamppfiles/htdocs/cmforigin/application/Portal/Controller/AdminPageController.class.php 第 174 行.
NOTIC: [8] Undefined index: imgthree /Applications/XAMPP/xamppfiles/htdocs/cmforigin/application/Portal/Controller/AdminPageController.class.php 第 174 行.
NOTIC: [8] Undefined index: imgthree /Applications/XAMPP/xamppfiles/htdocs/cmforigin/application/Portal/Controller/AdminPageController.class.php 第 174 行.
NOTIC: [8] Undefined index: imgthree /Applications/XAMPP/xamppfiles/htdocs/cmforigin/application/Portal/Controller/AdminPageController.class.php 第 174 行.
NOTIC: [8] Undefined index: imgthree /Applications/XAMPP/xamppfiles/htdocs/cmforigin/application/Portal/Controller/AdminPageController.class.php 第 174 行.
NOTIC: [8] Undefined index: imgthree /Applications/XAMPP/xamppfiles/htdocs/cmforigin/application/Portal/Controller/AdminPageController.class.php 第 174 行.
NOTIC: [8] Undefined index: imgfour /Applications/XAMPP/xamppfiles/htdocs/cmforigin/application/Portal/Controller/AdminPageController.class.php 第 177 行.
NOTIC: [8] Undefined index: imgfour /Applications/XAMPP/xamppfiles/htdocs/cmforigin/application/Portal/Controller/AdminPageController.class.php 第 177 行.
NOTIC: [8] Undefined index: imgfour /Applications/XAMPP/xamppfiles/htdocs/cmforigin/application/Portal/Controller/AdminPageController.class.php 第 177 行.
NOTIC: [8] Undefined index: imgfour /Applications/XAMPP/xamppfiles/htdocs/cmforigin/application/Portal/Controller/AdminPageController.class.php 第 177 行.
NOTIC: [8] Undefined index: imgfour /Applications/XAMPP/xamppfiles/htdocs/cmforigin/application/Portal/Controller/AdminPageController.class.php 第 177 行.
NOTIC: [8] Undefined index: imgfour /Applications/XAMPP/xamppfiles/htdocs/cmforigin/application/Portal/Controller/AdminPageController.class.php 第 177 行.
INFO: [ app_end ] --START--
INFO: Run Behavior\ShowPageTraceBehavior [ RunTime:0.000361s ]
INFO: [ app_end ] --END-- [ RunTime:0.000385s ]

[ 2016-10-09T19:27:40+08:00 ] 127.0.0.1 /index.php?g=&m=AdminPage&a=add_post
INFO: [ app_begin ] --START--
INFO: Run Behavior\ReadHtmlCacheBehavior [ RunTime:0.000248s ]
INFO: Run Behavior\CheckLangBehavior [ RunTime:0.000315s ]
INFO: [ app_begin ] --END-- [ RunTime:0.000762s ]
SQL: SHOW COLUMNS FROM `check_users` [ RunTime:0.0014s ]
SQL: SELECT * FROM `check_users` WHERE ( id=3 ) LIMIT 1   [ RunTime:0.0003s ]
SQL: SHOW COLUMNS FROM `check_role_user` [ RunTime:0.0010s ]
SQL: SELECT `role_id` FROM check_role_user a INNER JOIN check_role as b on a.role_id =b.id  WHERE `user_id` = '3' AND `status` = 1  [ RunTime:0.0003s ]
SQL: SHOW COLUMNS FROM `check_auth_access` [ RunTime:0.0011s ]
SQL: SELECT * FROM check_auth_access a INNER JOIN check_auth_rule as b on a.rule_name =b.name  WHERE a.role_id IN ('3') AND b.name IN ('portal/adminpage/add_post')  [ RunTime:0.0004s ]
NOTIC: D方法实例化没找到模型类Common\Model\PostsModel
SQL: SHOW COLUMNS FROM `check_posts` [ RunTime:0.0015s ]
NOTIC: [2] call_user_func() expects parameter 1 to be a valid callback, no array or string given /Applications/XAMPP/xamppfiles/htdocs/cmforigin/simplewind/Core/Library/Think/Upload.class.php 第 170 行.
NOTIC: [2] call_user_func() expects parameter 1 to be a valid callback, no array or string given /Applications/XAMPP/xamppfiles/htdocs/cmforigin/simplewind/Core/Library/Think/Upload.class.php 第 170 行.
NOTIC: [2] call_user_func() expects parameter 1 to be a valid callback, no array or string given /Applications/XAMPP/xamppfiles/htdocs/cmforigin/simplewind/Core/Library/Think/Upload.class.php 第 170 行.
INFO: [ app_end ] --START--
INFO: Run Behavior\ShowPageTraceBehavior [ RunTime:0.000347s ]
INFO: [ app_end ] --END-- [ RunTime:0.000379s ]

[ 2016-10-09T19:29:27+08:00 ] 127.0.0.1 /index.php?g=&m=AdminPage&a=add_post
INFO: [ app_begin ] --START--
INFO: Run Behavior\ReadHtmlCacheBehavior [ RunTime:0.000346s ]
INFO: Run Behavior\CheckLangBehavior [ RunTime:0.000374s ]
INFO: [ app_begin ] --END-- [ RunTime:0.001031s ]
ERR: syntax error, unexpected '=', expecting ']'

[ 2016-10-09T19:29:46+08:00 ] 127.0.0.1 /index.php?g=&m=AdminPage&a=add_post
INFO: [ app_begin ] --START--
INFO: Run Behavior\ReadHtmlCacheBehavior [ RunTime:0.000246s ]
INFO: Run Behavior\CheckLangBehavior [ RunTime:0.000277s ]
INFO: [ app_begin ] --END-- [ RunTime:0.000715s ]
SQL: SHOW COLUMNS FROM `check_users` [ RunTime:0.0017s ]
SQL: SELECT * FROM `check_users` WHERE ( id=3 ) LIMIT 1   [ RunTime:0.0003s ]
SQL: SHOW COLUMNS FROM `check_role_user` [ RunTime:0.0010s ]
SQL: SELECT `role_id` FROM check_role_user a INNER JOIN check_role as b on a.role_id =b.id  WHERE `user_id` = '3' AND `status` = 1  [ RunTime:0.0003s ]
SQL: SHOW COLUMNS FROM `check_auth_access` [ RunTime:0.0011s ]
SQL: SELECT * FROM check_auth_access a INNER JOIN check_auth_rule as b on a.rule_name =b.name  WHERE a.role_id IN ('3') AND b.name IN ('portal/adminpage/add_post')  [ RunTime:0.0005s ]
NOTIC: D方法实例化没找到模型类Common\Model\PostsModel
SQL: SHOW COLUMNS FROM `check_posts` [ RunTime:0.0013s ]
NOTIC: [2] call_user_func() expects parameter 1 to be a valid callback, no array or string given /Applications/XAMPP/xamppfiles/htdocs/cmforigin/simplewind/Core/Library/Think/Upload.class.php 第 170 行.
NOTIC: [2] call_user_func() expects parameter 1 to be a valid callback, no array or string given /Applications/XAMPP/xamppfiles/htdocs/cmforigin/simplewind/Core/Library/Think/Upload.class.php 第 170 行.
NOTIC: [2] call_user_func() expects parameter 1 to be a valid callback, no array or string given /Applications/XAMPP/xamppfiles/htdocs/cmforigin/simplewind/Core/Library/Think/Upload.class.php 第 170 行.
NOTIC: [8] Undefined offset: 0 /Applications/XAMPP/xamppfiles/htdocs/cmforigin/application/Portal/Controller/AdminPageController.class.php 第 166 行.
NOTIC: [8] Undefined offset: 0 /Applications/XAMPP/xamppfiles/htdocs/cmforigin/application/Portal/Controller/AdminPageController.class.php 第 166 行.
NOTIC: [8] Undefined offset: 1 /Applications/XAMPP/xamppfiles/htdocs/cmforigin/application/Portal/Controller/AdminPageController.class.php 第 166 行.
NOTIC: [8] Undefined offset: 1 /Applications/XAMPP/xamppfiles/htdocs/cmforigin/application/Portal/Controller/AdminPageController.class.php 第 166 行.
NOTIC: [8] Undefined offset: 2 /Applications/XAMPP/xamppfiles/htdocs/cmforigin/application/Portal/Controller/AdminPageController.class.php 第 166 行.
NOTIC: [8] Undefined offset: 2 /Applications/XAMPP/xamppfiles/htdocs/cmforigin/application/Portal/Controller/AdminPageController.class.php 第 166 行.
INFO: [ app_end ] --START--
INFO: Run Behavior\ShowPageTraceBehavior [ RunTime:0.000659s ]
INFO: [ app_end ] --END-- [ RunTime:0.000709s ]

[ 2016-10-09T19:38:55+08:00 ] 127.0.0.1 /index.php?g=&m=AdminPage&a=add_post
INFO: [ app_begin ] --START--
INFO: Run Behavior\ReadHtmlCacheBehavior [ RunTime:0.000362s ]
INFO: Run Behavior\CheckLangBehavior [ RunTime:0.000334s ]
INFO: [ app_begin ] --END-- [ RunTime:0.001026s ]
SQL: SHOW COLUMNS FROM `check_users` [ RunTime:0.0019s ]
SQL: SELECT * FROM `check_users` WHERE ( id=3 ) LIMIT 1   [ RunTime:0.0003s ]
SQL: SHOW COLUMNS FROM `check_role_user` [ RunTime:0.0015s ]
SQL: SELECT `role_id` FROM check_role_user a INNER JOIN check_role as b on a.role_id =b.id  WHERE `user_id` = '3' AND `status` = 1  [ RunTime:0.0004s ]
SQL: SHOW COLUMNS FROM `check_auth_access` [ RunTime:0.0013s ]
SQL: SELECT * FROM check_auth_access a INNER JOIN check_auth_rule as b on a.rule_name =b.name  WHERE a.role_id IN ('3') AND b.name IN ('portal/adminpage/add_post')  [ RunTime:0.0005s ]
NOTIC: D方法实例化没找到模型类Common\Model\PostsModel
SQL: SHOW COLUMNS FROM `check_posts` [ RunTime:0.0012s ]
NOTIC: [2] call_user_func() expects parameter 1 to be a valid callback, no array or string given /Applications/XAMPP/xamppfiles/htdocs/cmforigin/simplewind/Core/Library/Think/Upload.class.php 第 170 行.
NOTIC: [2] call_user_func() expects parameter 1 to be a valid callback, no array or string given /Applications/XAMPP/xamppfiles/htdocs/cmforigin/simplewind/Core/Library/Think/Upload.class.php 第 170 行.
NOTIC: [2] call_user_func() expects parameter 1 to be a valid callback, no array or string given /Applications/XAMPP/xamppfiles/htdocs/cmforigin/simplewind/Core/Library/Think/Upload.class.php 第 170 行.
NOTIC: [8] Undefined index: imgthree /Applications/XAMPP/xamppfiles/htdocs/cmforigin/application/Portal/Controller/AdminPageController.class.php 第 166 行.
NOTIC: [8] Undefined index: imgthree /Applications/XAMPP/xamppfiles/htdocs/cmforigin/application/Portal/Controller/AdminPageController.class.php 第 166 行.
NOTIC: [8] Undefined index: imgfour /Applications/XAMPP/xamppfiles/htdocs/cmforigin/application/Portal/Controller/AdminPageController.class.php 第 167 行.
NOTIC: [8] Undefined index: imgfour /Applications/XAMPP/xamppfiles/htdocs/cmforigin/application/Portal/Controller/AdminPageController.class.php 第 167 行.
INFO: [ app_end ] --START--
INFO: Run Behavior\ShowPageTraceBehavior [ RunTime:0.000597s ]
INFO: [ app_end ] --END-- [ RunTime:0.000639s ]

[ 2016-10-09T19:39:38+08:00 ] 127.0.0.1 /index.php?g=&m=AdminPage&a=add_post
INFO: [ app_begin ] --START--
INFO: Run Behavior\ReadHtmlCacheBehavior [ RunTime:0.000539s ]
INFO: Run Behavior\CheckLangBehavior [ RunTime:0.000702s ]
INFO: [ app_begin ] --END-- [ RunTime:0.001611s ]
SQL: SHOW COLUMNS FROM `check_users` [ RunTime:0.0013s ]
SQL: SELECT * FROM `check_users` WHERE ( id=3 ) LIMIT 1   [ RunTime:0.0006s ]
SQL: SHOW COLUMNS FROM `check_role_user` [ RunTime:0.0009s ]
SQL: SELECT `role_id` FROM check_role_user a INNER JOIN check_role as b on a.role_id =b.id  WHERE `user_id` = '3' AND `status` = 1  [ RunTime:0.0007s ]
SQL: SHOW COLUMNS FROM `check_auth_access` [ RunTime:0.0016s ]
SQL: SELECT * FROM check_auth_access a INNER JOIN check_auth_rule as b on a.rule_name =b.name  WHERE a.role_id IN ('3') AND b.name IN ('portal/adminpage/add_post')  [ RunTime:0.0007s ]
NOTIC: D方法实例化没找到模型类Common\Model\PostsModel
SQL: SHOW COLUMNS FROM `check_posts` [ RunTime:0.0016s ]
NOTIC: [2] call_user_func() expects parameter 1 to be a valid callback, no array or string given /Applications/XAMPP/xamppfiles/htdocs/cmforigin/simplewind/Core/Library/Think/Upload.class.php 第 170 行.
NOTIC: [2] call_user_func() expects parameter 1 to be a valid callback, no array or string given /Applications/XAMPP/xamppfiles/htdocs/cmforigin/simplewind/Core/Library/Think/Upload.class.php 第 170 行.
NOTIC: [2] call_user_func() expects parameter 1 to be a valid callback, no array or string given /Applications/XAMPP/xamppfiles/htdocs/cmforigin/simplewind/Core/Library/Think/Upload.class.php 第 170 行.
NOTIC: [8] Undefined index: imgthree /Applications/XAMPP/xamppfiles/htdocs/cmforigin/application/Portal/Controller/AdminPageController.class.php 第 166 行.
NOTIC: [8] Undefined index: imgthree /Applications/XAMPP/xamppfiles/htdocs/cmforigin/application/Portal/Controller/AdminPageController.class.php 第 166 行.
NOTIC: [8] Undefined index: imgfour /Applications/XAMPP/xamppfiles/htdocs/cmforigin/application/Portal/Controller/AdminPageController.class.php 第 167 行.
NOTIC: [8] Undefined index: imgfour /Applications/XAMPP/xamppfiles/htdocs/cmforigin/application/Portal/Controller/AdminPageController.class.php 第 167 行.
INFO: [ app_end ] --START--
INFO: Run Behavior\ShowPageTraceBehavior [ RunTime:0.000340s ]
INFO: [ app_end ] --END-- [ RunTime:0.000365s ]

[ 2016-10-09T19:53:37+08:00 ] 127.0.0.1 /index.php?g=Portal&m=AdminPage&a=index&menuid=25
NOTIC: D方法实例化没找到模型类Common\Model\PostsModel

[ 2016-10-09T19:53:44+08:00 ] 127.0.0.1 /index.php?g=Portal&m=AdminPage&a=companyinfo&menuid=162
NOTIC: D方法实例化没找到模型类Common\Model\PostsModel

[ 2016-10-09T19:54:01+08:00 ] 127.0.0.1 /index.php?g=Portal&m=AdminPage&a=companyinfo&menuid=162
NOTIC: D方法实例化没找到模型类Common\Model\PostsModel

[ 2016-10-09T19:54:02+08:00 ] 127.0.0.1 /index.php?g=Portal&m=AdminPage&a=index&menuid=25
NOTIC: D方法实例化没找到模型类Common\Model\PostsModel

[ 2016-10-09T19:54:33+08:00 ] 127.0.0.1 /index.php?g=Portal&m=AdminPage&a=index&menuid=25
NOTIC: D方法实例化没找到模型类Common\Model\PostsModel

[ 2016-10-09T20:12:19+08:00 ] 127.0.0.1 /index.php?g=Portal&m=AdminPage&a=companyinfo&menuid=162
NOTIC: D方法实例化没找到模型类Common\Model\PostsModel

[ 2016-10-09T20:12:20+08:00 ] 127.0.0.1 /index.php?g=Portal&m=AdminPage&a=index&menuid=25
NOTIC: D方法实例化没找到模型类Common\Model\PostsModel

[ 2016-10-09T20:12:21+08:00 ] 127.0.0.1 /index.php?g=&m=AdminPage&a=add
NOTIC: D方法实例化没找到模型类Common\Model\PostsModel

[ 2016-10-09T20:12:24+08:00 ] 127.0.0.1 /index.php?g=&m=AdminPage&a=add_post
INFO: [ app_begin ] --START--
INFO: Run Behavior\ReadHtmlCacheBehavior [ RunTime:0.000278s ]
INFO: Run Behavior\CheckLangBehavior [ RunTime:0.000285s ]
INFO: [ app_begin ] --END-- [ RunTime:0.000777s ]
SQL: SHOW COLUMNS FROM `check_users` [ RunTime:0.0026s ]
SQL: SELECT * FROM `check_users` WHERE ( id=3 ) LIMIT 1   [ RunTime:0.0003s ]
SQL: SHOW COLUMNS FROM `check_role_user` [ RunTime:0.0009s ]
SQL: SELECT `role_id` FROM check_role_user a INNER JOIN check_role as b on a.role_id =b.id  WHERE `user_id` = '3' AND `status` = 1  [ RunTime:0.0003s ]
SQL: SHOW COLUMNS FROM `check_auth_access` [ RunTime:0.0012s ]
SQL: SELECT * FROM check_auth_access a INNER JOIN check_auth_rule as b on a.rule_name =b.name  WHERE a.role_id IN ('3') AND b.name IN ('portal/adminpage/add_post')  [ RunTime:0.0004s ]
NOTIC: D方法实例化没找到模型类Common\Model\PostsModel
SQL: SHOW COLUMNS FROM `check_posts` [ RunTime:0.0012s ]

[ 2016-10-09T20:12:36+08:00 ] 127.0.0.1 /index.php?g=&m=AdminPage&a=add_post
INFO: [ app_begin ] --START--
INFO: Run Behavior\ReadHtmlCacheBehavior [ RunTime:0.000283s ]
INFO: Run Behavior\CheckLangBehavior [ RunTime:0.000318s ]
INFO: [ app_begin ] --END-- [ RunTime:0.000818s ]
SQL: SHOW COLUMNS FROM `check_users` [ RunTime:0.0015s ]
SQL: SELECT * FROM `check_users` WHERE ( id=3 ) LIMIT 1   [ RunTime:0.0003s ]
SQL: SHOW COLUMNS FROM `check_role_user` [ RunTime:0.0012s ]
SQL: SELECT `role_id` FROM check_role_user a INNER JOIN check_role as b on a.role_id =b.id  WHERE `user_id` = '3' AND `status` = 1  [ RunTime:0.0005s ]
SQL: SHOW COLUMNS FROM `check_auth_access` [ RunTime:0.0015s ]
SQL: SELECT * FROM check_auth_access a INNER JOIN check_auth_rule as b on a.rule_name =b.name  WHERE a.role_id IN ('3') AND b.name IN ('portal/adminpage/add_post')  [ RunTime:0.0006s ]
NOTIC: D方法实例化没找到模型类Common\Model\PostsModel
SQL: SHOW COLUMNS FROM `check_posts` [ RunTime:0.0016s ]
NOTIC: [2] call_user_func() expects parameter 1 to be a valid callback, no array or string given /Applications/XAMPP/xamppfiles/htdocs/cmforigin/simplewind/Core/Library/Think/Upload.class.php 第 170 行.
NOTIC: [8] Undefined index: imgbg /Applications/XAMPP/xamppfiles/htdocs/cmforigin/application/Portal/Controller/AdminPageController.class.php 第 163 行.
NOTIC: [8] Undefined index: imgbg /Applications/XAMPP/xamppfiles/htdocs/cmforigin/application/Portal/Controller/AdminPageController.class.php 第 163 行.
NOTIC: [8] Undefined index: imgtwo /Applications/XAMPP/xamppfiles/htdocs/cmforigin/application/Portal/Controller/AdminPageController.class.php 第 165 行.
NOTIC: [8] Undefined index: imgtwo /Applications/XAMPP/xamppfiles/htdocs/cmforigin/application/Portal/Controller/AdminPageController.class.php 第 165 行.
NOTIC: [8] Undefined index: imgthree /Applications/XAMPP/xamppfiles/htdocs/cmforigin/application/Portal/Controller/AdminPageController.class.php 第 166 行.
NOTIC: [8] Undefined index: imgthree /Applications/XAMPP/xamppfiles/htdocs/cmforigin/application/Portal/Controller/AdminPageController.class.php 第 166 行.
NOTIC: [8] Undefined index: imgfour /Applications/XAMPP/xamppfiles/htdocs/cmforigin/application/Portal/Controller/AdminPageController.class.php 第 167 行.
NOTIC: [8] Undefined index: imgfour /Applications/XAMPP/xamppfiles/htdocs/cmforigin/application/Portal/Controller/AdminPageController.class.php 第 167 行.

[ 2016-10-09T20:12:38+08:00 ] 127.0.0.1 /index.php?g=&m=AdminPage&a=add
NOTIC: D方法实例化没找到模型类Common\Model\PostsModel

[ 2016-10-09T20:12:41+08:00 ] 127.0.0.1 /index.php?g=Portal&m=AdminPage&a=index&menuid=25
NOTIC: D方法实例化没找到模型类Common\Model\PostsModel

[ 2016-10-09T20:13:16+08:00 ] 127.0.0.1 /index.php?g=Portal&m=AdminPage&a=companyinfo&menuid=162
NOTIC: D方法实例化没找到模型类Common\Model\PostsModel

[ 2016-10-09T20:13:19+08:00 ] 127.0.0.1 /index.php?g=Portal&m=AdminPage&a=index&menuid=25
NOTIC: D方法实例化没找到模型类Common\Model\PostsModel

[ 2016-10-09T20:13:25+08:00 ] 127.0.0.1 /index.php?g=Portal&m=AdminPage&a=companyinfo&menuid=162
NOTIC: D方法实例化没找到模型类Common\Model\PostsModel

