[ 2016-10-11T12:47:29+08:00 ] 127.0.0.1 /index.php?g=Portal&m=AdminPage&a=companyinfo&menuid=162
NOTIC: D方法实例化没找到模型类Common\Model\PostsModel

[ 2016-10-11T12:47:31+08:00 ] 127.0.0.1 /index.php?g=Portal&m=AdminPage&a=index&menuid=25
NOTIC: D方法实例化没找到模型类Common\Model\PostsModel

[ 2016-10-11T12:47:32+08:00 ] 127.0.0.1 /index.php?g=&m=AdminPage&a=add
NOTIC: D方法实例化没找到模型类Common\Model\PostsModel

[ 2016-10-11T13:05:16+08:00 ] 127.0.0.1 /index.php?g=Portal&m=AdminPage&a=index&menuid=25
NOTIC: D方法实例化没找到模型类Common\Model\PostsModel

[ 2016-10-11T13:05:19+08:00 ] 127.0.0.1 /index.php?g=&m=AdminPage&a=add
NOTIC: D方法实例化没找到模型类Common\Model\PostsModel

[ 2016-10-11T13:07:41+08:00 ] 127.0.0.1 /index.php?g=&m=AdminPage&a=add_post
INFO: [ app_begin ] --START--
INFO: Run Behavior\ReadHtmlCacheBehavior [ RunTime:0.001053s ]
INFO: Run Behavior\CheckLangBehavior [ RunTime:0.001573s ]
INFO: [ app_begin ] --END-- [ RunTime:0.003519s ]
SQL: SHOW COLUMNS FROM `check_users` [ RunTime:0.0017s ]
SQL: SELECT * FROM `check_users` WHERE ( id=3 ) LIMIT 1   [ RunTime:0.0008s ]
SQL: SHOW COLUMNS FROM `check_role_user` [ RunTime:0.0011s ]
SQL: SELECT `role_id` FROM check_role_user a INNER JOIN check_role as b on a.role_id =b.id  WHERE `user_id` = '3' AND `status` = 1  [ RunTime:0.0007s ]
SQL: SHOW COLUMNS FROM `check_auth_access` [ RunTime:0.0016s ]
SQL: SELECT * FROM check_auth_access a INNER JOIN check_auth_rule as b on a.rule_name =b.name  WHERE a.role_id IN ('3') AND b.name IN ('portal/adminpage/add_post')  [ RunTime:0.0007s ]
NOTIC: D方法实例化没找到模型类Common\Model\PostsModel
SQL: SHOW COLUMNS FROM `check_posts` [ RunTime:0.0014s ]
NOTIC: [2] call_user_func() expects parameter 1 to be a valid callback, no array or string given /Applications/XAMPP/xamppfiles/htdocs/cmforigin/simplewind/Core/Library/Think/Upload.class.php 第 170 行.
NOTIC: [8] Undefined index: imgone /Applications/XAMPP/xamppfiles/htdocs/cmforigin/application/Portal/Controller/AdminPageController.class.php 第 164 行.
NOTIC: [8] Undefined index: imgone /Applications/XAMPP/xamppfiles/htdocs/cmforigin/application/Portal/Controller/AdminPageController.class.php 第 164 行.
NOTIC: [8] Undefined index: imgtwo /Applications/XAMPP/xamppfiles/htdocs/cmforigin/application/Portal/Controller/AdminPageController.class.php 第 165 行.
NOTIC: [8] Undefined index: imgtwo /Applications/XAMPP/xamppfiles/htdocs/cmforigin/application/Portal/Controller/AdminPageController.class.php 第 165 行.
NOTIC: [8] Undefined index: imgthree /Applications/XAMPP/xamppfiles/htdocs/cmforigin/application/Portal/Controller/AdminPageController.class.php 第 166 行.
NOTIC: [8] Undefined index: imgthree /Applications/XAMPP/xamppfiles/htdocs/cmforigin/application/Portal/Controller/AdminPageController.class.php 第 166 行.
NOTIC: [8] Undefined index: imgfour /Applications/XAMPP/xamppfiles/htdocs/cmforigin/application/Portal/Controller/AdminPageController.class.php 第 167 行.
NOTIC: [8] Undefined index: imgfour /Applications/XAMPP/xamppfiles/htdocs/cmforigin/application/Portal/Controller/AdminPageController.class.php 第 167 行.
SQL: SHOW COLUMNS FROM `check_product` [ RunTime:0.0015s ]
SQL: SELECT MAX(product_id) AS tp_max FROM `check_product` LIMIT 1   [ RunTime:0.0002s ]
SQL: SHOW COLUMNS FROM `check_company` [ RunTime:0.0016s ]
ERR: Cannot use object of type Think\Model as array

[ 2016-10-11T13:07:48+08:00 ] 127.0.0.1 /index.php?g=&m=AdminPage&a=add_post
INFO: [ app_begin ] --START--
INFO: Run Behavior\ReadHtmlCacheBehavior [ RunTime:0.000256s ]
INFO: Run Behavior\CheckLangBehavior [ RunTime:0.000269s ]
INFO: [ app_begin ] --END-- [ RunTime:0.000735s ]
SQL: SHOW COLUMNS FROM `check_users` [ RunTime:0.0020s ]
SQL: SELECT * FROM `check_users` WHERE ( id=3 ) LIMIT 1   [ RunTime:0.0003s ]
SQL: SHOW COLUMNS FROM `check_role_user` [ RunTime:0.0009s ]
SQL: SELECT `role_id` FROM check_role_user a INNER JOIN check_role as b on a.role_id =b.id  WHERE `user_id` = '3' AND `status` = 1  [ RunTime:0.0003s ]
SQL: SHOW COLUMNS FROM `check_auth_access` [ RunTime:0.0012s ]
SQL: SELECT * FROM check_auth_access a INNER JOIN check_auth_rule as b on a.rule_name =b.name  WHERE a.role_id IN ('3') AND b.name IN ('portal/adminpage/add_post')  [ RunTime:0.0004s ]
NOTIC: D方法实例化没找到模型类Common\Model\PostsModel
SQL: SHOW COLUMNS FROM `check_posts` [ RunTime:0.0011s ]
NOTIC: [2] call_user_func() expects parameter 1 to be a valid callback, no array or string given /Applications/XAMPP/xamppfiles/htdocs/cmforigin/simplewind/Core/Library/Think/Upload.class.php 第 170 行.
NOTIC: [8] Undefined index: imgone /Applications/XAMPP/xamppfiles/htdocs/cmforigin/application/Portal/Controller/AdminPageController.class.php 第 164 行.
NOTIC: [8] Undefined index: imgone /Applications/XAMPP/xamppfiles/htdocs/cmforigin/application/Portal/Controller/AdminPageController.class.php 第 164 行.
NOTIC: [8] Undefined index: imgtwo /Applications/XAMPP/xamppfiles/htdocs/cmforigin/application/Portal/Controller/AdminPageController.class.php 第 165 行.
NOTIC: [8] Undefined index: imgtwo /Applications/XAMPP/xamppfiles/htdocs/cmforigin/application/Portal/Controller/AdminPageController.class.php 第 165 行.
NOTIC: [8] Undefined index: imgthree /Applications/XAMPP/xamppfiles/htdocs/cmforigin/application/Portal/Controller/AdminPageController.class.php 第 166 行.
NOTIC: [8] Undefined index: imgthree /Applications/XAMPP/xamppfiles/htdocs/cmforigin/application/Portal/Controller/AdminPageController.class.php 第 166 行.
NOTIC: [8] Undefined index: imgfour /Applications/XAMPP/xamppfiles/htdocs/cmforigin/application/Portal/Controller/AdminPageController.class.php 第 167 行.
NOTIC: [8] Undefined index: imgfour /Applications/XAMPP/xamppfiles/htdocs/cmforigin/application/Portal/Controller/AdminPageController.class.php 第 167 行.
SQL: SHOW COLUMNS FROM `check_product` [ RunTime:0.0016s ]
SQL: SELECT MAX(product_id) AS tp_max FROM `check_product` LIMIT 1   [ RunTime:0.0002s ]
SQL: SHOW COLUMNS FROM `check_company` [ RunTime:0.0014s ]
ERR: Cannot use object of type Think\Model as array

[ 2016-10-11T13:09:20+08:00 ] 127.0.0.1 /index.php?g=&m=AdminPage&a=add_post
INFO: [ app_begin ] --START--
INFO: Run Behavior\ReadHtmlCacheBehavior [ RunTime:0.001080s ]
INFO: Run Behavior\CheckLangBehavior [ RunTime:0.001646s ]
INFO: [ app_begin ] --END-- [ RunTime:0.003552s ]
SQL: SHOW COLUMNS FROM `check_users` [ RunTime:0.0013s ]
SQL: SELECT * FROM `check_users` WHERE ( id=3 ) LIMIT 1   [ RunTime:0.0008s ]
SQL: SHOW COLUMNS FROM `check_role_user` [ RunTime:0.0014s ]
SQL: SELECT `role_id` FROM check_role_user a INNER JOIN check_role as b on a.role_id =b.id  WHERE `user_id` = '3' AND `status` = 1  [ RunTime:0.0008s ]
SQL: SHOW COLUMNS FROM `check_auth_access` [ RunTime:0.0011s ]
SQL: SELECT * FROM check_auth_access a INNER JOIN check_auth_rule as b on a.rule_name =b.name  WHERE a.role_id IN ('3') AND b.name IN ('portal/adminpage/add_post')  [ RunTime:0.0004s ]
NOTIC: D方法实例化没找到模型类Common\Model\PostsModel
SQL: SHOW COLUMNS FROM `check_posts` [ RunTime:0.0013s ]
NOTIC: [2] call_user_func() expects parameter 1 to be a valid callback, no array or string given /Applications/XAMPP/xamppfiles/htdocs/cmforigin/simplewind/Core/Library/Think/Upload.class.php 第 170 行.
NOTIC: [8] Undefined index: imgone /Applications/XAMPP/xamppfiles/htdocs/cmforigin/application/Portal/Controller/AdminPageController.class.php 第 164 行.
NOTIC: [8] Undefined index: imgone /Applications/XAMPP/xamppfiles/htdocs/cmforigin/application/Portal/Controller/AdminPageController.class.php 第 164 行.
NOTIC: [8] Undefined index: imgtwo /Applications/XAMPP/xamppfiles/htdocs/cmforigin/application/Portal/Controller/AdminPageController.class.php 第 165 行.
NOTIC: [8] Undefined index: imgtwo /Applications/XAMPP/xamppfiles/htdocs/cmforigin/application/Portal/Controller/AdminPageController.class.php 第 165 行.
NOTIC: [8] Undefined index: imgthree /Applications/XAMPP/xamppfiles/htdocs/cmforigin/application/Portal/Controller/AdminPageController.class.php 第 166 行.
NOTIC: [8] Undefined index: imgthree /Applications/XAMPP/xamppfiles/htdocs/cmforigin/application/Portal/Controller/AdminPageController.class.php 第 166 行.
NOTIC: [8] Undefined index: imgfour /Applications/XAMPP/xamppfiles/htdocs/cmforigin/application/Portal/Controller/AdminPageController.class.php 第 167 行.
NOTIC: [8] Undefined index: imgfour /Applications/XAMPP/xamppfiles/htdocs/cmforigin/application/Portal/Controller/AdminPageController.class.php 第 167 行.
SQL: SHOW COLUMNS FROM `check_product` [ RunTime:0.0020s ]
SQL: SELECT MAX(product_id) AS tp_max FROM `check_product` LIMIT 1   [ RunTime:0.0002s ]
SQL: SHOW COLUMNS FROM `check_company` [ RunTime:0.0010s ]
ERR: Cannot use object of type Think\Model as array

[ 2016-10-11T13:10:09+08:00 ] 127.0.0.1 /index.php?g=&m=AdminPage&a=add_post
INFO: [ app_begin ] --START--
INFO: Run Behavior\ReadHtmlCacheBehavior [ RunTime:0.000368s ]
INFO: Run Behavior\CheckLangBehavior [ RunTime:0.000454s ]
INFO: [ app_begin ] --END-- [ RunTime:0.001141s ]
SQL: SHOW COLUMNS FROM `check_users` [ RunTime:0.0022s ]
SQL: SELECT * FROM `check_users` WHERE ( id=3 ) LIMIT 1   [ RunTime:0.0003s ]
SQL: SHOW COLUMNS FROM `check_role_user` [ RunTime:0.0014s ]
SQL: SELECT `role_id` FROM check_role_user a INNER JOIN check_role as b on a.role_id =b.id  WHERE `user_id` = '3' AND `status` = 1  [ RunTime:0.0004s ]
SQL: SHOW COLUMNS FROM `check_auth_access` [ RunTime:0.0015s ]
SQL: SELECT * FROM check_auth_access a INNER JOIN check_auth_rule as b on a.rule_name =b.name  WHERE a.role_id IN ('3') AND b.name IN ('portal/adminpage/add_post')  [ RunTime:0.0005s ]
NOTIC: D方法实例化没找到模型类Common\Model\PostsModel
SQL: SHOW COLUMNS FROM `check_posts` [ RunTime:0.0012s ]
NOTIC: [2] call_user_func() expects parameter 1 to be a valid callback, no array or string given /Applications/XAMPP/xamppfiles/htdocs/cmforigin/simplewind/Core/Library/Think/Upload.class.php 第 170 行.
NOTIC: [8] Undefined index: imgone /Applications/XAMPP/xamppfiles/htdocs/cmforigin/application/Portal/Controller/AdminPageController.class.php 第 164 行.
NOTIC: [8] Undefined index: imgone /Applications/XAMPP/xamppfiles/htdocs/cmforigin/application/Portal/Controller/AdminPageController.class.php 第 164 行.
NOTIC: [8] Undefined index: imgtwo /Applications/XAMPP/xamppfiles/htdocs/cmforigin/application/Portal/Controller/AdminPageController.class.php 第 165 行.
NOTIC: [8] Undefined index: imgtwo /Applications/XAMPP/xamppfiles/htdocs/cmforigin/application/Portal/Controller/AdminPageController.class.php 第 165 行.
NOTIC: [8] Undefined index: imgthree /Applications/XAMPP/xamppfiles/htdocs/cmforigin/application/Portal/Controller/AdminPageController.class.php 第 166 行.
NOTIC: [8] Undefined index: imgthree /Applications/XAMPP/xamppfiles/htdocs/cmforigin/application/Portal/Controller/AdminPageController.class.php 第 166 行.
NOTIC: [8] Undefined index: imgfour /Applications/XAMPP/xamppfiles/htdocs/cmforigin/application/Portal/Controller/AdminPageController.class.php 第 167 行.
NOTIC: [8] Undefined index: imgfour /Applications/XAMPP/xamppfiles/htdocs/cmforigin/application/Portal/Controller/AdminPageController.class.php 第 167 行.
SQL: SHOW COLUMNS FROM `check_product` [ RunTime:0.0013s ]
SQL: SELECT MAX(product_id) AS tp_max FROM `check_product` LIMIT 1   [ RunTime:0.0002s ]
SQL: INSERT INTO `check_product` (`name`,`nongyao`,`huafei`,`guangzhao`,`qiwen`,`kindname`,`kindtime`,`kindintroduction`,`productcode`) VALUES ('西瓜','nongyao','huafei','gongzhao','qiwen','东台爆炸瓜','产地:东台','东台爆炸瓜是一种很厉害很好吃的西瓜。','1003') [ RunTime:0.0011s ]

[ 2016-10-11T13:10:11+08:00 ] 127.0.0.1 /index.php?g=&m=AdminPage&a=index
NOTIC: D方法实例化没找到模型类Common\Model\PostsModel

[ 2016-10-11T13:12:30+08:00 ] 127.0.0.1 /index.php?g=Portal&m=AdminPage&a=index&menuid=25
NOTIC: D方法实例化没找到模型类Common\Model\PostsModel

[ 2016-10-11T13:12:41+08:00 ] 127.0.0.1 /index.php?g=Portal&m=AdminPage&a=index&menuid=25
NOTIC: D方法实例化没找到模型类Common\Model\PostsModel

[ 2016-10-11T13:12:43+08:00 ] 127.0.0.1 /index.php?g=&m=AdminPage&a=add
NOTIC: D方法实例化没找到模型类Common\Model\PostsModel

[ 2016-10-11T13:13:38+08:00 ] 127.0.0.1 /index.php?g=&m=AdminPage&a=add_post
INFO: [ app_begin ] --START--
INFO: Run Behavior\ReadHtmlCacheBehavior [ RunTime:0.000518s ]
INFO: Run Behavior\CheckLangBehavior [ RunTime:0.000598s ]
INFO: [ app_begin ] --END-- [ RunTime:0.001503s ]
SQL: SHOW COLUMNS FROM `check_users` [ RunTime:0.0021s ]
SQL: SELECT * FROM `check_users` WHERE ( id=3 ) LIMIT 1   [ RunTime:0.0003s ]
SQL: SHOW COLUMNS FROM `check_role_user` [ RunTime:0.0014s ]
SQL: SELECT `role_id` FROM check_role_user a INNER JOIN check_role as b on a.role_id =b.id  WHERE `user_id` = '3' AND `status` = 1  [ RunTime:0.0003s ]
SQL: SHOW COLUMNS FROM `check_auth_access` [ RunTime:0.0010s ]
SQL: SELECT * FROM check_auth_access a INNER JOIN check_auth_rule as b on a.rule_name =b.name  WHERE a.role_id IN ('3') AND b.name IN ('portal/adminpage/add_post')  [ RunTime:0.0004s ]
NOTIC: D方法实例化没找到模型类Common\Model\PostsModel
SQL: SHOW COLUMNS FROM `check_posts` [ RunTime:0.0012s ]
NOTIC: [2] call_user_func() expects parameter 1 to be a valid callback, no array or string given /Applications/XAMPP/xamppfiles/htdocs/cmforigin/simplewind/Core/Library/Think/Upload.class.php 第 170 行.
NOTIC: [8] Undefined index: imgone /Applications/XAMPP/xamppfiles/htdocs/cmforigin/application/Portal/Controller/AdminPageController.class.php 第 164 行.
NOTIC: [8] Undefined index: imgone /Applications/XAMPP/xamppfiles/htdocs/cmforigin/application/Portal/Controller/AdminPageController.class.php 第 164 行.
NOTIC: [8] Undefined index: imgtwo /Applications/XAMPP/xamppfiles/htdocs/cmforigin/application/Portal/Controller/AdminPageController.class.php 第 165 行.
NOTIC: [8] Undefined index: imgtwo /Applications/XAMPP/xamppfiles/htdocs/cmforigin/application/Portal/Controller/AdminPageController.class.php 第 165 行.
NOTIC: [8] Undefined index: imgthree /Applications/XAMPP/xamppfiles/htdocs/cmforigin/application/Portal/Controller/AdminPageController.class.php 第 166 行.
NOTIC: [8] Undefined index: imgthree /Applications/XAMPP/xamppfiles/htdocs/cmforigin/application/Portal/Controller/AdminPageController.class.php 第 166 行.
NOTIC: [8] Undefined index: imgfour /Applications/XAMPP/xamppfiles/htdocs/cmforigin/application/Portal/Controller/AdminPageController.class.php 第 167 行.
NOTIC: [8] Undefined index: imgfour /Applications/XAMPP/xamppfiles/htdocs/cmforigin/application/Portal/Controller/AdminPageController.class.php 第 167 行.
SQL: SHOW COLUMNS FROM `check_product` [ RunTime:0.0014s ]
SQL: SELECT MAX(product_id) AS tp_max FROM `check_product` LIMIT 1   [ RunTime:0.0003s ]
SQL: SHOW COLUMNS FROM `check_company` [ RunTime:0.0015s ]
SQL: SELECT * FROM `check_company` WHERE ( admincode = '3' )  [ RunTime:0.0003s ]
SQL: INSERT INTO `check_product` (`imgbg`,`imgone`,`imgtwo`,`imgthree`,`imgfour`,`name`,`nongyao`,`huafei`,`guangzhao`,`qiwen`,`kindname`,`kindtime`,`kindintroduction`,`productcode`,`companycode`) VALUES ('http://127.0.0.1/Uploads/2016-10-11/57fc750289d4f.jpg','http://127.0.0.1/Uploads/','http://127.0.0.1/Uploads/','http://127.0.0.1/Uploads/','http://127.0.0.1/Uploads/','葡萄','hahah','233','23121','jew2','水晶葡萄','产地:南京','水晶葡萄是是是是','1004','10000') [ RunTime:0.0005s ]

[ 2016-10-11T13:13:40+08:00 ] 127.0.0.1 /index.php?g=&m=AdminPage&a=index
NOTIC: D方法实例化没找到模型类Common\Model\PostsModel

[ 2016-10-11T13:25:57+08:00 ] 127.0.0.1 /index.php?g=Portal&m=AdminPage&a=index&menuid=25
NOTIC: D方法实例化没找到模型类Common\Model\PostsModel

[ 2016-10-11T13:26:01+08:00 ] 127.0.0.1 /index.php?g=Portal&m=AdminPage&a=index&menuid=25
NOTIC: D方法实例化没找到模型类Common\Model\PostsModel

[ 2016-10-11T13:26:09+08:00 ] 127.0.0.1 /index.php?g=&m=AdminPage&a=delete&
INFO: [ app_begin ] --START--
INFO: Run Behavior\ReadHtmlCacheBehavior [ RunTime:0.000294s ]
INFO: Run Behavior\CheckLangBehavior [ RunTime:0.000269s ]
INFO: [ app_begin ] --END-- [ RunTime:0.000768s ]
SQL: SHOW COLUMNS FROM `check_users` [ RunTime:0.0089s ]
SQL: SELECT * FROM `check_users` WHERE ( id=3 ) LIMIT 1   [ RunTime:0.0004s ]
SQL: SHOW COLUMNS FROM `check_role_user` [ RunTime:0.0015s ]
SQL: SELECT `role_id` FROM check_role_user a INNER JOIN check_role as b on a.role_id =b.id  WHERE `user_id` = '3' AND `status` = 1  [ RunTime:0.0003s ]
SQL: SHOW COLUMNS FROM `check_auth_access` [ RunTime:0.0013s ]
SQL: SELECT * FROM check_auth_access a INNER JOIN check_auth_rule as b on a.rule_name =b.name  WHERE a.role_id IN ('3') AND b.name IN ('portal/adminpage/delete')  [ RunTime:0.0005s ]
NOTIC: D方法实例化没找到模型类Common\Model\PostsModel
SQL: SHOW COLUMNS FROM `check_posts` [ RunTime:0.0017s ]
INFO: [ app_end ] --START--
INFO: Run Behavior\ShowPageTraceBehavior [ RunTime:0.000719s ]
INFO: [ app_end ] --END-- [ RunTime:0.000773s ]

[ 2016-10-11T13:26:14+08:00 ] 127.0.0.1 /index.php?g=&m=AdminPage&a=delete&
INFO: [ app_begin ] --START--
INFO: Run Behavior\ReadHtmlCacheBehavior [ RunTime:0.000757s ]
INFO: Run Behavior\CheckLangBehavior [ RunTime:0.000352s ]
INFO: [ app_begin ] --END-- [ RunTime:0.001328s ]
SQL: SHOW COLUMNS FROM `check_users` [ RunTime:0.0101s ]
SQL: SELECT * FROM `check_users` WHERE ( id=3 ) LIMIT 1   [ RunTime:0.0006s ]
SQL: SHOW COLUMNS FROM `check_role_user` [ RunTime:0.0017s ]
SQL: SELECT `role_id` FROM check_role_user a INNER JOIN check_role as b on a.role_id =b.id  WHERE `user_id` = '3' AND `status` = 1  [ RunTime:0.0004s ]
SQL: SHOW COLUMNS FROM `check_auth_access` [ RunTime:0.0018s ]
SQL: SELECT * FROM check_auth_access a INNER JOIN check_auth_rule as b on a.rule_name =b.name  WHERE a.role_id IN ('3') AND b.name IN ('portal/adminpage/delete')  [ RunTime:0.0008s ]
NOTIC: D方法实例化没找到模型类Common\Model\PostsModel
SQL: SHOW COLUMNS FROM `check_posts` [ RunTime:0.0019s ]
INFO: [ app_end ] --START--
INFO: Run Behavior\ShowPageTraceBehavior [ RunTime:0.000673s ]
INFO: [ app_end ] --END-- [ RunTime:0.000728s ]

[ 2016-10-11T13:27:14+08:00 ] 127.0.0.1 /index.php?g=Portal&m=AdminPage&a=index&menuid=25
NOTIC: D方法实例化没找到模型类Common\Model\PostsModel

[ 2016-10-11T13:27:53+08:00 ] 127.0.0.1 /index.php?g=Portal&m=AdminPage&a=index&menuid=25
NOTIC: D方法实例化没找到模型类Common\Model\PostsModel
ERR: syntax error, unexpected '" class="' (T_CONSTANT_ENCAPSED_STRING), expecting ',' or ';'

[ 2016-10-11T13:27:59+08:00 ] 127.0.0.1 /index.php?g=Portal&m=AdminPage&a=index&menuid=25
NOTIC: D方法实例化没找到模型类Common\Model\PostsModel

[ 2016-10-11T13:28:35+08:00 ] 127.0.0.1 /index.php?g=Portal&m=AdminPage&a=index&menuid=25
NOTIC: D方法实例化没找到模型类Common\Model\PostsModel

[ 2016-10-11T13:30:44+08:00 ] 127.0.0.1 /index.php?g=&m=AdminPage&a=delete&id=100002048
INFO: [ app_begin ] --START--
INFO: Run Behavior\ReadHtmlCacheBehavior [ RunTime:0.000269s ]
INFO: Run Behavior\CheckLangBehavior [ RunTime:0.000270s ]
INFO: [ app_begin ] --END-- [ RunTime:0.000753s ]
ERR: syntax error, unexpected '}', expecting ',' or ';'

[ 2016-10-11T13:31:20+08:00 ] 127.0.0.1 /index.php?g=&m=AdminPage&a=delete&id=100001004
INFO: [ app_begin ] --START--
INFO: Run Behavior\ReadHtmlCacheBehavior [ RunTime:0.000341s ]
INFO: Run Behavior\CheckLangBehavior [ RunTime:0.000552s ]
INFO: [ app_begin ] --END-- [ RunTime:0.001156s ]
SQL: SHOW COLUMNS FROM `check_users` [ RunTime:0.0019s ]
SQL: SELECT * FROM `check_users` WHERE ( id=3 ) LIMIT 1   [ RunTime:0.0003s ]
SQL: SHOW COLUMNS FROM `check_role_user` [ RunTime:0.0012s ]
SQL: SELECT `role_id` FROM check_role_user a INNER JOIN check_role as b on a.role_id =b.id  WHERE `user_id` = '3' AND `status` = 1  [ RunTime:0.0003s ]
SQL: SHOW COLUMNS FROM `check_auth_access` [ RunTime:0.0010s ]
SQL: SELECT * FROM check_auth_access a INNER JOIN check_auth_rule as b on a.rule_name =b.name  WHERE a.role_id IN ('3') AND b.name IN ('portal/adminpage/delete')  [ RunTime:0.0005s ]
NOTIC: D方法实例化没找到模型类Common\Model\PostsModel
SQL: SHOW COLUMNS FROM `check_posts` [ RunTime:0.0012s ]
INFO: [ app_end ] --START--
INFO: Run Behavior\ShowPageTraceBehavior [ RunTime:0.000377s ]
INFO: [ app_end ] --END-- [ RunTime:0.000403s ]

[ 2016-10-11T13:32:58+08:00 ] 127.0.0.1 /index.php?g=&m=AdminPage&a=delete&id=100001003
INFO: [ app_begin ] --START--
INFO: Run Behavior\ReadHtmlCacheBehavior [ RunTime:0.000273s ]
INFO: Run Behavior\CheckLangBehavior [ RunTime:0.000280s ]
INFO: [ app_begin ] --END-- [ RunTime:0.000775s ]
SQL: SHOW COLUMNS FROM `check_users` [ RunTime:0.0099s ]
SQL: SELECT * FROM `check_users` WHERE ( id=3 ) LIMIT 1   [ RunTime:0.0004s ]
SQL: SHOW COLUMNS FROM `check_role_user` [ RunTime:0.0015s ]
SQL: SELECT `role_id` FROM check_role_user a INNER JOIN check_role as b on a.role_id =b.id  WHERE `user_id` = '3' AND `status` = 1  [ RunTime:0.0003s ]
SQL: SHOW COLUMNS FROM `check_auth_access` [ RunTime:0.0010s ]
SQL: SELECT * FROM check_auth_access a INNER JOIN check_auth_rule as b on a.rule_name =b.name  WHERE a.role_id IN ('3') AND b.name IN ('portal/adminpage/delete')  [ RunTime:0.0004s ]
NOTIC: D方法实例化没找到模型类Common\Model\PostsModel
SQL: SHOW COLUMNS FROM `check_posts` [ RunTime:0.0012s ]
SQL: SHOW COLUMNS FROM `check_company` [ RunTime:0.0011s ]
SQL: SELECT * FROM `check_company` WHERE ( code = '10000' )  [ RunTime:0.0002s ]
INFO: [ app_end ] --START--
INFO: Run Behavior\ShowPageTraceBehavior [ RunTime:0.000415s ]
INFO: [ app_end ] --END-- [ RunTime:0.000443s ]

[ 2016-10-11T13:38:29+08:00 ] 127.0.0.1 /index.php?g=&m=AdminPage&a=delete&id=100002049
INFO: [ app_begin ] --START--
INFO: Run Behavior\ReadHtmlCacheBehavior [ RunTime:0.000728s ]
INFO: Run Behavior\CheckLangBehavior [ RunTime:0.001572s ]
INFO: [ app_begin ] --END-- [ RunTime:0.003149s ]
SQL: SHOW COLUMNS FROM `check_users` [ RunTime:0.0020s ]
SQL: SELECT * FROM `check_users` WHERE ( id=3 ) LIMIT 1   [ RunTime:0.0008s ]
SQL: SHOW COLUMNS FROM `check_role_user` [ RunTime:0.0012s ]
SQL: SELECT `role_id` FROM check_role_user a INNER JOIN check_role as b on a.role_id =b.id  WHERE `user_id` = '3' AND `status` = 1  [ RunTime:0.0005s ]
SQL: SHOW COLUMNS FROM `check_auth_access` [ RunTime:0.0012s ]
SQL: SELECT * FROM check_auth_access a INNER JOIN check_auth_rule as b on a.rule_name =b.name  WHERE a.role_id IN ('3') AND b.name IN ('portal/adminpage/delete')  [ RunTime:0.0005s ]
NOTIC: D方法实例化没找到模型类Common\Model\PostsModel
SQL: SHOW COLUMNS FROM `check_posts` [ RunTime:0.0014s ]
SQL: SHOW COLUMNS FROM `check_company` [ RunTime:0.0015s ]
SQL: SELECT * FROM `check_company` WHERE ( code = '10000' )  [ RunTime:0.0004s ]
SQL: SHOW COLUMNS FROM `check_product` [ RunTime:0.0013s ]
SQL: DELETE FROM `check_product` WHERE ( companycode = '10000' and productcode = '2049' ) [ RunTime:0.0060s ]

[ 2016-10-11T13:38:29+08:00 ] 127.0.0.1 /index.php?g=Portal&m=AdminPage&a=index&menuid=25
NOTIC: D方法实例化没找到模型类Common\Model\PostsModel

[ 2016-10-11T13:40:24+08:00 ] 127.0.0.1 /index.php?g=Portal&m=AdminPage&a=index&menuid=25
NOTIC: D方法实例化没找到模型类Common\Model\PostsModel

[ 2016-10-11T13:40:58+08:00 ] 127.0.0.1 /index.php?g=&m=AdminPage&a=delete
INFO: [ app_begin ] --START--
INFO: Run Behavior\ReadHtmlCacheBehavior [ RunTime:0.000616s ]
INFO: Run Behavior\CheckLangBehavior [ RunTime:0.000820s ]
INFO: [ app_begin ] --END-- [ RunTime:0.001805s ]
SQL: SHOW COLUMNS FROM `check_users` [ RunTime:0.0106s ]
SQL: SELECT * FROM `check_users` WHERE ( id=3 ) LIMIT 1   [ RunTime:0.0007s ]
SQL: SHOW COLUMNS FROM `check_role_user` [ RunTime:0.0018s ]
SQL: SELECT `role_id` FROM check_role_user a INNER JOIN check_role as b on a.role_id =b.id  WHERE `user_id` = '3' AND `status` = 1  [ RunTime:0.0004s ]
SQL: SHOW COLUMNS FROM `check_auth_access` [ RunTime:0.0016s ]
SQL: SELECT * FROM check_auth_access a INNER JOIN check_auth_rule as b on a.rule_name =b.name  WHERE a.role_id IN ('3') AND b.name IN ('portal/adminpage/delete')  [ RunTime:0.0005s ]
NOTIC: D方法实例化没找到模型类Common\Model\PostsModel
SQL: SHOW COLUMNS FROM `check_posts` [ RunTime:0.0014s ]
SQL: SHOW COLUMNS FROM `check_company` [ RunTime:0.0012s ]
SQL: SELECT * FROM `check_company` WHERE ( code = '' )  [ RunTime:0.0002s ]

[ 2016-10-11T13:41:10+08:00 ] 127.0.0.1 /index.php?g=Portal&m=AdminPage&a=index&menuid=25
NOTIC: D方法实例化没找到模型类Common\Model\PostsModel

[ 2016-10-11T13:42:25+08:00 ] 127.0.0.1 /index.php?g=Portal&m=AdminPage&a=index&menuid=25
NOTIC: D方法实例化没找到模型类Common\Model\PostsModel

[ 2016-10-11T13:42:37+08:00 ] 127.0.0.1 /index.php?g=Portal&m=AdminPage&a=index&menuid=25
NOTIC: D方法实例化没找到模型类Common\Model\PostsModel

[ 2016-10-11T13:47:09+08:00 ] 127.0.0.1 /index.php?g=&m=AdminPage&a=edit&id=100002048
ERR: syntax error, unexpected '}', expecting end of file

[ 2016-10-11T13:47:36+08:00 ] 127.0.0.1 /index.php?g=Portal&m=AdminPage&a=index&menuid=25
NOTIC: D方法实例化没找到模型类Common\Model\PostsModel

[ 2016-10-11T13:47:37+08:00 ] 127.0.0.1 /index.php?g=&m=AdminPage&a=edit&id=100002048
NOTIC: D方法实例化没找到模型类Common\Model\PostsModel

[ 2016-10-11T13:48:08+08:00 ] 127.0.0.1 /index.php?g=&m=AdminPage&a=add
NOTIC: D方法实例化没找到模型类Common\Model\PostsModel

[ 2016-10-11T13:48:10+08:00 ] 127.0.0.1 /index.php?g=Portal&m=AdminPage&a=index&menuid=25
NOTIC: D方法实例化没找到模型类Common\Model\PostsModel

[ 2016-10-11T13:48:12+08:00 ] 127.0.0.1 /index.php?g=&m=AdminPage&a=edit&id=100001004
NOTIC: D方法实例化没找到模型类Common\Model\PostsModel

[ 2016-10-11T13:49:48+08:00 ] 127.0.0.1 /index.php?g=&m=AdminPage&a=index
NOTIC: D方法实例化没找到模型类Common\Model\PostsModel

[ 2016-10-11T13:49:50+08:00 ] 127.0.0.1 /index.php?g=&m=AdminPage&a=edit&id=100001003
NOTIC: D方法实例化没找到模型类Common\Model\PostsModel

[ 2016-10-11T14:00:54+08:00 ] 127.0.0.1 /index.php?g=Portal&m=AdminPage&a=index&menuid=25
NOTIC: D方法实例化没找到模型类Common\Model\PostsModel

[ 2016-10-11T14:00:57+08:00 ] 127.0.0.1 /index.php?g=&m=AdminPage&a=edit&id=100002048
NOTIC: D方法实例化没找到模型类Common\Model\PostsModel

[ 2016-10-11T14:00:59+08:00 ] 127.0.0.1 /index.php?g=Portal&m=AdminPage&a=index&menuid=25
NOTIC: D方法实例化没找到模型类Common\Model\PostsModel

[ 2016-10-11T14:01:00+08:00 ] 127.0.0.1 /index.php?g=&m=AdminPage&a=edit&id=100001003
NOTIC: D方法实例化没找到模型类Common\Model\PostsModel

[ 2016-10-11T14:01:28+08:00 ] 127.0.0.1 /index.php?g=Portal&m=AdminPage&a=index&menuid=25
NOTIC: D方法实例化没找到模型类Common\Model\PostsModel

[ 2016-10-11T14:01:32+08:00 ] 127.0.0.1 /index.php?g=&m=AdminPage&a=edit&id=100002048
NOTIC: D方法实例化没找到模型类Common\Model\PostsModel

[ 2016-10-11T14:06:42+08:00 ] 127.0.0.1 /index.php?g=&m=AdminPage&a=edit_post
INFO: [ app_begin ] --START--
INFO: Run Behavior\ReadHtmlCacheBehavior [ RunTime:0.000882s ]
INFO: Run Behavior\CheckLangBehavior [ RunTime:0.001363s ]
INFO: [ app_begin ] --END-- [ RunTime:0.003024s ]
SQL: SHOW COLUMNS FROM `check_users` [ RunTime:0.0026s ]
SQL: SELECT * FROM `check_users` WHERE ( id=3 ) LIMIT 1   [ RunTime:0.0006s ]
SQL: SHOW COLUMNS FROM `check_role_user` [ RunTime:0.0017s ]
SQL: SELECT `role_id` FROM check_role_user a INNER JOIN check_role as b on a.role_id =b.id  WHERE `user_id` = '3' AND `status` = 1  [ RunTime:0.0006s ]
SQL: SHOW COLUMNS FROM `check_auth_access` [ RunTime:0.0013s ]
SQL: SELECT * FROM check_auth_access a INNER JOIN check_auth_rule as b on a.rule_name =b.name  WHERE a.role_id IN ('3') AND b.name IN ('portal/adminpage/edit_post')  [ RunTime:0.0005s ]
NOTIC: D方法实例化没找到模型类Common\Model\PostsModel
SQL: SHOW COLUMNS FROM `check_posts` [ RunTime:0.0012s ]
SQL: SHOW COLUMNS FROM `check_company` [ RunTime:0.0011s ]
SQL: SELECT * FROM `check_company` WHERE ( code = '10000' )  [ RunTime:0.0003s ]

[ 2016-10-11T14:08:20+08:00 ] 127.0.0.1 /index.php?g=&m=AdminPage&a=edit_post
INFO: [ app_begin ] --START--
INFO: Run Behavior\ReadHtmlCacheBehavior [ RunTime:0.000429s ]
INFO: Run Behavior\CheckLangBehavior [ RunTime:0.000581s ]
INFO: [ app_begin ] --END-- [ RunTime:0.002849s ]
SQL: SHOW COLUMNS FROM `check_users` [ RunTime:0.0091s ]
SQL: SELECT * FROM `check_users` WHERE ( id=3 ) LIMIT 1   [ RunTime:0.0003s ]
SQL: SHOW COLUMNS FROM `check_role_user` [ RunTime:0.0015s ]
SQL: SELECT `role_id` FROM check_role_user a INNER JOIN check_role as b on a.role_id =b.id  WHERE `user_id` = '3' AND `status` = 1  [ RunTime:0.0004s ]
SQL: SHOW COLUMNS FROM `check_auth_access` [ RunTime:0.0011s ]
SQL: SELECT * FROM check_auth_access a INNER JOIN check_auth_rule as b on a.rule_name =b.name  WHERE a.role_id IN ('3') AND b.name IN ('portal/adminpage/edit_post')  [ RunTime:0.0005s ]
NOTIC: D方法实例化没找到模型类Common\Model\PostsModel
SQL: SHOW COLUMNS FROM `check_posts` [ RunTime:0.0014s ]
SQL: SHOW COLUMNS FROM `check_company` [ RunTime:0.0014s ]
SQL: SELECT * FROM `check_company` WHERE ( code = '10000' )  [ RunTime:0.0002s ]
SQL: SHOW COLUMNS FROM `check_product` [ RunTime:0.0019s ]
NOTIC: [8] Undefined variable: code /Applications/XAMPP/xamppfiles/htdocs/cmforigin/application/Portal/Controller/AdminPageController.class.php 第 233 行.
NOTIC: [8] Undefined variable: code /Applications/XAMPP/xamppfiles/htdocs/cmforigin/application/Portal/Controller/AdminPageController.class.php 第 233 行.
SQL: UPDATE `check_product` SET `name`='土豆1',`nongyao`='22',`huafei`='22',`guangzhao`='',`qiwen`='',`kindname`='底西瑞',`kindtime`='生长期：110天 原产地：荷兰',`kindintroduction`='植株半直立，分枝少，株高55-60厘米，分枝4-5个，叶片小而坚实。侧小叶4-5对，叶色灰绿，生长势强，茎粗壯，有明显的棕红色。花冠紫红色，花粉多，天然果较多，结薯集中4-5块，薯块大，生育期105-110天。产量一般亩产1700公斤，最高亩产2500-3000公斤。' WHERE ( companycode = '' and productcode = '' ) [ RunTime:0.0004s ]

[ 2016-10-11T14:09:09+08:00 ] 127.0.0.1 /index.php?g=&m=AdminPage&a=edit_post
INFO: [ app_begin ] --START--
INFO: Run Behavior\ReadHtmlCacheBehavior [ RunTime:0.000297s ]
INFO: Run Behavior\CheckLangBehavior [ RunTime:0.000308s ]
INFO: [ app_begin ] --END-- [ RunTime:0.000874s ]
SQL: SHOW COLUMNS FROM `check_users` [ RunTime:0.0094s ]
SQL: SELECT * FROM `check_users` WHERE ( id=3 ) LIMIT 1   [ RunTime:0.0006s ]
SQL: SHOW COLUMNS FROM `check_role_user` [ RunTime:0.0017s ]
SQL: SELECT `role_id` FROM check_role_user a INNER JOIN check_role as b on a.role_id =b.id  WHERE `user_id` = '3' AND `status` = 1  [ RunTime:0.0005s ]
SQL: SHOW COLUMNS FROM `check_auth_access` [ RunTime:0.0020s ]
SQL: SELECT * FROM check_auth_access a INNER JOIN check_auth_rule as b on a.rule_name =b.name  WHERE a.role_id IN ('3') AND b.name IN ('portal/adminpage/edit_post')  [ RunTime:0.0006s ]
NOTIC: D方法实例化没找到模型类Common\Model\PostsModel
SQL: SHOW COLUMNS FROM `check_posts` [ RunTime:0.0016s ]
SQL: SHOW COLUMNS FROM `check_company` [ RunTime:0.0012s ]
SQL: SELECT * FROM `check_company` WHERE ( code = '10000' )  [ RunTime:0.0003s ]
SQL: SHOW COLUMNS FROM `check_product` [ RunTime:0.0012s ]
SQL: UPDATE `check_product` SET `name`='土豆1',`nongyao`='22',`huafei`='22',`guangzhao`='',`qiwen`='',`kindname`='底西瑞',`kindtime`='生长期：110天 原产地：荷兰',`kindintroduction`='植株半直立，分枝少，株高55-60厘米，分枝4-5个，叶片小而坚实。侧小叶4-5对，叶色灰绿，生长势强，茎粗壯，有明显的棕红色。花冠紫红色，花粉多，天然果较多，结薯集中4-5块，薯块大，生育期105-110天。产量一般亩产1700公斤，最高亩产2500-3000公斤。' WHERE ( companycode = '10000' and productcode = '2048' ) [ RunTime:0.0023s ]

[ 2016-10-11T14:09:12+08:00 ] 127.0.0.1 /index.php?g=&m=AdminPage&a=index
NOTIC: D方法实例化没找到模型类Common\Model\PostsModel

[ 2016-10-11T14:09:58+08:00 ] 127.0.0.1 /index.php?g=&m=AdminPage&a=edit&id=100002048
NOTIC: D方法实例化没找到模型类Common\Model\PostsModel

[ 2016-10-11T14:11:04+08:00 ] 127.0.0.1 /index.php?g=&m=AdminPage&a=edit_post
INFO: [ app_begin ] --START--
INFO: Run Behavior\ReadHtmlCacheBehavior [ RunTime:0.000255s ]
INFO: Run Behavior\CheckLangBehavior [ RunTime:0.000284s ]
INFO: [ app_begin ] --END-- [ RunTime:0.000750s ]
SQL: SHOW COLUMNS FROM `check_users` [ RunTime:0.0015s ]
SQL: SELECT * FROM `check_users` WHERE ( id=3 ) LIMIT 1   [ RunTime:0.0003s ]
SQL: SHOW COLUMNS FROM `check_role_user` [ RunTime:0.0015s ]
SQL: SELECT `role_id` FROM check_role_user a INNER JOIN check_role as b on a.role_id =b.id  WHERE `user_id` = '3' AND `status` = 1  [ RunTime:0.0003s ]
SQL: SHOW COLUMNS FROM `check_auth_access` [ RunTime:0.0012s ]
SQL: SELECT * FROM check_auth_access a INNER JOIN check_auth_rule as b on a.rule_name =b.name  WHERE a.role_id IN ('3') AND b.name IN ('portal/adminpage/edit_post')  [ RunTime:0.0005s ]
NOTIC: D方法实例化没找到模型类Common\Model\PostsModel
SQL: SHOW COLUMNS FROM `check_posts` [ RunTime:0.0012s ]
SQL: SHOW COLUMNS FROM `check_company` [ RunTime:0.0012s ]
SQL: SELECT * FROM `check_company` WHERE ( code = '10000' )  [ RunTime:0.0003s ]
NOTIC: [2] call_user_func() expects parameter 1 to be a valid callback, no array or string given /Applications/XAMPP/xamppfiles/htdocs/cmforigin/simplewind/Core/Library/Think/Upload.class.php 第 170 行.
NOTIC: [2] call_user_func() expects parameter 1 to be a valid callback, no array or string given /Applications/XAMPP/xamppfiles/htdocs/cmforigin/simplewind/Core/Library/Think/Upload.class.php 第 170 行.
NOTIC: [2] call_user_func() expects parameter 1 to be a valid callback, no array or string given /Applications/XAMPP/xamppfiles/htdocs/cmforigin/simplewind/Core/Library/Think/Upload.class.php 第 170 行.
NOTIC: [2] call_user_func() expects parameter 1 to be a valid callback, no array or string given /Applications/XAMPP/xamppfiles/htdocs/cmforigin/simplewind/Core/Library/Think/Upload.class.php 第 170 行.
NOTIC: [2] call_user_func() expects parameter 1 to be a valid callback, no array or string given /Applications/XAMPP/xamppfiles/htdocs/cmforigin/simplewind/Core/Library/Think/Upload.class.php 第 170 行.
SQL: SHOW COLUMNS FROM `check_product` [ RunTime:0.0016s ]
SQL: UPDATE `check_product` SET `imgbg`='http://127.0.0.1/Uploads/2016-10-11/57fc8278329fc.jpg',`imgone`='http://127.0.0.1/Uploads/2016-10-11/57fc82783325c.jpg',`imgtwo`='http://127.0.0.1/Uploads/2016-10-11/57fc82783349d.jpg',`imgthree`='http://127.0.0.1/Uploads/2016-10-11/57fc827833747.jpg',`imgfour`='http://127.0.0.1/Uploads/2016-10-11/57fc827833ade.jpg',`name`='土豆',`nongyao`='22',`huafei`='22',`guangzhao`='',`qiwen`='',`kindname`='底西瑞',`kindtime`='生长期：110天 原产地：荷兰',`kindintroduction`='植株半直立，分枝少，株高55-60厘米，分枝4-5个，叶片小而坚实。侧小叶4-5对，叶色灰绿，生长势强，茎粗壯，有明显的棕红色。花冠紫红色，花粉多，天然果较多，结薯集中4-5块，薯块大，生育期105-110天。产量一般亩产1700公斤，最高亩产2500-3000公斤。' WHERE ( companycode = '10000' and productcode = '2048' ) [ RunTime:0.0023s ]

[ 2016-10-11T14:11:05+08:00 ] 127.0.0.1 /index.php?g=&m=AdminPage&a=index
NOTIC: D方法实例化没找到模型类Common\Model\PostsModel

[ 2016-10-11T14:11:25+08:00 ] 127.0.0.1 /index.php?g=&m=AdminPage&a=edit&id=100001003
NOTIC: D方法实例化没找到模型类Common\Model\PostsModel

[ 2016-10-11T14:12:31+08:00 ] 127.0.0.1 /index.php?g=&m=AdminPage&a=index
NOTIC: D方法实例化没找到模型类Common\Model\PostsModel

[ 2016-10-11T14:12:33+08:00 ] 127.0.0.1 /index.php?g=&m=AdminPage&a=edit&id=100001003
NOTIC: D方法实例化没找到模型类Common\Model\PostsModel

[ 2016-10-11T14:13:48+08:00 ] 127.0.0.1 /index.php?g=&m=AdminPage&a=edit_post
INFO: [ app_begin ] --START--
INFO: Run Behavior\ReadHtmlCacheBehavior [ RunTime:0.000822s ]
INFO: Run Behavior\CheckLangBehavior [ RunTime:0.001429s ]
INFO: [ app_begin ] --END-- [ RunTime:0.002974s ]
SQL: SHOW COLUMNS FROM `check_users` [ RunTime:0.0046s ]
SQL: SELECT * FROM `check_users` WHERE ( id=3 ) LIMIT 1   [ RunTime:0.0008s ]
SQL: SHOW COLUMNS FROM `check_role_user` [ RunTime:0.0017s ]
SQL: SELECT `role_id` FROM check_role_user a INNER JOIN check_role as b on a.role_id =b.id  WHERE `user_id` = '3' AND `status` = 1  [ RunTime:0.0007s ]
SQL: SHOW COLUMNS FROM `check_auth_access` [ RunTime:0.0018s ]
SQL: SELECT * FROM check_auth_access a INNER JOIN check_auth_rule as b on a.rule_name =b.name  WHERE a.role_id IN ('3') AND b.name IN ('portal/adminpage/edit_post')  [ RunTime:0.0008s ]
NOTIC: D方法实例化没找到模型类Common\Model\PostsModel
SQL: SHOW COLUMNS FROM `check_posts` [ RunTime:0.0047s ]
SQL: SHOW COLUMNS FROM `check_company` [ RunTime:0.0020s ]
SQL: SELECT * FROM `check_company` WHERE ( code = '10000' )  [ RunTime:0.0003s ]
NOTIC: [2] call_user_func() expects parameter 1 to be a valid callback, no array or string given /Applications/XAMPP/xamppfiles/htdocs/cmforigin/simplewind/Core/Library/Think/Upload.class.php 第 170 行.
NOTIC: [2] call_user_func() expects parameter 1 to be a valid callback, no array or string given /Applications/XAMPP/xamppfiles/htdocs/cmforigin/simplewind/Core/Library/Think/Upload.class.php 第 170 行.
NOTIC: [2] call_user_func() expects parameter 1 to be a valid callback, no array or string given /Applications/XAMPP/xamppfiles/htdocs/cmforigin/simplewind/Core/Library/Think/Upload.class.php 第 170 行.
NOTIC: [2] call_user_func() expects parameter 1 to be a valid callback, no array or string given /Applications/XAMPP/xamppfiles/htdocs/cmforigin/simplewind/Core/Library/Think/Upload.class.php 第 170 行.
NOTIC: [8] Undefined index: imgbg /Applications/XAMPP/xamppfiles/htdocs/cmforigin/application/Portal/Controller/AdminPageController.class.php 第 217 行.
NOTIC: [8] Undefined index: imgbg /Applications/XAMPP/xamppfiles/htdocs/cmforigin/application/Portal/Controller/AdminPageController.class.php 第 217 行.
SQL: SHOW COLUMNS FROM `check_product` [ RunTime:0.0016s ]
SQL: UPDATE `check_product` SET `imgbg`='http://127.0.0.1/Uploads/',`imgone`='http://127.0.0.1/Uploads/2016-10-11/57fc831c222c7.jpg',`imgtwo`='http://127.0.0.1/Uploads/2016-10-11/57fc831c228ba.jpg',`imgthree`='http://127.0.0.1/Uploads/2016-10-11/57fc831c22b93.jpg',`imgfour`='http://127.0.0.1/Uploads/2016-10-11/57fc831c22f23.jpg',`name`='西瓜',`nongyao`='nongyao',`huafei`='huafei',`guangzhao`='gongzhao',`qiwen`='qiwen',`kindname`='早佳8424',`kindtime`='产地:东台',`kindintroduction`='早佳8424，开花至果实成熟28至45天左右，生长势中等，座果性好。果实圆形，绿皮上覆墨绿窄条带，外形美观，红瓤，质脆口感极佳，中心含糖11-12度。耐贮运。合理密植，，适于双蔓整枝或三蔓整枝，喜肥沃土壤，适度灌溉。适于早熟地膜覆盖及露地栽培，花期遇雨应进行人工辅助授粉，九成熟时采收为宜。上市时间4月中旬至10月上旬。适宜各地栽培，极适合长江流域栽培。采瓜前3天不宜浇水，以防裂瓜和降低糖度，并请参考当地栽培习惯。' WHERE ( companycode = '10000' and productcode = '1003' ) [ RunTime:0.0023s ]

[ 2016-10-11T14:13:50+08:00 ] 127.0.0.1 /index.php?g=&m=AdminPage&a=index
NOTIC: D方法实例化没找到模型类Common\Model\PostsModel

[ 2016-10-11T14:15:10+08:00 ] 127.0.0.1 /index.php?g=&m=AdminPage&a=edit&id=100001003
NOTIC: D方法实例化没找到模型类Common\Model\PostsModel

[ 2016-10-11T14:15:23+08:00 ] 127.0.0.1 /index.php?g=&m=AdminPage&a=edit_post
INFO: [ app_begin ] --START--
INFO: Run Behavior\ReadHtmlCacheBehavior [ RunTime:0.000364s ]
INFO: Run Behavior\CheckLangBehavior [ RunTime:0.000432s ]
INFO: [ app_begin ] --END-- [ RunTime:0.001203s ]
SQL: SHOW COLUMNS FROM `check_users` [ RunTime:0.0014s ]
SQL: SELECT * FROM `check_users` WHERE ( id=3 ) LIMIT 1   [ RunTime:0.0003s ]
SQL: SHOW COLUMNS FROM `check_role_user` [ RunTime:0.0011s ]
SQL: SELECT `role_id` FROM check_role_user a INNER JOIN check_role as b on a.role_id =b.id  WHERE `user_id` = '3' AND `status` = 1  [ RunTime:0.0003s ]
SQL: SHOW COLUMNS FROM `check_auth_access` [ RunTime:0.0019s ]
SQL: SELECT * FROM check_auth_access a INNER JOIN check_auth_rule as b on a.rule_name =b.name  WHERE a.role_id IN ('3') AND b.name IN ('portal/adminpage/edit_post')  [ RunTime:0.0004s ]
NOTIC: D方法实例化没找到模型类Common\Model\PostsModel
SQL: SHOW COLUMNS FROM `check_posts` [ RunTime:0.0014s ]
SQL: SHOW COLUMNS FROM `check_company` [ RunTime:0.0015s ]
SQL: SELECT * FROM `check_company` WHERE ( code = '10000' )  [ RunTime:0.0003s ]
NOTIC: [2] call_user_func() expects parameter 1 to be a valid callback, no array or string given /Applications/XAMPP/xamppfiles/htdocs/cmforigin/simplewind/Core/Library/Think/Upload.class.php 第 170 行.
NOTIC: [8] Undefined index: imgone /Applications/XAMPP/xamppfiles/htdocs/cmforigin/application/Portal/Controller/AdminPageController.class.php 第 218 行.
NOTIC: [8] Undefined index: imgone /Applications/XAMPP/xamppfiles/htdocs/cmforigin/application/Portal/Controller/AdminPageController.class.php 第 218 行.
NOTIC: [8] Undefined index: imgtwo /Applications/XAMPP/xamppfiles/htdocs/cmforigin/application/Portal/Controller/AdminPageController.class.php 第 219 行.
NOTIC: [8] Undefined index: imgtwo /Applications/XAMPP/xamppfiles/htdocs/cmforigin/application/Portal/Controller/AdminPageController.class.php 第 219 行.
NOTIC: [8] Undefined index: imgthree /Applications/XAMPP/xamppfiles/htdocs/cmforigin/application/Portal/Controller/AdminPageController.class.php 第 220 行.
NOTIC: [8] Undefined index: imgthree /Applications/XAMPP/xamppfiles/htdocs/cmforigin/application/Portal/Controller/AdminPageController.class.php 第 220 行.
NOTIC: [8] Undefined index: imgfour /Applications/XAMPP/xamppfiles/htdocs/cmforigin/application/Portal/Controller/AdminPageController.class.php 第 221 行.
NOTIC: [8] Undefined index: imgfour /Applications/XAMPP/xamppfiles/htdocs/cmforigin/application/Portal/Controller/AdminPageController.class.php 第 221 行.
SQL: SHOW COLUMNS FROM `check_product` [ RunTime:0.0014s ]
SQL: UPDATE `check_product` SET `imgbg`='http://127.0.0.1/Uploads/2016-10-11/57fc837b70c6c.jpg',`imgone`='http://127.0.0.1/Uploads/',`imgtwo`='http://127.0.0.1/Uploads/',`imgthree`='http://127.0.0.1/Uploads/',`imgfour`='http://127.0.0.1/Uploads/',`name`='西瓜',`nongyao`='nongyao',`huafei`='huafei',`guangzhao`='gongzhao',`qiwen`='qiwen',`kindname`='早佳8424',`kindtime`='产地:东台',`kindintroduction`='早佳8424，开花至果实成熟28至45天左右，生长势中等，座果性好。果实圆形，绿皮上覆墨绿窄条带，外形美观，红瓤，质脆口感极佳，中心含糖11-12度。耐贮运。合理密植，，适于双蔓整枝或三蔓整枝，喜肥沃土壤，适度灌溉。适于早熟地膜覆盖及露地栽培，花期遇雨应进行人工辅助授粉，九成熟时采收为宜。上市时间4月中旬至10月上旬。适宜各地栽培，极适合长江流域栽培。采瓜前3天不宜浇水，以防裂瓜和降低糖度，并请参考当地栽培习惯。' WHERE ( companycode = '10000' and productcode = '1003' ) [ RunTime:0.0047s ]

[ 2016-10-11T14:15:24+08:00 ] 127.0.0.1 /index.php?g=&m=AdminPage&a=index
NOTIC: D方法实例化没找到模型类Common\Model\PostsModel

[ 2016-10-11T14:17:38+08:00 ] 127.0.0.1 /index.php?g=&m=AdminPage&a=edit&id=100001003
NOTIC: D方法实例化没找到模型类Common\Model\PostsModel

[ 2016-10-11T14:17:44+08:00 ] 127.0.0.1 /index.php?g=&m=AdminPage&a=edit_post
INFO: [ app_begin ] --START--
INFO: Run Behavior\ReadHtmlCacheBehavior [ RunTime:0.000960s ]
INFO: Run Behavior\CheckLangBehavior [ RunTime:0.001123s ]
INFO: [ app_begin ] --END-- [ RunTime:0.002640s ]
SQL: SHOW COLUMNS FROM `check_users` [ RunTime:0.0029s ]
SQL: SELECT * FROM `check_users` WHERE ( id=3 ) LIMIT 1   [ RunTime:0.0006s ]
SQL: SHOW COLUMNS FROM `check_role_user` [ RunTime:0.0014s ]
SQL: SELECT `role_id` FROM check_role_user a INNER JOIN check_role as b on a.role_id =b.id  WHERE `user_id` = '3' AND `status` = 1  [ RunTime:0.0003s ]
SQL: SHOW COLUMNS FROM `check_auth_access` [ RunTime:0.0014s ]
SQL: SELECT * FROM check_auth_access a INNER JOIN check_auth_rule as b on a.rule_name =b.name  WHERE a.role_id IN ('3') AND b.name IN ('portal/adminpage/edit_post')  [ RunTime:0.0005s ]
NOTIC: D方法实例化没找到模型类Common\Model\PostsModel
SQL: SHOW COLUMNS FROM `check_posts` [ RunTime:0.0014s ]
SQL: SHOW COLUMNS FROM `check_company` [ RunTime:0.0012s ]
SQL: SELECT * FROM `check_company` WHERE ( code = '10000' )  [ RunTime:0.0003s ]
NOTIC: [2] call_user_func() expects parameter 1 to be a valid callback, no array or string given /Applications/XAMPP/xamppfiles/htdocs/cmforigin/simplewind/Core/Library/Think/Upload.class.php 第 170 行.
NOTIC: [8] Undefined index: imgbg /Applications/XAMPP/xamppfiles/htdocs/cmforigin/application/Portal/Controller/AdminPageController.class.php 第 216 行.
NOTIC: [8] Undefined index: imgtwo /Applications/XAMPP/xamppfiles/htdocs/cmforigin/application/Portal/Controller/AdminPageController.class.php 第 220 行.
NOTIC: [8] Undefined index: imgthree /Applications/XAMPP/xamppfiles/htdocs/cmforigin/application/Portal/Controller/AdminPageController.class.php 第 222 行.
NOTIC: [8] Undefined index: imgfour /Applications/XAMPP/xamppfiles/htdocs/cmforigin/application/Portal/Controller/AdminPageController.class.php 第 224 行.
SQL: SHOW COLUMNS FROM `check_product` [ RunTime:0.0022s ]
SQL: UPDATE `check_product` SET `imgone`='http://127.0.0.1/Uploads/2016-10-11/57fc840875ce3.jpg',`name`='西瓜',`nongyao`='nongyao',`huafei`='huafei',`guangzhao`='gongzhao',`qiwen`='qiwen',`kindname`='早佳8424',`kindtime`='产地:东台',`kindintroduction`='早佳8424，开花至果实成熟28至45天左右，生长势中等，座果性好。果实圆形，绿皮上覆墨绿窄条带，外形美观，红瓤，质脆口感极佳，中心含糖11-12度。耐贮运。合理密植，，适于双蔓整枝或三蔓整枝，喜肥沃土壤，适度灌溉。适于早熟地膜覆盖及露地栽培，花期遇雨应进行人工辅助授粉，九成熟时采收为宜。上市时间4月中旬至10月上旬。适宜各地栽培，极适合长江流域栽培。采瓜前3天不宜浇水，以防裂瓜和降低糖度，并请参考当地栽培习惯。' WHERE ( companycode = '10000' and productcode = '1003' ) [ RunTime:0.0014s ]

[ 2016-10-11T14:17:46+08:00 ] 127.0.0.1 /index.php?g=&m=AdminPage&a=index
NOTIC: D方法实例化没找到模型类Common\Model\PostsModel

[ 2016-10-11T14:17:51+08:00 ] 127.0.0.1 /index.php?g=&m=AdminPage&a=edit&id=100001003
NOTIC: D方法实例化没找到模型类Common\Model\PostsModel

[ 2016-10-11T14:18:05+08:00 ] 127.0.0.1 /index.php?g=&m=AdminPage&a=edit_post
INFO: [ app_begin ] --START--
INFO: Run Behavior\ReadHtmlCacheBehavior [ RunTime:0.001111s ]
INFO: Run Behavior\CheckLangBehavior [ RunTime:0.002801s ]
INFO: [ app_begin ] --END-- [ RunTime:0.004919s ]
SQL: SHOW COLUMNS FROM `check_users` [ RunTime:0.0017s ]
SQL: SELECT * FROM `check_users` WHERE ( id=3 ) LIMIT 1   [ RunTime:0.0006s ]
SQL: SHOW COLUMNS FROM `check_role_user` [ RunTime:0.0014s ]
SQL: SELECT `role_id` FROM check_role_user a INNER JOIN check_role as b on a.role_id =b.id  WHERE `user_id` = '3' AND `status` = 1  [ RunTime:0.0006s ]
SQL: SHOW COLUMNS FROM `check_auth_access` [ RunTime:0.0011s ]
SQL: SELECT * FROM check_auth_access a INNER JOIN check_auth_rule as b on a.rule_name =b.name  WHERE a.role_id IN ('3') AND b.name IN ('portal/adminpage/edit_post')  [ RunTime:0.0007s ]
NOTIC: D方法实例化没找到模型类Common\Model\PostsModel
SQL: SHOW COLUMNS FROM `check_posts` [ RunTime:0.0016s ]
SQL: SHOW COLUMNS FROM `check_company` [ RunTime:0.0012s ]
SQL: SELECT * FROM `check_company` WHERE ( code = '10000' )  [ RunTime:0.0003s ]
NOTIC: [2] call_user_func() expects parameter 1 to be a valid callback, no array or string given /Applications/XAMPP/xamppfiles/htdocs/cmforigin/simplewind/Core/Library/Think/Upload.class.php 第 170 行.
NOTIC: [2] call_user_func() expects parameter 1 to be a valid callback, no array or string given /Applications/XAMPP/xamppfiles/htdocs/cmforigin/simplewind/Core/Library/Think/Upload.class.php 第 170 行.
NOTIC: [2] call_user_func() expects parameter 1 to be a valid callback, no array or string given /Applications/XAMPP/xamppfiles/htdocs/cmforigin/simplewind/Core/Library/Think/Upload.class.php 第 170 行.
NOTIC: [8] Undefined index: imgbg /Applications/XAMPP/xamppfiles/htdocs/cmforigin/application/Portal/Controller/AdminPageController.class.php 第 216 行.
NOTIC: [8] Undefined index: imgone /Applications/XAMPP/xamppfiles/htdocs/cmforigin/application/Portal/Controller/AdminPageController.class.php 第 218 行.
SQL: SHOW COLUMNS FROM `check_product` [ RunTime:0.0012s ]
SQL: UPDATE `check_product` SET `imgtwo`='http://127.0.0.1/Uploads/2016-10-11/57fc841dd438c.jpg',`imgthree`='http://127.0.0.1/Uploads/2016-10-11/57fc841dd45be.jpg',`imgfour`='http://127.0.0.1/Uploads/2016-10-11/57fc841dd4785.jpg',`name`='西瓜',`nongyao`='nongyao',`huafei`='huafei',`guangzhao`='gongzhao',`qiwen`='qiwen',`kindname`='早佳8424',`kindtime`='产地:东台',`kindintroduction`='早佳8424，开花至果实成熟28至45天左右，生长势中等，座果性好。果实圆形，绿皮上覆墨绿窄条带，外形美观，红瓤，质脆口感极佳，中心含糖11-12度。耐贮运。合理密植，，适于双蔓整枝或三蔓整枝，喜肥沃土壤，适度灌溉。适于早熟地膜覆盖及露地栽培，花期遇雨应进行人工辅助授粉，九成熟时采收为宜。上市时间4月中旬至10月上旬。适宜各地栽培，极适合长江流域栽培。采瓜前3天不宜浇水，以防裂瓜和降低糖度，并请参考当地栽培习惯。' WHERE ( companycode = '10000' and productcode = '1003' ) [ RunTime:0.0031s ]

[ 2016-10-11T14:18:07+08:00 ] 127.0.0.1 /index.php?g=&m=AdminPage&a=index
NOTIC: D方法实例化没找到模型类Common\Model\PostsModel

[ 2016-10-11T14:25:14+08:00 ] 127.0.0.1 /index.php?g=Portal&m=AdminPage&a=index&menuid=25
NOTIC: D方法实例化没找到模型类Common\Model\PostsModel

[ 2016-10-11T14:25:57+08:00 ] 127.0.0.1 /index.php/Portal/AdminPage/qrcode
NOTIC: D方法实例化没找到模型类Common\Model\PostsModel

[ 2016-10-11T14:27:03+08:00 ] 127.0.0.1 /index.php?g=Portal&m=AdminPage&a=qrcode&menuid=164
NOTIC: D方法实例化没找到模型类Common\Model\PostsModel

[ 2016-10-11T14:27:05+08:00 ] 127.0.0.1 /index.php?g=Portal&m=AdminPage&a=index&menuid=25
NOTIC: D方法实例化没找到模型类Common\Model\PostsModel

[ 2016-10-11T14:27:13+08:00 ] 127.0.0.1 /index.php?g=Portal&m=AdminPage&a=index&menuid=25
NOTIC: D方法实例化没找到模型类Common\Model\PostsModel

[ 2016-10-11T14:27:13+08:00 ] 127.0.0.1 /index.php?g=Portal&m=AdminPage&a=qrcode&menuid=164
NOTIC: D方法实例化没找到模型类Common\Model\PostsModel

[ 2016-10-11T14:27:15+08:00 ] 127.0.0.1 /index.php?g=Portal&m=AdminPage&a=index&menuid=25
NOTIC: D方法实例化没找到模型类Common\Model\PostsModel

[ 2016-10-11T14:28:07+08:00 ] 127.0.0.1 /index.php?g=Portal&m=AdminPage&a=index&menuid=25
NOTIC: D方法实例化没找到模型类Common\Model\PostsModel

[ 2016-10-11T14:28:29+08:00 ] 127.0.0.1 /index.php?g=Portal&m=AdminPage&a=qrcode&menuid=164
NOTIC: D方法实例化没找到模型类Common\Model\PostsModel

[ 2016-10-11T14:28:37+08:00 ] 127.0.0.1 /index.php?g=Portal&m=AdminPage&a=qrcode&menuid=164
NOTIC: D方法实例化没找到模型类Common\Model\PostsModel

[ 2016-10-11T14:28:42+08:00 ] 127.0.0.1 /index.php?g=Portal&m=AdminPage&a=qrcode&menuid=164
NOTIC: D方法实例化没找到模型类Common\Model\PostsModel

[ 2016-10-11T14:28:43+08:00 ] 127.0.0.1 /index.php?g=Portal&m=AdminPage&a=index&menuid=25
NOTIC: D方法实例化没找到模型类Common\Model\PostsModel

[ 2016-10-11T14:30:25+08:00 ] 127.0.0.1 /index.php?g=Portal&m=AdminPage&a=index&menuid=25
NOTIC: D方法实例化没找到模型类Common\Model\PostsModel

[ 2016-10-11T14:30:26+08:00 ] 127.0.0.1 /index.php?g=Portal&m=AdminPage&a=qrcode&menuid=164
NOTIC: D方法实例化没找到模型类Common\Model\PostsModel

[ 2016-10-11T14:30:27+08:00 ] 127.0.0.1 /index.php?g=Portal&m=AdminPage&a=qrcode&menuid=164
NOTIC: D方法实例化没找到模型类Common\Model\PostsModel

[ 2016-10-11T14:30:29+08:00 ] 127.0.0.1 /index.php?g=Portal&m=AdminPage&a=index&menuid=25
NOTIC: D方法实例化没找到模型类Common\Model\PostsModel

[ 2016-10-11T14:30:29+08:00 ] 127.0.0.1 /index.php?g=Portal&m=AdminPage&a=companyinfo&menuid=162
NOTIC: D方法实例化没找到模型类Common\Model\PostsModel

[ 2016-10-11T14:30:30+08:00 ] 127.0.0.1 /index.php?g=Portal&m=AdminPage&a=index&menuid=25
NOTIC: D方法实例化没找到模型类Common\Model\PostsModel

[ 2016-10-11T14:30:33+08:00 ] 127.0.0.1 /index.php?g=Portal&m=AdminPage&a=companyinfo&menuid=162
NOTIC: D方法实例化没找到模型类Common\Model\PostsModel

[ 2016-10-11T14:30:35+08:00 ] 127.0.0.1 /index.php?g=Portal&m=AdminPage&a=index&menuid=25
NOTIC: D方法实例化没找到模型类Common\Model\PostsModel

[ 2016-10-11T14:30:36+08:00 ] 127.0.0.1 /index.php?g=Portal&m=AdminPage&a=qrcode&menuid=164
NOTIC: D方法实例化没找到模型类Common\Model\PostsModel

[ 2016-10-11T14:30:37+08:00 ] 127.0.0.1 /index.php?g=Portal&m=AdminPage&a=index&menuid=25
NOTIC: D方法实例化没找到模型类Common\Model\PostsModel

[ 2016-10-11T14:40:17+08:00 ] 127.0.0.1 /index.php?g=Portal&m=AdminPage&a=index&menuid=25
NOTIC: D方法实例化没找到模型类Common\Model\PostsModel

