[ 2016-10-18T21:00:48+08:00 ] 127.0.0.1 /index.php/Show/index/comment_index
INFO: [ app_begin ] --START--
INFO: Run Behavior\ReadHtmlCacheBehavior [ RunTime:0.000584s ]
INFO: Run Behavior\CheckLangBehavior [ RunTime:0.000790s ]
INFO: [ app_begin ] --END-- [ RunTime:0.001778s ]
SQL: SHOW COLUMNS FROM `check_comment` [ RunTime:0.0166s ]
SQL: SELECT * FROM `check_comment` WHERE ( companycode = '10000' and productcode = '2048' ) LIMIT 1   [ RunTime:0.0012s ]
NOTIC: [8] Undefined index: url C:\xampp\htdocs\cmforigin\application\Common\Controller\AppframeController.class.php 第 24 行.
NOTIC: [8] Undefined index: status C:\xampp\htdocs\cmforigin\application\Common\Controller\AppframeController.class.php 第 25 行.

[ 2016-10-18T21:02:16+08:00 ] 127.0.0.1 /index.php/Show/index/star?id=100002048&level=2
INFO: [ app_begin ] --START--
INFO: Run Behavior\ReadHtmlCacheBehavior [ RunTime:0.000655s ]
INFO: Run Behavior\CheckLangBehavior [ RunTime:0.000959s ]
INFO: [ app_begin ] --END-- [ RunTime:0.001989s ]
NOTIC: [8] Undefined index: HTTP_X_REAL_IP C:\xampp\htdocs\cmforigin\application\Common\Common\function.php 第 20 行.
SQL: SHOW COLUMNS FROM `check_commentstar` [ RunTime:0.0113s ]
SQL: SELECT * FROM `check_commentstar` WHERE ( ip = '127.0.0.1' and productcode = '2048' and companycode ='10000' ) LIMIT 1   [ RunTime:0.0002s ]
SQL: UPDATE `check_commentstar` SET `level`='2' WHERE ( ip = '127.0.0.1' and productcode = '2048' and companycode ='10000' ) [ RunTime:0.0077s ]
INFO: [ app_end ] --START--
INFO: Run Behavior\ShowPageTraceBehavior [ RunTime:0.000780s ]
INFO: [ app_end ] --END-- [ RunTime:0.000827s ]

[ 2016-10-18T21:02:17+08:00 ] 127.0.0.1 /index.php/Show/index/comment_index
INFO: [ app_begin ] --START--
INFO: Run Behavior\ReadHtmlCacheBehavior [ RunTime:0.000862s ]
INFO: Run Behavior\CheckLangBehavior [ RunTime:0.001419s ]
INFO: [ app_begin ] --END-- [ RunTime:0.002777s ]
SQL: SHOW COLUMNS FROM `check_comment` [ RunTime:0.0039s ]
SQL: SELECT * FROM `check_comment` WHERE ( companycode = '10000' and productcode = '2048' ) LIMIT 1   [ RunTime:0.0003s ]
SQL: SELECT * FROM `check_comment` WHERE ( companycode = '10000' and productcode = '2048' ) LIMIT 0,5   [ RunTime:0.0002s ]
NOTIC: [8] Undefined index: url C:\xampp\htdocs\cmforigin\application\Common\Controller\AppframeController.class.php 第 24 行.
NOTIC: [8] Undefined index: status C:\xampp\htdocs\cmforigin\application\Common\Controller\AppframeController.class.php 第 25 行.

[ 2016-10-18T21:03:32+08:00 ] 127.0.0.1 /index.php/Show/index/comment_index
INFO: [ app_begin ] --START--
INFO: Run Behavior\ReadHtmlCacheBehavior [ RunTime:0.000619s ]
INFO: Run Behavior\CheckLangBehavior [ RunTime:0.000930s ]
INFO: [ app_begin ] --END-- [ RunTime:0.001953s ]
SQL: SHOW COLUMNS FROM `check_comment` [ RunTime:0.0111s ]
SQL: SELECT * FROM `check_comment` WHERE ( companycode = '10000' and productcode = '2048' ) LIMIT 1   [ RunTime:0.0002s ]
SQL: SELECT * FROM `check_comment` WHERE ( companycode = '10000' and productcode = '2048' ) LIMIT 0,5   [ RunTime:0.0002s ]
NOTIC: [8] Undefined index: url C:\xampp\htdocs\cmforigin\application\Common\Controller\AppframeController.class.php 第 24 行.
NOTIC: [8] Undefined index: status C:\xampp\htdocs\cmforigin\application\Common\Controller\AppframeController.class.php 第 25 行.

[ 2016-10-18T21:04:31+08:00 ] 127.0.0.1 /index.php/Show/index/comment_index
INFO: [ app_begin ] --START--
INFO: Run Behavior\ReadHtmlCacheBehavior [ RunTime:0.000926s ]
INFO: Run Behavior\CheckLangBehavior [ RunTime:0.000939s ]
INFO: [ app_begin ] --END-- [ RunTime:0.002556s ]
SQL: SHOW COLUMNS FROM `check_comment` [ RunTime:0.0120s ]
SQL: SELECT * FROM `check_comment` WHERE ( companycode = '10000' and productcode = '2048' ) LIMIT 1   [ RunTime:0.0004s ]
SQL: SELECT * FROM `check_comment` WHERE ( companycode = '10000' and productcode = '2048' ) LIMIT 0,5   [ RunTime:0.0002s ]
NOTIC: [8] Undefined index: url C:\xampp\htdocs\cmforigin\application\Common\Controller\AppframeController.class.php 第 24 行.
NOTIC: [8] Undefined index: status C:\xampp\htdocs\cmforigin\application\Common\Controller\AppframeController.class.php 第 25 行.

[ 2016-10-18T21:06:06+08:00 ] 127.0.0.1 /index.php/Show/index/comment_index
INFO: [ app_begin ] --START--
INFO: Run Behavior\ReadHtmlCacheBehavior [ RunTime:0.000910s ]
INFO: Run Behavior\CheckLangBehavior [ RunTime:0.001572s ]
INFO: [ app_begin ] --END-- [ RunTime:0.003014s ]
SQL: SHOW COLUMNS FROM `check_comment` [ RunTime:0.0248s ]
SQL: SELECT * FROM `check_comment` WHERE ( companycode = '10000' and productcode = '1004' ) LIMIT 1   [ RunTime:0.0003s ]
NOTIC: [8] Undefined index: url C:\xampp\htdocs\cmforigin\application\Common\Controller\AppframeController.class.php 第 24 行.
NOTIC: [8] Undefined index: status C:\xampp\htdocs\cmforigin\application\Common\Controller\AppframeController.class.php 第 25 行.

[ 2016-10-18T21:06:12+08:00 ] 127.0.0.1 /index.php/Show/index/star?id=100002048&level=5
INFO: [ app_begin ] --START--
INFO: Run Behavior\ReadHtmlCacheBehavior [ RunTime:0.000842s ]
INFO: Run Behavior\CheckLangBehavior [ RunTime:0.001171s ]
INFO: [ app_begin ] --END-- [ RunTime:0.002622s ]
NOTIC: [8] Undefined index: HTTP_X_REAL_IP C:\xampp\htdocs\cmforigin\application\Common\Common\function.php 第 20 行.
SQL: SHOW COLUMNS FROM `check_commentstar` [ RunTime:0.0113s ]
SQL: SELECT * FROM `check_commentstar` WHERE ( ip = '127.0.0.1' and productcode = '2048' and companycode ='10000' ) LIMIT 1   [ RunTime:0.0003s ]
SQL: UPDATE `check_commentstar` SET `level`='5' WHERE ( ip = '127.0.0.1' and productcode = '2048' and companycode ='10000' ) [ RunTime:0.0066s ]
INFO: [ app_end ] --START--
INFO: Run Behavior\ShowPageTraceBehavior [ RunTime:0.000713s ]
INFO: [ app_end ] --END-- [ RunTime:0.000757s ]

[ 2016-10-18T21:06:13+08:00 ] 127.0.0.1 /index.php/Show/index/comment_index
INFO: [ app_begin ] --START--
INFO: Run Behavior\ReadHtmlCacheBehavior [ RunTime:0.000428s ]
INFO: Run Behavior\CheckLangBehavior [ RunTime:0.000588s ]
INFO: [ app_begin ] --END-- [ RunTime:0.001322s ]
SQL: SHOW COLUMNS FROM `check_comment` [ RunTime:0.0033s ]
SQL: SELECT * FROM `check_comment` WHERE ( companycode = '10000' and productcode = '2048' ) LIMIT 1   [ RunTime:0.0003s ]
SQL: SELECT * FROM `check_comment` WHERE ( companycode = '10000' and productcode = '2048' ) LIMIT 0,5   [ RunTime:0.0002s ]
NOTIC: [8] Undefined index: url C:\xampp\htdocs\cmforigin\application\Common\Controller\AppframeController.class.php 第 24 行.
NOTIC: [8] Undefined index: status C:\xampp\htdocs\cmforigin\application\Common\Controller\AppframeController.class.php 第 25 行.

[ 2016-10-18T21:17:44+08:00 ] 127.0.0.1 /index.php/Show/index/comment_index
INFO: [ app_begin ] --START--
INFO: Run Behavior\ReadHtmlCacheBehavior [ RunTime:0.000793s ]
INFO: Run Behavior\CheckLangBehavior [ RunTime:0.001114s ]
INFO: [ app_begin ] --END-- [ RunTime:0.002403s ]
SQL: SHOW COLUMNS FROM `check_comment` [ RunTime:0.0118s ]
SQL: SELECT * FROM `check_comment` WHERE ( companycode = '10000' and productcode = '2048' ) LIMIT 1   [ RunTime:0.0002s ]
SQL: SELECT * FROM `check_comment` WHERE ( companycode = '10000' and productcode = '2048' ) LIMIT 0,5   [ RunTime:0.0002s ]
NOTIC: [8] Undefined index: url C:\xampp\htdocs\cmforigin\application\Common\Controller\AppframeController.class.php 第 24 行.
NOTIC: [8] Undefined index: status C:\xampp\htdocs\cmforigin\application\Common\Controller\AppframeController.class.php 第 25 行.

[ 2016-10-18T21:23:07+08:00 ] 127.0.0.1 /index.php/Show/index/comment_index
INFO: [ app_begin ] --START--
INFO: Run Behavior\ReadHtmlCacheBehavior [ RunTime:0.000665s ]
INFO: Run Behavior\CheckLangBehavior [ RunTime:0.000960s ]
INFO: [ app_begin ] --END-- [ RunTime:0.001991s ]
SQL: SHOW COLUMNS FROM `check_comment` [ RunTime:0.0118s ]
SQL: SELECT * FROM `check_comment` WHERE ( companycode = '10000' and productcode = '2048' ) LIMIT 1   [ RunTime:0.0002s ]
SQL: SELECT * FROM `check_comment` WHERE ( companycode = '10000' and productcode = '2048' ) LIMIT 0,5   [ RunTime:0.0002s ]
NOTIC: [8] Undefined index: url C:\xampp\htdocs\cmforigin\application\Common\Controller\AppframeController.class.php 第 24 行.
NOTIC: [8] Undefined index: status C:\xampp\htdocs\cmforigin\application\Common\Controller\AppframeController.class.php 第 25 行.

[ 2016-10-18T21:24:16+08:00 ] 127.0.0.1 /index.php/Show/index/comment_index
INFO: [ app_begin ] --START--
INFO: Run Behavior\ReadHtmlCacheBehavior [ RunTime:0.000577s ]
INFO: Run Behavior\CheckLangBehavior [ RunTime:0.000769s ]
INFO: [ app_begin ] --END-- [ RunTime:0.001654s ]
SQL: SHOW COLUMNS FROM `check_comment` [ RunTime:0.0116s ]
SQL: SELECT * FROM `check_comment` WHERE ( companycode = '10000' and productcode = '2048' ) LIMIT 1   [ RunTime:0.0003s ]
SQL: SELECT * FROM `check_comment` WHERE ( companycode = '10000' and productcode = '2048' ) LIMIT 0,5   [ RunTime:0.0002s ]
NOTIC: [8] Undefined index: url C:\xampp\htdocs\cmforigin\application\Common\Controller\AppframeController.class.php 第 24 行.
NOTIC: [8] Undefined index: status C:\xampp\htdocs\cmforigin\application\Common\Controller\AppframeController.class.php 第 25 行.

[ 2016-10-18T21:25:20+08:00 ] 127.0.0.1 /index.php/Show/index/comment_index
INFO: [ app_begin ] --START--
INFO: Run Behavior\ReadHtmlCacheBehavior [ RunTime:0.000860s ]
INFO: Run Behavior\CheckLangBehavior [ RunTime:0.001070s ]
INFO: [ app_begin ] --END-- [ RunTime:0.002352s ]
SQL: SHOW COLUMNS FROM `check_comment` [ RunTime:0.0118s ]
SQL: SELECT * FROM `check_comment` WHERE ( companycode = '10000' and productcode = '2048' ) LIMIT 1   [ RunTime:0.0003s ]
SQL: SELECT * FROM `check_comment` WHERE ( companycode = '10000' and productcode = '2048' ) LIMIT 0,5   [ RunTime:0.0002s ]
NOTIC: [8] Undefined index: url C:\xampp\htdocs\cmforigin\application\Common\Controller\AppframeController.class.php 第 24 行.
NOTIC: [8] Undefined index: status C:\xampp\htdocs\cmforigin\application\Common\Controller\AppframeController.class.php 第 25 行.

[ 2016-10-18T21:25:42+08:00 ] 127.0.0.1 /index.php/Show/index/comment_index
INFO: [ app_begin ] --START--
INFO: Run Behavior\ReadHtmlCacheBehavior [ RunTime:0.000561s ]
INFO: Run Behavior\CheckLangBehavior [ RunTime:0.000621s ]
INFO: [ app_begin ] --END-- [ RunTime:0.001538s ]
SQL: SHOW COLUMNS FROM `check_comment` [ RunTime:0.0068s ]
SQL: SELECT * FROM `check_comment` WHERE ( companycode = '10000' and productcode = '2048' ) LIMIT 1   [ RunTime:0.0002s ]
SQL: SELECT * FROM `check_comment` WHERE ( companycode = '10000' and productcode = '2048' ) LIMIT 0,5   [ RunTime:0.0002s ]
NOTIC: [8] Undefined index: url C:\xampp\htdocs\cmforigin\application\Common\Controller\AppframeController.class.php 第 24 行.
NOTIC: [8] Undefined index: status C:\xampp\htdocs\cmforigin\application\Common\Controller\AppframeController.class.php 第 25 行.

[ 2016-10-18T21:26:02+08:00 ] 127.0.0.1 /index.php/Show/index/comment_index
INFO: [ app_begin ] --START--
INFO: Run Behavior\ReadHtmlCacheBehavior [ RunTime:0.000727s ]
INFO: Run Behavior\CheckLangBehavior [ RunTime:0.000974s ]
INFO: [ app_begin ] --END-- [ RunTime:0.002062s ]
SQL: SHOW COLUMNS FROM `check_comment` [ RunTime:0.0123s ]
SQL: SELECT * FROM `check_comment` WHERE ( companycode = '10000' and productcode = '2048' ) LIMIT 1   [ RunTime:0.0004s ]
SQL: SELECT * FROM `check_comment` WHERE ( companycode = '10000' and productcode = '2048' ) LIMIT 0,5   [ RunTime:0.0003s ]
INFO: [ app_end ] --START--
INFO: Run Behavior\ShowPageTraceBehavior [ RunTime:0.000900s ]
INFO: [ app_end ] --END-- [ RunTime:0.000947s ]

[ 2016-10-18T21:26:11+08:00 ] 127.0.0.1 /index.php/Show/index/comment_index
INFO: [ app_begin ] --START--
INFO: Run Behavior\ReadHtmlCacheBehavior [ RunTime:0.000820s ]
INFO: Run Behavior\CheckLangBehavior [ RunTime:0.001095s ]
INFO: [ app_begin ] --END-- [ RunTime:0.002412s ]
SQL: SHOW COLUMNS FROM `check_comment` [ RunTime:0.0114s ]
SQL: SELECT * FROM `check_comment` WHERE ( companycode = '10000' and productcode = '2048' ) LIMIT 1   [ RunTime:0.0004s ]
SQL: SELECT * FROM `check_comment` WHERE ( companycode = '10000' and productcode = '2048' ) LIMIT 0,5   [ RunTime:0.0002s ]
INFO: [ app_end ] --START--
INFO: Run Behavior\ShowPageTraceBehavior [ RunTime:0.000756s ]
INFO: [ app_end ] --END-- [ RunTime:0.000798s ]

[ 2016-10-18T21:27:15+08:00 ] 127.0.0.1 /index.php/Show/index/comment_index
INFO: [ app_begin ] --START--
INFO: Run Behavior\ReadHtmlCacheBehavior [ RunTime:0.000736s ]
INFO: Run Behavior\CheckLangBehavior [ RunTime:0.001066s ]
INFO: [ app_begin ] --END-- [ RunTime:0.002198s ]
SQL: SHOW COLUMNS FROM `check_comment` [ RunTime:0.0116s ]
SQL: SELECT * FROM `check_comment` WHERE ( companycode = '10000' and productcode = '2048' ) LIMIT 1   [ RunTime:0.0003s ]
SQL: SELECT * FROM `check_comment` WHERE ( companycode = '10000' and productcode = '2048' ) LIMIT 0,5   [ RunTime:0.0002s ]
INFO: [ app_end ] --START--
INFO: Run Behavior\ShowPageTraceBehavior [ RunTime:0.000797s ]
INFO: [ app_end ] --END-- [ RunTime:0.000842s ]

[ 2016-10-18T21:27:49+08:00 ] 127.0.0.1 /index.php/Show/index/comment_index
INFO: [ app_begin ] --START--
INFO: Run Behavior\ReadHtmlCacheBehavior [ RunTime:0.000690s ]
INFO: Run Behavior\CheckLangBehavior [ RunTime:0.001141s ]
INFO: [ app_begin ] --END-- [ RunTime:0.002256s ]
SQL: SHOW COLUMNS FROM `check_comment` [ RunTime:0.0185s ]
SQL: SELECT * FROM `check_comment` WHERE ( companycode = '10000' and productcode = '2048' ) LIMIT 1   [ RunTime:0.0003s ]
SQL: SELECT * FROM `check_comment` WHERE ( companycode = '10000' and productcode = '2048' ) LIMIT 0,5   [ RunTime:0.0002s ]
INFO: [ app_end ] --START--
INFO: Run Behavior\ShowPageTraceBehavior [ RunTime:0.001041s ]
INFO: [ app_end ] --END-- [ RunTime:0.001113s ]

[ 2016-10-18T21:28:07+08:00 ] 127.0.0.1 /index.php/Show/index/comment_index
INFO: [ app_begin ] --START--
INFO: Run Behavior\ReadHtmlCacheBehavior [ RunTime:0.000770s ]
INFO: Run Behavior\CheckLangBehavior [ RunTime:0.001230s ]
INFO: [ app_begin ] --END-- [ RunTime:0.002414s ]
SQL: SHOW COLUMNS FROM `check_comment` [ RunTime:0.0124s ]
SQL: SELECT * FROM `check_comment` WHERE ( companycode = '10000' and productcode = '2048' ) LIMIT 1   [ RunTime:0.0003s ]
SQL: SELECT * FROM `check_comment` WHERE ( companycode = '10000' and productcode = '2048' ) LIMIT 0,5   [ RunTime:0.0002s ]
NOTIC: [8] Undefined index: url C:\xampp\htdocs\cmforigin\application\Common\Controller\AppframeController.class.php 第 24 行.
NOTIC: [8] Undefined index: status C:\xampp\htdocs\cmforigin\application\Common\Controller\AppframeController.class.php 第 25 行.

