[ 2016-10-20T11:54:30+08:00 ] 127.0.0.1 /index.php/Show/index/comment_index
INFO: [ app_begin ] --START--
INFO: Run Behavior\ReadHtmlCacheBehavior [ RunTime:0.000612s ]
INFO: Run Behavior\CheckLangBehavior [ RunTime:0.000343s ]
INFO: [ app_begin ] --END-- [ RunTime:0.001481s ]
SQL: SHOW COLUMNS FROM `check_comment` [ RunTime:0.0013s ]
SQL: SELECT * FROM `check_comment` WHERE ( companycode = '10000' and productcode = '2048' ) LIMIT 1   [ RunTime:0.0003s ]
SQL: SELECT * FROM `check_comment` WHERE ( companycode = '10000' and productcode = '2048' ) ORDER BY comment_id desc LIMIT 0,5   [ RunTime:0.0003s ]
NOTIC: [8] Undefined index: url /Applications/XAMPP/xamppfiles/htdocs/cmforigin/application/Common/Controller/AppframeController.class.php 第 24 行.
NOTIC: [8] Undefined index: status /Applications/XAMPP/xamppfiles/htdocs/cmforigin/application/Common/Controller/AppframeController.class.php 第 25 行.

[ 2016-10-20T11:54:33+08:00 ] 127.0.0.1 /index.php/Show/index/comment_index
INFO: [ app_begin ] --START--
INFO: Run Behavior\ReadHtmlCacheBehavior [ RunTime:0.000238s ]
INFO: Run Behavior\CheckLangBehavior [ RunTime:0.000254s ]
INFO: [ app_begin ] --END-- [ RunTime:0.000681s ]
SQL: SHOW COLUMNS FROM `check_comment` [ RunTime:0.0096s ]
SQL: SELECT * FROM `check_comment` WHERE ( companycode = '10000' and productcode = '2048' ) LIMIT 1   [ RunTime:0.0004s ]
SQL: SELECT * FROM `check_comment` WHERE ( companycode = '10000' and productcode = '2048' ) ORDER BY comment_id desc LIMIT 5,5   [ RunTime:0.0003s ]
NOTIC: [8] Undefined index: url /Applications/XAMPP/xamppfiles/htdocs/cmforigin/application/Common/Controller/AppframeController.class.php 第 24 行.
NOTIC: [8] Undefined index: status /Applications/XAMPP/xamppfiles/htdocs/cmforigin/application/Common/Controller/AppframeController.class.php 第 25 行.

[ 2016-10-20T11:54:34+08:00 ] 127.0.0.1 /index.php/Show/index/comment_index
INFO: [ app_begin ] --START--
INFO: Run Behavior\ReadHtmlCacheBehavior [ RunTime:0.000463s ]
INFO: Run Behavior\CheckLangBehavior [ RunTime:0.000431s ]
INFO: [ app_begin ] --END-- [ RunTime:0.001267s ]
SQL: SHOW COLUMNS FROM `check_comment` [ RunTime:0.0099s ]
SQL: SELECT * FROM `check_comment` WHERE ( companycode = '10000' and productcode = '2048' ) LIMIT 1   [ RunTime:0.0004s ]
SQL: SELECT * FROM `check_comment` WHERE ( companycode = '10000' and productcode = '2048' ) ORDER BY comment_id desc LIMIT 10,5   [ RunTime:0.0004s ]
NOTIC: [8] Undefined index: url /Applications/XAMPP/xamppfiles/htdocs/cmforigin/application/Common/Controller/AppframeController.class.php 第 24 行.
NOTIC: [8] Undefined index: status /Applications/XAMPP/xamppfiles/htdocs/cmforigin/application/Common/Controller/AppframeController.class.php 第 25 行.

[ 2016-10-20T11:54:39+08:00 ] 127.0.0.1 /index.php/Show/index/comment_index
INFO: [ app_begin ] --START--
INFO: Run Behavior\ReadHtmlCacheBehavior [ RunTime:0.000525s ]
INFO: Run Behavior\CheckLangBehavior [ RunTime:0.000596s ]
INFO: [ app_begin ] --END-- [ RunTime:0.001500s ]
SQL: SHOW COLUMNS FROM `check_comment` [ RunTime:0.0097s ]
SQL: SELECT * FROM `check_comment` WHERE ( companycode = '10000' and productcode = '2048' ) LIMIT 1   [ RunTime:0.0005s ]
SQL: SELECT * FROM `check_comment` WHERE ( companycode = '10000' and productcode = '2048' ) ORDER BY comment_id desc LIMIT 15,5   [ RunTime:0.0004s ]
NOTIC: [8] Undefined index: url /Applications/XAMPP/xamppfiles/htdocs/cmforigin/application/Common/Controller/AppframeController.class.php 第 24 行.
NOTIC: [8] Undefined index: status /Applications/XAMPP/xamppfiles/htdocs/cmforigin/application/Common/Controller/AppframeController.class.php 第 25 行.

[ 2016-10-20T11:56:39+08:00 ] 127.0.0.1 /index.php/Show/index/comment_index
INFO: [ app_begin ] --START--
INFO: Run Behavior\ReadHtmlCacheBehavior [ RunTime:0.000879s ]
INFO: Run Behavior\CheckLangBehavior [ RunTime:0.001645s ]
INFO: [ app_begin ] --END-- [ RunTime:0.003608s ]
SQL: SHOW COLUMNS FROM `check_comment` [ RunTime:0.0025s ]
SQL: SELECT * FROM `check_comment` WHERE ( companycode = '10000' and productcode = '2048' ) LIMIT 1   [ RunTime:0.0004s ]
SQL: SELECT * FROM `check_comment` WHERE ( companycode = '10000' and productcode = '2048' ) ORDER BY comment_id desc LIMIT 0,5   [ RunTime:0.0012s ]
NOTIC: [8] Undefined index: url /Applications/XAMPP/xamppfiles/htdocs/cmforigin/application/Common/Controller/AppframeController.class.php 第 24 行.
NOTIC: [8] Undefined index: status /Applications/XAMPP/xamppfiles/htdocs/cmforigin/application/Common/Controller/AppframeController.class.php 第 25 行.

[ 2016-10-20T11:57:03+08:00 ] 127.0.0.1 /index.php/Show/index/comment_index
INFO: [ app_begin ] --START--
INFO: Run Behavior\ReadHtmlCacheBehavior [ RunTime:0.000498s ]
INFO: Run Behavior\CheckLangBehavior [ RunTime:0.000453s ]
INFO: [ app_begin ] --END-- [ RunTime:0.001360s ]
SQL: SHOW COLUMNS FROM `check_comment` [ RunTime:0.0091s ]
SQL: SELECT * FROM `check_comment` WHERE ( companycode = '10000' and productcode = '2048' ) LIMIT 1   [ RunTime:0.0004s ]
SQL: SELECT * FROM `check_comment` WHERE ( companycode = '10000' and productcode = '2048' ) ORDER BY comment_id desc LIMIT 0,5   [ RunTime:0.0004s ]
NOTIC: [8] Undefined index: url /Applications/XAMPP/xamppfiles/htdocs/cmforigin/application/Common/Controller/AppframeController.class.php 第 24 行.
NOTIC: [8] Undefined index: status /Applications/XAMPP/xamppfiles/htdocs/cmforigin/application/Common/Controller/AppframeController.class.php 第 25 行.

[ 2016-10-20T11:57:25+08:00 ] 127.0.0.1 /index.php/Show/index/comment_index
INFO: [ app_begin ] --START--
INFO: Run Behavior\ReadHtmlCacheBehavior [ RunTime:0.000560s ]
INFO: Run Behavior\CheckLangBehavior [ RunTime:0.000440s ]
INFO: [ app_begin ] --END-- [ RunTime:0.001547s ]
SQL: SHOW COLUMNS FROM `check_comment` [ RunTime:0.0162s ]
SQL: SELECT * FROM `check_comment` WHERE ( companycode = '10000' and productcode = '2048' ) LIMIT 1   [ RunTime:0.0004s ]
SQL: SELECT * FROM `check_comment` WHERE ( companycode = '10000' and productcode = '2048' ) ORDER BY comment_id desc LIMIT 0,5   [ RunTime:0.0005s ]
NOTIC: [8] Undefined index: url /Applications/XAMPP/xamppfiles/htdocs/cmforigin/application/Common/Controller/AppframeController.class.php 第 24 行.
NOTIC: [8] Undefined index: status /Applications/XAMPP/xamppfiles/htdocs/cmforigin/application/Common/Controller/AppframeController.class.php 第 25 行.

[ 2016-10-20T11:58:28+08:00 ] 127.0.0.1 /index.php/Show/index/comment_index
INFO: [ app_begin ] --START--
INFO: Run Behavior\ReadHtmlCacheBehavior [ RunTime:0.000452s ]
INFO: Run Behavior\CheckLangBehavior [ RunTime:0.000470s ]
INFO: [ app_begin ] --END-- [ RunTime:0.001308s ]
SQL: SHOW COLUMNS FROM `check_comment` [ RunTime:0.0027s ]
SQL: SELECT * FROM `check_comment` WHERE ( companycode = '10000' and productcode = '2048' ) LIMIT 1   [ RunTime:0.0004s ]
SQL: SELECT * FROM `check_comment` WHERE ( companycode = '10000' and productcode = '2048' ) ORDER BY comment_id desc LIMIT 0,5   [ RunTime:0.0004s ]
NOTIC: [8] Undefined index: url /Applications/XAMPP/xamppfiles/htdocs/cmforigin/application/Common/Controller/AppframeController.class.php 第 24 行.
NOTIC: [8] Undefined index: status /Applications/XAMPP/xamppfiles/htdocs/cmforigin/application/Common/Controller/AppframeController.class.php 第 25 行.

[ 2016-10-20T11:58:41+08:00 ] 127.0.0.1 /index.php/Show/index/comment_index
INFO: [ app_begin ] --START--
INFO: Run Behavior\ReadHtmlCacheBehavior [ RunTime:0.000859s ]
INFO: Run Behavior\CheckLangBehavior [ RunTime:0.007312s ]
INFO: [ app_begin ] --END-- [ RunTime:0.009445s ]
SQL: SHOW COLUMNS FROM `check_comment` [ RunTime:0.0031s ]
SQL: SELECT * FROM `check_comment` WHERE ( companycode = '10000' and productcode = '2048' ) LIMIT 1   [ RunTime:0.0022s ]
SQL: SELECT * FROM `check_comment` WHERE ( companycode = '10000' and productcode = '2048' ) ORDER BY comment_id desc LIMIT 0,5   [ RunTime:0.0015s ]
NOTIC: [8] Undefined index: url /Applications/XAMPP/xamppfiles/htdocs/cmforigin/application/Common/Controller/AppframeController.class.php 第 24 行.
NOTIC: [8] Undefined index: status /Applications/XAMPP/xamppfiles/htdocs/cmforigin/application/Common/Controller/AppframeController.class.php 第 25 行.

[ 2016-10-20T11:59:27+08:00 ] 127.0.0.1 /index.php/Show/index/comment_index
INFO: [ app_begin ] --START--
INFO: Run Behavior\ReadHtmlCacheBehavior [ RunTime:0.000522s ]
INFO: Run Behavior\CheckLangBehavior [ RunTime:0.000517s ]
INFO: [ app_begin ] --END-- [ RunTime:0.001510s ]
SQL: SHOW COLUMNS FROM `check_comment` [ RunTime:0.0100s ]
SQL: SELECT * FROM `check_comment` WHERE ( companycode = '10000' and productcode = '2048' ) LIMIT 1   [ RunTime:0.0004s ]
SQL: SELECT * FROM `check_comment` WHERE ( companycode = '10000' and productcode = '2048' ) ORDER BY comment_id desc LIMIT 0,5   [ RunTime:0.0007s ]
NOTIC: [8] Undefined index: url /Applications/XAMPP/xamppfiles/htdocs/cmforigin/application/Common/Controller/AppframeController.class.php 第 24 行.
NOTIC: [8] Undefined index: status /Applications/XAMPP/xamppfiles/htdocs/cmforigin/application/Common/Controller/AppframeController.class.php 第 25 行.

[ 2016-10-20T12:00:27+08:00 ] 127.0.0.1 /index.php/Show/index/comment_index
INFO: [ app_begin ] --START--
INFO: Run Behavior\ReadHtmlCacheBehavior [ RunTime:0.000779s ]
INFO: Run Behavior\CheckLangBehavior [ RunTime:0.000453s ]
INFO: [ app_begin ] --END-- [ RunTime:0.001939s ]
SQL: SHOW COLUMNS FROM `check_comment` [ RunTime:0.0088s ]
SQL: SELECT * FROM `check_comment` WHERE ( companycode = '10000' and productcode = '2048' ) LIMIT 1   [ RunTime:0.0004s ]
SQL: SELECT * FROM `check_comment` WHERE ( companycode = '10000' and productcode = '2048' ) ORDER BY comment_id desc LIMIT 0,5   [ RunTime:0.0013s ]
NOTIC: [8] Undefined index: url /Applications/XAMPP/xamppfiles/htdocs/cmforigin/application/Common/Controller/AppframeController.class.php 第 24 行.
NOTIC: [8] Undefined index: status /Applications/XAMPP/xamppfiles/htdocs/cmforigin/application/Common/Controller/AppframeController.class.php 第 25 行.

