[ 2016-10-07T19:37:42+08:00 ] 127.0.0.1 /index.php?g=Admin&m=public&a=dologin
INFO: [ app_begin ] --START--
INFO: Run Behavior\ReadHtmlCacheBehavior [ RunTime:0.000245s ]
INFO: Run Behavior\CheckLangBehavior [ RunTime:0.000266s ]
INFO: [ app_begin ] --END-- [ RunTime:0.000697s ]
SQL: SHOW COLUMNS FROM `check_users` [ RunTime:0.0019s ]
SQL: SELECT * FROM `check_users` WHERE `user_email` = 'B15011828@njupt.edu.cn' LIMIT 1   [ RunTime:0.0003s ]
SQL: SHOW COLUMNS FROM `check_role_user` [ RunTime:0.0017s ]
SQL: SELECT `role_id` FROM check_role_user a INNER JOIN check_role as b on a.role_id =b.id  WHERE `user_id` = '1' AND `status` = 1  [ RunTime:0.0004s ]
SQL: UPDATE `check_users` SET `user_login`='admin',`user_pass`='###d2df176462c29cba4dcbdd421729547a',`user_nicename`='admin',`user_email`='B15011828@njupt.edu.cn',`user_url`='',`avatar`=NULL,`sex`='0',`birthday`=NULL,`signature`=NULL,`last_login_ip`='127.0.0.1',`last_login_time`='2016-10-07 19:37:42',`create_time`='2016-09-20 03:29:36',`user_activation_key`='',`user_status`='1',`score`='0',`user_type`='1',`coin`='0',`mobile`='' WHERE `id` = '1' [ RunTime:0.0009s ]

[ 2016-10-07T20:05:05+08:00 ] 127.0.0.1 /index.php?g=Admin&m=public&a=dologin
INFO: [ app_begin ] --START--
INFO: Run Behavior\ReadHtmlCacheBehavior [ RunTime:0.000438s ]
INFO: Run Behavior\CheckLangBehavior [ RunTime:0.000349s ]
INFO: [ app_begin ] --END-- [ RunTime:0.001135s ]
SQL: SHOW COLUMNS FROM `check_users` [ RunTime:0.0035s ]
SQL: SELECT * FROM `check_users` WHERE `user_email` = 'B15011828@njupt.edu.cn' LIMIT 1   [ RunTime:0.0021s ]
SQL: SHOW COLUMNS FROM `check_role_user` [ RunTime:0.0013s ]
SQL: SELECT `role_id` FROM check_role_user a INNER JOIN check_role as b on a.role_id =b.id  WHERE `user_id` = '1' AND `status` = 1  [ RunTime:0.0005s ]
SQL: UPDATE `check_users` SET `user_login`='admin',`user_pass`='###d2df176462c29cba4dcbdd421729547a',`user_nicename`='admin',`user_email`='B15011828@njupt.edu.cn',`user_url`='',`avatar`=NULL,`sex`='0',`birthday`=NULL,`signature`=NULL,`last_login_ip`='127.0.0.1',`last_login_time`='2016-10-07 20:05:05',`create_time`='2016-09-20 03:29:36',`user_activation_key`='',`user_status`='1',`score`='0',`user_type`='1',`coin`='0',`mobile`='' WHERE `id` = '1' [ RunTime:0.0011s ]

[ 2016-10-07T21:25:21+08:00 ] 127.0.0.1 /index.php?g=Admin&m=public&a=dologin
INFO: [ app_begin ] --START--
INFO: Run Behavior\ReadHtmlCacheBehavior [ RunTime:0.000400s ]
INFO: Run Behavior\CheckLangBehavior [ RunTime:0.000341s ]
INFO: [ app_begin ] --END-- [ RunTime:0.001166s ]
SQL: SHOW COLUMNS FROM `check_users` [ RunTime:0.0018s ]
SQL: SELECT * FROM `check_users` WHERE `user_login` = 'njupt' LIMIT 1   [ RunTime:0.0036s ]
SQL: SHOW COLUMNS FROM `check_role_user` [ RunTime:0.0013s ]
SQL: SELECT `role_id` FROM check_role_user a INNER JOIN check_role as b on a.role_id =b.id  WHERE `user_id` = '3' AND `status` = 1  [ RunTime:0.0044s ]
SQL: UPDATE `check_users` SET `user_login`='njupt',`user_pass`='###d2df176462c29cba4dcbdd421729547a',`user_nicename`='',`user_email`='ctygood@gmail.com',`user_url`='',`avatar`=NULL,`sex`='0',`birthday`=NULL,`signature`=NULL,`last_login_ip`='127.0.0.1',`last_login_time`='2016-10-07 21:25:21',`create_time`='2016-10-06 15:58:05',`user_activation_key`='',`user_status`='1',`score`='0',`user_type`='1',`coin`='0',`mobile`='' WHERE `id` = '3' [ RunTime:0.0023s ]

