[ 2016-10-20T11:19:31+08:00 ] 127.0.0.1 /index.php?g=Admin&m=public&a=dologin
INFO: [ app_begin ] --START--
INFO: Run Behavior\ReadHtmlCacheBehavior [ RunTime:0.000246s ]
INFO: Run Behavior\CheckLangBehavior [ RunTime:0.000396s ]
INFO: [ app_begin ] --END-- [ RunTime:0.000831s ]
SQL: SHOW COLUMNS FROM `check_users` [ RunTime:0.0278s ]
SQL: SELECT * FROM `check_users` WHERE `user_login` = 'njupt' LIMIT 1   [ RunTime:0.0098s ]
SQL: SHOW COLUMNS FROM `check_role_user` [ RunTime:0.0031s ]
SQL: SELECT `role_id` FROM check_role_user a INNER JOIN check_role as b on a.role_id =b.id  WHERE `user_id` = '3' AND `status` = 1  [ RunTime:0.0066s ]
SQL: UPDATE `check_users` SET `user_login`='njupt',`user_pass`='###d2df176462c29cba4dcbdd421729547a',`user_nicename`='',`user_email`='ctygood@gmail.com',`user_url`='',`avatar`=NULL,`sex`='0',`birthday`=NULL,`signature`=NULL,`last_login_ip`='127.0.0.1',`last_login_time`='2016-10-20 11:19:31',`create_time`='2016-10-06 15:58:05',`user_activation_key`='',`user_status`='1',`score`='0',`user_type`='1',`coin`='0',`mobile`='' WHERE `id` = '3' [ RunTime:0.0028s ]

[ 2016-10-20T11:45:22+08:00 ] 127.0.0.1 /index.php?g=Admin&m=public&a=dologin
INFO: [ app_begin ] --START--
INFO: Run Behavior\ReadHtmlCacheBehavior [ RunTime:0.000481s ]
INFO: Run Behavior\CheckLangBehavior [ RunTime:0.000565s ]
INFO: [ app_begin ] --END-- [ RunTime:0.001343s ]
SQL: SHOW COLUMNS FROM `check_users` [ RunTime:0.0020s ]
SQL: SELECT * FROM `check_users` WHERE `user_login` = 'admin' LIMIT 1   [ RunTime:0.0004s ]
SQL: SHOW COLUMNS FROM `check_role_user` [ RunTime:0.0014s ]
SQL: SELECT `role_id` FROM check_role_user a INNER JOIN check_role as b on a.role_id =b.id  WHERE `user_id` = '1' AND `status` = 1  [ RunTime:0.0003s ]
SQL: UPDATE `check_users` SET `user_login`='admin',`user_pass`='###d2df176462c29cba4dcbdd421729547a',`user_nicename`='admin',`user_email`='B15011828@njupt.edu.cn',`user_url`='',`avatar`=NULL,`sex`='0',`birthday`=NULL,`signature`=NULL,`last_login_ip`='127.0.0.1',`last_login_time`='2016-10-20 11:45:22',`create_time`='2016-09-20 03:29:36',`user_activation_key`='',`user_status`='1',`score`='0',`user_type`='1',`coin`='0',`mobile`='' WHERE `id` = '1' [ RunTime:0.0006s ]

[ 2016-10-20T11:45:47+08:00 ] 127.0.0.1 /index.php?g=Admin&m=User&a=add_post
INFO: [ app_begin ] --START--
INFO: Run Behavior\ReadHtmlCacheBehavior [ RunTime:0.000533s ]
INFO: Run Behavior\CheckLangBehavior [ RunTime:0.000470s ]
INFO: [ app_begin ] --END-- [ RunTime:0.001422s ]
SQL: SHOW COLUMNS FROM `check_users` [ RunTime:0.0104s ]
SQL: SELECT * FROM `check_users` WHERE ( id=1 ) LIMIT 1   [ RunTime:0.0009s ]
SQL: SHOW COLUMNS FROM `check_users` [ RunTime:0.0019s ]
SQL: SHOW COLUMNS FROM `check_role` [ RunTime:0.0011s ]
NOTIC: [8] Undefined index: validate /Applications/XAMPP/xamppfiles/htdocs/cmforigin/simplewind/Core/Library/Think/Model.class.php 第 1185 行.
SQL: SELECT * FROM `check_users` WHERE `user_login` = 'nuptsast' LIMIT 1   [ RunTime:0.0004s ]
SQL: SELECT * FROM `check_users` WHERE `user_email` = 'cc@ee.com' LIMIT 1   [ RunTime:0.0002s ]
NOTIC: [8] Undefined index: auto /Applications/XAMPP/xamppfiles/htdocs/cmforigin/simplewind/Core/Library/Think/Model.class.php 第 1128 行.
SQL: INSERT INTO `check_users` (`user_login`,`user_pass`,`user_email`,`create_time`) VALUES ('nuptsast','###d2df176462c29cba4dcbdd421729547a','cc@ee.com','2016-10-20 11:45:47') [ RunTime:0.0019s ]
SQL: SHOW COLUMNS FROM `check_role_user` [ RunTime:0.0044s ]
SQL: INSERT INTO `check_role_user` (`role_id`,`user_id`) VALUES ('3','5') [ RunTime:0.0007s ]

[ 2016-10-20T11:45:53+08:00 ] 127.0.0.1 /index.php?g=Admin&m=Menu&a=index&menuid=100
NOTIC: D方法实例化没找到模型类Common\Model\AuthRuleModel

[ 2016-10-20T11:46:02+08:00 ] 127.0.0.1 /index.php?g=Admin&m=Menu&a=edit&id=4&menuid=100
NOTIC: D方法实例化没找到模型类Common\Model\AuthRuleModel

[ 2016-10-20T11:46:34+08:00 ] 127.0.0.1 /index.php?g=Admin&m=Menu&a=edit_post
INFO: [ app_begin ] --START--
INFO: Run Behavior\ReadHtmlCacheBehavior [ RunTime:0.000239s ]
INFO: Run Behavior\CheckLangBehavior [ RunTime:0.000293s ]
INFO: [ app_begin ] --END-- [ RunTime:0.000715s ]
SQL: SHOW COLUMNS FROM `check_users` [ RunTime:0.0102s ]
SQL: SELECT * FROM `check_users` WHERE ( id=1 ) LIMIT 1   [ RunTime:0.0012s ]
SQL: SHOW COLUMNS FROM `check_menu` [ RunTime:0.0023s ]
NOTIC: D方法实例化没找到模型类Common\Model\AuthRuleModel
SQL: SHOW COLUMNS FROM `check_auth_rule` [ RunTime:0.0023s ]
NOTIC: [8] Undefined index: validate /Applications/XAMPP/xamppfiles/htdocs/cmforigin/simplewind/Core/Library/Think/Model.class.php 第 1185 行.
SQL: SELECT `id` FROM `check_menu` WHERE `app` = 'Portal' AND `model` = 'AdminPage' AND `action` = 'comment_manage' LIMIT 1   [ RunTime:0.0016s ]
NOTIC: [8] Undefined index: auto /Applications/XAMPP/xamppfiles/htdocs/cmforigin/simplewind/Core/Library/Think/Model.class.php 第 1128 行.
SQL: UPDATE `check_menu` SET `parentid`='1',`name`='评论管理',`app`='Portal',`model`='AdminPage',`action`='comment_manage',`data`='',`icon`='',`remark`='',`status`='1',`type`='1' WHERE `id` = 4 [ RunTime:0.0009s ]
SQL: SELECT * FROM `check_auth_rule` WHERE `name` = 'portal/adminpage/comment_manage' LIMIT 1   [ RunTime:0.0004s ]
SQL: INSERT INTO `check_auth_rule` (`name`,`module`,`type`,`title`) VALUES ('portal/adminpage/comment_manage','Portal','admin_url','评论管理') [ RunTime:0.0012s ]

[ 2016-10-20T11:46:35+08:00 ] 127.0.0.1 /index.php?g=Admin&m=Menu&a=edit&id=4&menuid=100
NOTIC: D方法实例化没找到模型类Common\Model\AuthRuleModel

[ 2016-10-20T11:51:27+08:00 ] 127.0.0.1 /index.php?g=Admin&m=public&a=dologin
INFO: [ app_begin ] --START--
INFO: Run Behavior\ReadHtmlCacheBehavior [ RunTime:0.000353s ]
INFO: Run Behavior\CheckLangBehavior [ RunTime:0.000377s ]
INFO: [ app_begin ] --END-- [ RunTime:0.000925s ]

[ 2016-10-20T11:51:30+08:00 ] 127.0.0.1 /index.php?g=Admin&m=public&a=dologin
INFO: [ app_begin ] --START--
INFO: Run Behavior\ReadHtmlCacheBehavior [ RunTime:0.000240s ]
INFO: Run Behavior\CheckLangBehavior [ RunTime:0.000248s ]
INFO: [ app_begin ] --END-- [ RunTime:0.000670s ]
SQL: SHOW COLUMNS FROM `check_users` [ RunTime:0.0017s ]
SQL: SELECT * FROM `check_users` WHERE `user_login` = 'njupt' LIMIT 1   [ RunTime:0.0004s ]
SQL: SHOW COLUMNS FROM `check_role_user` [ RunTime:0.0014s ]
SQL: SELECT `role_id` FROM check_role_user a INNER JOIN check_role as b on a.role_id =b.id  WHERE `user_id` = '3' AND `status` = 1  [ RunTime:0.0004s ]
SQL: UPDATE `check_users` SET `user_login`='njupt',`user_pass`='###d2df176462c29cba4dcbdd421729547a',`user_nicename`='',`user_email`='ctygood@gmail.com',`user_url`='',`avatar`=NULL,`sex`='0',`birthday`=NULL,`signature`=NULL,`last_login_ip`='127.0.0.1',`last_login_time`='2016-10-20 11:51:30',`create_time`='2016-10-06 15:58:05',`user_activation_key`='',`user_status`='1',`score`='0',`user_type`='1',`coin`='0',`mobile`='' WHERE `id` = '3' [ RunTime:0.0003s ]

[ 2016-10-20T11:51:43+08:00 ] 127.0.0.1 /index.php?g=Admin&m=public&a=dologin
INFO: [ app_begin ] --START--
INFO: Run Behavior\ReadHtmlCacheBehavior [ RunTime:0.000280s ]
INFO: Run Behavior\CheckLangBehavior [ RunTime:0.000307s ]
INFO: [ app_begin ] --END-- [ RunTime:0.000795s ]
SQL: SHOW COLUMNS FROM `check_users` [ RunTime:0.0102s ]
SQL: SELECT * FROM `check_users` WHERE `user_login` = 'admin' LIMIT 1   [ RunTime:0.0004s ]
SQL: SHOW COLUMNS FROM `check_role_user` [ RunTime:0.0019s ]
SQL: SELECT `role_id` FROM check_role_user a INNER JOIN check_role as b on a.role_id =b.id  WHERE `user_id` = '1' AND `status` = 1  [ RunTime:0.0004s ]
SQL: UPDATE `check_users` SET `user_login`='admin',`user_pass`='###d2df176462c29cba4dcbdd421729547a',`user_nicename`='admin',`user_email`='B15011828@njupt.edu.cn',`user_url`='',`avatar`=NULL,`sex`='0',`birthday`=NULL,`signature`=NULL,`last_login_ip`='127.0.0.1',`last_login_time`='2016-10-20 11:51:43',`create_time`='2016-09-20 03:29:36',`user_activation_key`='',`user_status`='1',`score`='0',`user_type`='1',`coin`='0',`mobile`='' WHERE `id` = '1' [ RunTime:0.0003s ]

[ 2016-10-20T11:51:59+08:00 ] 127.0.0.1 /index.php?g=Admin&m=Menu&a=index&menuid=100
NOTIC: D方法实例化没找到模型类Common\Model\AuthRuleModel

[ 2016-10-20T11:52:10+08:00 ] 127.0.0.1 /index.php?g=Admin&m=Menu&a=edit&id=4&menuid=100
NOTIC: D方法实例化没找到模型类Common\Model\AuthRuleModel

[ 2016-10-20T11:52:28+08:00 ] 127.0.0.1 /index.php?g=Admin&m=Rbac&a=authorize&id=3
NOTIC: D方法实例化没找到模型类Common\Model\AuthAccessModel

[ 2016-10-20T11:52:32+08:00 ] 127.0.0.1 /index.php?g=Admin&m=rbac&a=authorize_post
INFO: [ app_begin ] --START--
INFO: Run Behavior\ReadHtmlCacheBehavior [ RunTime:0.000246s ]
INFO: Run Behavior\CheckLangBehavior [ RunTime:0.000330s ]
INFO: [ app_begin ] --END-- [ RunTime:0.000759s ]
SQL: SHOW COLUMNS FROM `check_users` [ RunTime:0.0020s ]
SQL: SELECT * FROM `check_users` WHERE ( id=1 ) LIMIT 1   [ RunTime:0.0003s ]
SQL: SHOW COLUMNS FROM `check_role` [ RunTime:0.0016s ]
NOTIC: D方法实例化没找到模型类Common\Model\AuthAccessModel
SQL: SHOW COLUMNS FROM `check_auth_access` [ RunTime:0.0014s ]
SQL: SHOW COLUMNS FROM `check_menu` [ RunTime:0.0015s ]
SQL: SHOW COLUMNS FROM `check_auth_rule` [ RunTime:0.0013s ]
SQL: DELETE FROM `check_auth_access` WHERE `role_id` = 3 AND `type` = 'admin_url' [ RunTime:0.0017s ]
SQL: SELECT `app`,`model`,`action` FROM `check_menu` WHERE `id` = 1 LIMIT 1   [ RunTime:0.0003s ]
SQL: INSERT INTO `check_auth_access` (`role_id`,`rule_name`,`type`) VALUES ('3','admin/content/default','admin_url') [ RunTime:0.0002s ]
SQL: SELECT `app`,`model`,`action` FROM `check_menu` WHERE `id` = 2 LIMIT 1   [ RunTime:0.0002s ]
SQL: INSERT INTO `check_auth_access` (`role_id`,`rule_name`,`type`) VALUES ('3','api/guestbookadmin/index','admin_url') [ RunTime:0.0002s ]
SQL: SELECT `app`,`model`,`action` FROM `check_menu` WHERE `id` = 3 LIMIT 1   [ RunTime:0.0002s ]
SQL: INSERT INTO `check_auth_access` (`role_id`,`rule_name`,`type`) VALUES ('3','api/guestbookadmin/delete','admin_url') [ RunTime:0.0001s ]
SQL: SELECT `app`,`model`,`action` FROM `check_menu` WHERE `id` = 4 LIMIT 1   [ RunTime:0.0001s ]
SQL: INSERT INTO `check_auth_access` (`role_id`,`rule_name`,`type`) VALUES ('3','portal/adminpage/comment_manage','admin_url') [ RunTime:0.0001s ]
SQL: SELECT `app`,`model`,`action` FROM `check_menu` WHERE `id` = 5 LIMIT 1   [ RunTime:0.0001s ]
SQL: INSERT INTO `check_auth_access` (`role_id`,`rule_name`,`type`) VALUES ('3','comment/commentadmin/delete','admin_url') [ RunTime:0.0001s ]
SQL: SELECT `app`,`model`,`action` FROM `check_menu` WHERE `id` = 6 LIMIT 1   [ RunTime:0.0002s ]
SQL: INSERT INTO `check_auth_access` (`role_id`,`rule_name`,`type`) VALUES ('3','comment/commentadmin/check','admin_url') [ RunTime:0.0001s ]
SQL: SELECT `app`,`model`,`action` FROM `check_menu` WHERE `id` = 7 LIMIT 1   [ RunTime:0.0002s ]
SQL: INSERT INTO `check_auth_access` (`role_id`,`rule_name`,`type`) VALUES ('3','portal/adminpost/index','admin_url') [ RunTime:0.0001s ]
SQL: SELECT `app`,`model`,`action` FROM `check_menu` WHERE `id` = 8 LIMIT 1   [ RunTime:0.0002s ]
SQL: INSERT INTO `check_auth_access` (`role_id`,`rule_name`,`type`) VALUES ('3','portal/adminpost/listorders','admin_url') [ RunTime:0.0002s ]
SQL: SELECT `app`,`model`,`action` FROM `check_menu` WHERE `id` = 9 LIMIT 1   [ RunTime:0.0002s ]
SQL: INSERT INTO `check_auth_access` (`role_id`,`rule_name`,`type`) VALUES ('3','portal/adminpost/top','admin_url') [ RunTime:0.0002s ]
SQL: SELECT `app`,`model`,`action` FROM `check_menu` WHERE `id` = 10 LIMIT 1   [ RunTime:0.0003s ]
SQL: INSERT INTO `check_auth_access` (`role_id`,`rule_name`,`type`) VALUES ('3','portal/adminpost/recommend','admin_url') [ RunTime:0.0005s ]
SQL: SELECT `app`,`model`,`action` FROM `check_menu` WHERE `id` = 11 LIMIT 1   [ RunTime:0.0004s ]
SQL: INSERT INTO `check_auth_access` (`role_id`,`rule_name`,`type`) VALUES ('3','portal/adminpost/move','admin_url') [ RunTime:0.0004s ]
SQL: SELECT `app`,`model`,`action` FROM `check_menu` WHERE `id` = 12 LIMIT 1   [ RunTime:0.0002s ]
SQL: INSERT INTO `check_auth_access` (`role_id`,`rule_name`,`type`) VALUES ('3','portal/adminpost/check','admin_url') [ RunTime:0.0002s ]
SQL: SELECT `app`,`model`,`action` FROM `check_menu` WHERE `id` = 13 LIMIT 1   [ RunTime:0.0002s ]
SQL: INSERT INTO `check_auth_access` (`role_id`,`rule_name`,`type`) VALUES ('3','portal/adminpost/delete','admin_url') [ RunTime:0.0002s ]
SQL: SELECT `app`,`model`,`action` FROM `check_menu` WHERE `id` = 14 LIMIT 1   [ RunTime:0.0002s ]
SQL: INSERT INTO `check_auth_access` (`role_id`,`rule_name`,`type`) VALUES ('3','portal/adminpost/edit','admin_url') [ RunTime:0.0002s ]
SQL: SELECT `app`,`model`,`action` FROM `check_menu` WHERE `id` = 15 LIMIT 1   [ RunTime:0.0002s ]
SQL: INSERT INTO `check_auth_access` (`role_id`,`rule_name`,`type`) VALUES ('3','portal/adminpost/edit_post','admin_url') [ RunTime:0.0001s ]
SQL: SELECT `app`,`model`,`action` FROM `check_menu` WHERE `id` = 16 LIMIT 1   [ RunTime:0.0001s ]
SQL: INSERT INTO `check_auth_access` (`role_id`,`rule_name`,`type`) VALUES ('3','portal/adminpost/add','admin_url') [ RunTime:0.0001s ]
SQL: SELECT `app`,`model`,`action` FROM `check_menu` WHERE `id` = 17 LIMIT 1   [ RunTime:0.0001s ]
SQL: INSERT INTO `check_auth_access` (`role_id`,`rule_name`,`type`) VALUES ('3','portal/adminpost/add_post','admin_url') [ RunTime:0.0002s ]
SQL: SELECT `app`,`model`,`action` FROM `check_menu` WHERE `id` = 18 LIMIT 1   [ RunTime:0.0002s ]
SQL: INSERT INTO `check_auth_access` (`role_id`,`rule_name`,`type`) VALUES ('3','portal/adminterm/index','admin_url') [ RunTime:0.0001s ]
SQL: SELECT `app`,`model`,`action` FROM `check_menu` WHERE `id` = 19 LIMIT 1   [ RunTime:0.0001s ]
SQL: INSERT INTO `check_auth_access` (`role_id`,`rule_name`,`type`) VALUES ('3','portal/adminterm/listorders','admin_url') [ RunTime:0.0001s ]
SQL: SELECT `app`,`model`,`action` FROM `check_menu` WHERE `id` = 20 LIMIT 1   [ RunTime:0.0001s ]
SQL: INSERT INTO `check_auth_access` (`role_id`,`rule_name`,`type`) VALUES ('3','portal/adminterm/delete','admin_url') [ RunTime:0.0001s ]
SQL: SELECT `app`,`model`,`action` FROM `check_menu` WHERE `id` = 21 LIMIT 1   [ RunTime:0.0001s ]
SQL: INSERT INTO `check_auth_access` (`role_id`,`rule_name`,`type`) VALUES ('3','portal/adminterm/edit','admin_url') [ RunTime:0.0001s ]
SQL: SELECT `app`,`model`,`action` FROM `check_menu` WHERE `id` = 22 LIMIT 1   [ RunTime:0.0001s ]
SQL: INSERT INTO `check_auth_access` (`role_id`,`rule_name`,`type`) VALUES ('3','portal/adminterm/edit_post','admin_url') [ RunTime:0.0001s ]
SQL: SELECT `app`,`model`,`action` FROM `check_menu` WHERE `id` = 23 LIMIT 1   [ RunTime:0.0001s ]
SQL: INSERT INTO `check_auth_access` (`role_id`,`rule_name`,`type`) VALUES ('3','portal/adminterm/add','admin_url') [ RunTime:0.0001s ]
SQL: SELECT `app`,`model`,`action` FROM `check_menu` WHERE `id` = 24 LIMIT 1   [ RunTime:0.0001s ]
SQL: INSERT INTO `check_auth_access` (`role_id`,`rule_name`,`type`) VALUES ('3','portal/adminterm/add_post','admin_url') [ RunTime:0.0001s ]
SQL: SELECT `app`,`model`,`action` FROM `check_menu` WHERE `id` = 25 LIMIT 1   [ RunTime:0.0002s ]
SQL: INSERT INTO `check_auth_access` (`role_id`,`rule_name`,`type`) VALUES ('3','portal/adminpage/index','admin_url') [ RunTime:0.0002s ]
SQL: SELECT `app`,`model`,`action` FROM `check_menu` WHERE `id` = 26 LIMIT 1   [ RunTime:0.0002s ]
SQL: INSERT INTO `check_auth_access` (`role_id`,`rule_name`,`type`) VALUES ('3','portal/adminpage/listorders','admin_url') [ RunTime:0.0001s ]
SQL: SELECT `app`,`model`,`action` FROM `check_menu` WHERE `id` = 27 LIMIT 1   [ RunTime:0.0002s ]
SQL: INSERT INTO `check_auth_access` (`role_id`,`rule_name`,`type`) VALUES ('3','portal/adminpage/delete','admin_url') [ RunTime:0.0001s ]
SQL: SELECT `app`,`model`,`action` FROM `check_menu` WHERE `id` = 28 LIMIT 1   [ RunTime:0.0001s ]
SQL: INSERT INTO `check_auth_access` (`role_id`,`rule_name`,`type`) VALUES ('3','portal/adminpage/edit','admin_url') [ RunTime:0.0001s ]
SQL: SELECT `app`,`model`,`action` FROM `check_menu` WHERE `id` = 29 LIMIT 1   [ RunTime:0.0001s ]
SQL: INSERT INTO `check_auth_access` (`role_id`,`rule_name`,`type`) VALUES ('3','portal/adminpage/edit_post','admin_url') [ RunTime:0.0002s ]
SQL: SELECT `app`,`model`,`action` FROM `check_menu` WHERE `id` = 30 LIMIT 1   [ RunTime:0.0002s ]
SQL: INSERT INTO `check_auth_access` (`role_id`,`rule_name`,`type`) VALUES ('3','portal/adminpage/add','admin_url') [ RunTime:0.0002s ]
SQL: SELECT `app`,`model`,`action` FROM `check_menu` WHERE `id` = 31 LIMIT 1   [ RunTime:0.0002s ]
SQL: INSERT INTO `check_auth_access` (`role_id`,`rule_name`,`type`) VALUES ('3','portal/adminpage/add_post','admin_url') [ RunTime:0.0001s ]
SQL: SELECT `app`,`model`,`action` FROM `check_menu` WHERE `id` = 32 LIMIT 1   [ RunTime:0.0001s ]
SQL: INSERT INTO `check_auth_access` (`role_id`,`rule_name`,`type`) VALUES ('3','admin/recycle/default','admin_url') [ RunTime:0.0002s ]
SQL: SELECT `app`,`model`,`action` FROM `check_menu` WHERE `id` = 33 LIMIT 1   [ RunTime:0.0001s ]
SQL: INSERT INTO `check_auth_access` (`role_id`,`rule_name`,`type`) VALUES ('3','portal/adminpost/recyclebin','admin_url') [ RunTime:0.0002s ]
SQL: SELECT `app`,`model`,`action` FROM `check_menu` WHERE `id` = 34 LIMIT 1   [ RunTime:0.0002s ]
SQL: INSERT INTO `check_auth_access` (`role_id`,`rule_name`,`type`) VALUES ('3','portal/adminpost/restore','admin_url') [ RunTime:0.0002s ]
SQL: SELECT `app`,`model`,`action` FROM `check_menu` WHERE `id` = 35 LIMIT 1   [ RunTime:0.0002s ]
SQL: INSERT INTO `check_auth_access` (`role_id`,`rule_name`,`type`) VALUES ('3','portal/adminpost/clean','admin_url') [ RunTime:0.0002s ]
SQL: SELECT `app`,`model`,`action` FROM `check_menu` WHERE `id` = 36 LIMIT 1   [ RunTime:0.0001s ]
SQL: INSERT INTO `check_auth_access` (`role_id`,`rule_name`,`type`) VALUES ('3','portal/adminpage/recyclebin','admin_url') [ RunTime:0.0001s ]
SQL: SELECT `app`,`model`,`action` FROM `check_menu` WHERE `id` = 37 LIMIT 1   [ RunTime:0.0001s ]
SQL: INSERT INTO `check_auth_access` (`role_id`,`rule_name`,`type`) VALUES ('3','portal/adminpage/clean','admin_url') [ RunTime:0.0001s ]
SQL: SELECT `app`,`model`,`action` FROM `check_menu` WHERE `id` = 38 LIMIT 1   [ RunTime:0.0001s ]
SQL: INSERT INTO `check_auth_access` (`role_id`,`rule_name`,`type`) VALUES ('3','portal/adminpage/restore','admin_url') [ RunTime:0.0001s ]
SQL: SELECT `app`,`model`,`action` FROM `check_menu` WHERE `id` = 164 LIMIT 1   [ RunTime:0.0001s ]
SQL: INSERT INTO `check_auth_access` (`role_id`,`rule_name`,`type`) VALUES ('3','portal/adminpage/qrcode','admin_url') [ RunTime:0.0001s ]
SQL: SELECT `app`,`model`,`action` FROM `check_menu` WHERE `id` = 165 LIMIT 1   [ RunTime:0.0001s ]
SQL: INSERT INTO `check_auth_access` (`role_id`,`rule_name`,`type`) VALUES ('3','portal/adminpage/batch_index','admin_url') [ RunTime:0.0001s ]
SQL: SELECT `app`,`model`,`action` FROM `check_menu` WHERE `id` = 162 LIMIT 1   [ RunTime:0.0002s ]
SQL: INSERT INTO `check_auth_access` (`role_id`,`rule_name`,`type`) VALUES ('3','portal/adminpage/companyinfo','admin_url') [ RunTime:0.0007s ]
SQL: SELECT `app`,`model`,`action` FROM `check_menu` WHERE `id` = 163 LIMIT 1   [ RunTime:0.0006s ]
SQL: INSERT INTO `check_auth_access` (`role_id`,`rule_name`,`type`) VALUES ('3','portal/adminpage/post','admin_url') [ RunTime:0.0005s ]

[ 2016-10-20T11:52:44+08:00 ] 127.0.0.1 /index.php?g=Admin&m=public&a=dologin
INFO: [ app_begin ] --START--
INFO: Run Behavior\ReadHtmlCacheBehavior [ RunTime:0.000241s ]
INFO: Run Behavior\CheckLangBehavior [ RunTime:0.000261s ]
INFO: [ app_begin ] --END-- [ RunTime:0.000687s ]
SQL: SHOW COLUMNS FROM `check_users` [ RunTime:0.0096s ]
SQL: SELECT * FROM `check_users` WHERE `user_login` = 'njupt' LIMIT 1   [ RunTime:0.0004s ]
SQL: SHOW COLUMNS FROM `check_role_user` [ RunTime:0.0018s ]
SQL: SELECT `role_id` FROM check_role_user a INNER JOIN check_role as b on a.role_id =b.id  WHERE `user_id` = '3' AND `status` = 1  [ RunTime:0.0004s ]
SQL: UPDATE `check_users` SET `user_login`='njupt',`user_pass`='###d2df176462c29cba4dcbdd421729547a',`user_nicename`='',`user_email`='ctygood@gmail.com',`user_url`='',`avatar`=NULL,`sex`='0',`birthday`=NULL,`signature`=NULL,`last_login_ip`='127.0.0.1',`last_login_time`='2016-10-20 11:52:44',`create_time`='2016-10-06 15:58:05',`user_activation_key`='',`user_status`='1',`score`='0',`user_type`='1',`coin`='0',`mobile`='' WHERE `id` = '3' [ RunTime:0.0003s ]

