[ 2016-10-11T12:47:27+08:00 ] 127.0.0.1 /index.php?g=Admin&m=public&a=dologin
INFO: [ app_begin ] --START--
INFO: Run Behavior\ReadHtmlCacheBehavior [ RunTime:0.000272s ]
INFO: Run Behavior\CheckLangBehavior [ RunTime:0.000269s ]
INFO: [ app_begin ] --END-- [ RunTime:0.000730s ]
SQL: SHOW COLUMNS FROM `check_users` [ RunTime:0.0287s ]
SQL: SELECT * FROM `check_users` WHERE `user_login` = 'njupt' LIMIT 1   [ RunTime:0.0096s ]
SQL: SHOW COLUMNS FROM `check_role_user` [ RunTime:0.0032s ]
SQL: SELECT `role_id` FROM check_role_user a INNER JOIN check_role as b on a.role_id =b.id  WHERE `user_id` = '3' AND `status` = 1  [ RunTime:0.0046s ]
SQL: UPDATE `check_users` SET `user_login`='njupt',`user_pass`='###d2df176462c29cba4dcbdd421729547a',`user_nicename`='',`user_email`='ctygood@gmail.com',`user_url`='',`avatar`=NULL,`sex`='0',`birthday`=NULL,`signature`=NULL,`last_login_ip`='127.0.0.1',`last_login_time`='2016-10-11 12:47:27',`create_time`='2016-10-06 15:58:05',`user_activation_key`='',`user_status`='1',`score`='0',`user_type`='1',`coin`='0',`mobile`='' WHERE `id` = '3' [ RunTime:0.0047s ]

[ 2016-10-11T14:25:48+08:00 ] 127.0.0.1 /index.php?g=Admin&m=public&a=dologin
INFO: [ app_begin ] --START--
INFO: Run Behavior\ReadHtmlCacheBehavior [ RunTime:0.000480s ]
INFO: Run Behavior\CheckLangBehavior [ RunTime:0.000881s ]
INFO: [ app_begin ] --END-- [ RunTime:0.001682s ]
SQL: SHOW COLUMNS FROM `check_users` [ RunTime:0.0018s ]
SQL: SELECT * FROM `check_users` WHERE `user_login` = 'admin' LIMIT 1   [ RunTime:0.0008s ]
SQL: SHOW COLUMNS FROM `check_role_user` [ RunTime:0.0011s ]
SQL: SELECT `role_id` FROM check_role_user a INNER JOIN check_role as b on a.role_id =b.id  WHERE `user_id` = '1' AND `status` = 1  [ RunTime:0.0002s ]
SQL: UPDATE `check_users` SET `user_login`='admin',`user_pass`='###d2df176462c29cba4dcbdd421729547a',`user_nicename`='admin',`user_email`='B15011828@njupt.edu.cn',`user_url`='',`avatar`=NULL,`sex`='0',`birthday`=NULL,`signature`=NULL,`last_login_ip`='127.0.0.1',`last_login_time`='2016-10-11 14:25:48',`create_time`='2016-09-20 03:29:36',`user_activation_key`='',`user_status`='1',`score`='0',`user_type`='1',`coin`='0',`mobile`='' WHERE `id` = '1' [ RunTime:0.0006s ]

[ 2016-10-11T14:26:02+08:00 ] 127.0.0.1 /index.php?g=Admin&m=Menu&a=index&menuid=100
NOTIC: D方法实例化没找到模型类Common\Model\AuthRuleModel

[ 2016-10-11T14:26:09+08:00 ] 127.0.0.1 /index.php?g=Admin&m=Menu&a=add&parentid=1&menuid=100
NOTIC: D方法实例化没找到模型类Common\Model\AuthRuleModel

[ 2016-10-11T14:26:36+08:00 ] 127.0.0.1 /index.php?g=Admin&m=Menu&a=add_post
INFO: [ app_begin ] --START--
INFO: Run Behavior\ReadHtmlCacheBehavior [ RunTime:0.000374s ]
INFO: Run Behavior\CheckLangBehavior [ RunTime:0.000500s ]
INFO: [ app_begin ] --END-- [ RunTime:0.001190s ]
SQL: SHOW COLUMNS FROM `check_users` [ RunTime:0.0095s ]
SQL: SELECT * FROM `check_users` WHERE ( id=1 ) LIMIT 1   [ RunTime:0.0004s ]
SQL: SHOW COLUMNS FROM `check_menu` [ RunTime:0.0024s ]
NOTIC: D方法实例化没找到模型类Common\Model\AuthRuleModel
SQL: SHOW COLUMNS FROM `check_auth_rule` [ RunTime:0.0013s ]
NOTIC: [8] Undefined index: validate /Applications/XAMPP/xamppfiles/htdocs/cmforigin/simplewind/Core/Library/Think/Model.class.php 第 1185 行.
SQL: SELECT * FROM `check_menu` WHERE `app` = 'Portal' AND `model` = 'AdminPage' AND `action` = 'qrcode' LIMIT 1   [ RunTime:0.0065s ]
SQL: SELECT `parentid` FROM `check_menu` WHERE `id` = 1 LIMIT 1   [ RunTime:0.0008s ]
NOTIC: [8] Undefined index: auto /Applications/XAMPP/xamppfiles/htdocs/cmforigin/simplewind/Core/Library/Think/Model.class.php 第 1128 行.
SQL: INSERT INTO `check_menu` (`parentid`,`name`,`app`,`model`,`action`,`data`,`icon`,`remark`,`status`,`type`) VALUES ('1','生成二维码','Portal','AdminPage','qrcode','','','','1','1') [ RunTime:0.0020s ]
SQL: SELECT * FROM `check_auth_rule` WHERE `name` = 'portal/adminpage/qrcode' LIMIT 1   [ RunTime:0.0004s ]
SQL: INSERT INTO `check_auth_rule` (`name`,`module`,`type`,`title`) VALUES ('portal/adminpage/qrcode','Portal','admin_url','生成二维码') [ RunTime:0.0015s ]

[ 2016-10-11T14:26:36+08:00 ] 127.0.0.1 /index.php?g=Admin&m=Menu&a=index
NOTIC: D方法实例化没找到模型类Common\Model\AuthRuleModel

[ 2016-10-11T14:26:44+08:00 ] 127.0.0.1 /index.php?g=Admin&m=Rbac&a=authorize&id=3
NOTIC: D方法实例化没找到模型类Common\Model\AuthAccessModel

[ 2016-10-11T14:26:50+08:00 ] 127.0.0.1 /index.php?g=Admin&m=rbac&a=authorize_post
INFO: [ app_begin ] --START--
INFO: Run Behavior\ReadHtmlCacheBehavior [ RunTime:0.000511s ]
INFO: Run Behavior\CheckLangBehavior [ RunTime:0.000594s ]
INFO: [ app_begin ] --END-- [ RunTime:0.001550s ]
SQL: SHOW COLUMNS FROM `check_users` [ RunTime:0.0119s ]
SQL: SELECT * FROM `check_users` WHERE ( id=1 ) LIMIT 1   [ RunTime:0.0016s ]
SQL: SHOW COLUMNS FROM `check_role` [ RunTime:0.0037s ]
NOTIC: D方法实例化没找到模型类Common\Model\AuthAccessModel
SQL: SHOW COLUMNS FROM `check_auth_access` [ RunTime:0.0013s ]
SQL: SHOW COLUMNS FROM `check_menu` [ RunTime:0.0020s ]
SQL: SHOW COLUMNS FROM `check_auth_rule` [ RunTime:0.0015s ]
SQL: DELETE FROM `check_auth_access` WHERE `role_id` = 3 AND `type` = 'admin_url' [ RunTime:0.0025s ]
SQL: SELECT `app`,`model`,`action` FROM `check_menu` WHERE `id` = 1 LIMIT 1   [ RunTime:0.0004s ]
SQL: INSERT INTO `check_auth_access` (`role_id`,`rule_name`,`type`) VALUES ('3','admin/content/default','admin_url') [ RunTime:0.0003s ]
SQL: SELECT `app`,`model`,`action` FROM `check_menu` WHERE `id` = 2 LIMIT 1   [ RunTime:0.0005s ]
SQL: INSERT INTO `check_auth_access` (`role_id`,`rule_name`,`type`) VALUES ('3','api/guestbookadmin/index','admin_url') [ RunTime:0.0003s ]
SQL: SELECT `app`,`model`,`action` FROM `check_menu` WHERE `id` = 3 LIMIT 1   [ RunTime:0.0003s ]
SQL: INSERT INTO `check_auth_access` (`role_id`,`rule_name`,`type`) VALUES ('3','api/guestbookadmin/delete','admin_url') [ RunTime:0.0003s ]
SQL: SELECT `app`,`model`,`action` FROM `check_menu` WHERE `id` = 4 LIMIT 1   [ RunTime:0.0002s ]
SQL: INSERT INTO `check_auth_access` (`role_id`,`rule_name`,`type`) VALUES ('3','comment/commentadmin/index','admin_url') [ RunTime:0.0001s ]
SQL: SELECT `app`,`model`,`action` FROM `check_menu` WHERE `id` = 5 LIMIT 1   [ RunTime:0.0002s ]
SQL: INSERT INTO `check_auth_access` (`role_id`,`rule_name`,`type`) VALUES ('3','comment/commentadmin/delete','admin_url') [ RunTime:0.0002s ]
SQL: SELECT `app`,`model`,`action` FROM `check_menu` WHERE `id` = 6 LIMIT 1   [ RunTime:0.0002s ]
SQL: INSERT INTO `check_auth_access` (`role_id`,`rule_name`,`type`) VALUES ('3','comment/commentadmin/check','admin_url') [ RunTime:0.0003s ]
SQL: SELECT `app`,`model`,`action` FROM `check_menu` WHERE `id` = 7 LIMIT 1   [ RunTime:0.0002s ]
SQL: INSERT INTO `check_auth_access` (`role_id`,`rule_name`,`type`) VALUES ('3','portal/adminpost/index','admin_url') [ RunTime:0.0002s ]
SQL: SELECT `app`,`model`,`action` FROM `check_menu` WHERE `id` = 8 LIMIT 1   [ RunTime:0.0002s ]
SQL: INSERT INTO `check_auth_access` (`role_id`,`rule_name`,`type`) VALUES ('3','portal/adminpost/listorders','admin_url') [ RunTime:0.0001s ]
SQL: SELECT `app`,`model`,`action` FROM `check_menu` WHERE `id` = 9 LIMIT 1   [ RunTime:0.0001s ]
SQL: INSERT INTO `check_auth_access` (`role_id`,`rule_name`,`type`) VALUES ('3','portal/adminpost/top','admin_url') [ RunTime:0.0001s ]
SQL: SELECT `app`,`model`,`action` FROM `check_menu` WHERE `id` = 10 LIMIT 1   [ RunTime:0.0001s ]
SQL: INSERT INTO `check_auth_access` (`role_id`,`rule_name`,`type`) VALUES ('3','portal/adminpost/recommend','admin_url') [ RunTime:0.0002s ]
SQL: SELECT `app`,`model`,`action` FROM `check_menu` WHERE `id` = 11 LIMIT 1   [ RunTime:0.0002s ]
SQL: INSERT INTO `check_auth_access` (`role_id`,`rule_name`,`type`) VALUES ('3','portal/adminpost/move','admin_url') [ RunTime:0.0001s ]
SQL: SELECT `app`,`model`,`action` FROM `check_menu` WHERE `id` = 12 LIMIT 1   [ RunTime:0.0002s ]
SQL: INSERT INTO `check_auth_access` (`role_id`,`rule_name`,`type`) VALUES ('3','portal/adminpost/check','admin_url') [ RunTime:0.0002s ]
SQL: SELECT `app`,`model`,`action` FROM `check_menu` WHERE `id` = 13 LIMIT 1   [ RunTime:0.0002s ]
SQL: INSERT INTO `check_auth_access` (`role_id`,`rule_name`,`type`) VALUES ('3','portal/adminpost/delete','admin_url') [ RunTime:0.0001s ]
SQL: SELECT `app`,`model`,`action` FROM `check_menu` WHERE `id` = 14 LIMIT 1   [ RunTime:0.0001s ]
SQL: INSERT INTO `check_auth_access` (`role_id`,`rule_name`,`type`) VALUES ('3','portal/adminpost/edit','admin_url') [ RunTime:0.0002s ]
SQL: SELECT `app`,`model`,`action` FROM `check_menu` WHERE `id` = 15 LIMIT 1   [ RunTime:0.0002s ]
SQL: INSERT INTO `check_auth_access` (`role_id`,`rule_name`,`type`) VALUES ('3','portal/adminpost/edit_post','admin_url') [ RunTime:0.0001s ]
SQL: SELECT `app`,`model`,`action` FROM `check_menu` WHERE `id` = 16 LIMIT 1   [ RunTime:0.0002s ]
SQL: INSERT INTO `check_auth_access` (`role_id`,`rule_name`,`type`) VALUES ('3','portal/adminpost/add','admin_url') [ RunTime:0.0001s ]
SQL: SELECT `app`,`model`,`action` FROM `check_menu` WHERE `id` = 17 LIMIT 1   [ RunTime:0.0002s ]
SQL: INSERT INTO `check_auth_access` (`role_id`,`rule_name`,`type`) VALUES ('3','portal/adminpost/add_post','admin_url') [ RunTime:0.0001s ]
SQL: SELECT `app`,`model`,`action` FROM `check_menu` WHERE `id` = 18 LIMIT 1   [ RunTime:0.0001s ]
SQL: INSERT INTO `check_auth_access` (`role_id`,`rule_name`,`type`) VALUES ('3','portal/adminterm/index','admin_url') [ RunTime:0.0002s ]
SQL: SELECT `app`,`model`,`action` FROM `check_menu` WHERE `id` = 19 LIMIT 1   [ RunTime:0.0001s ]
SQL: INSERT INTO `check_auth_access` (`role_id`,`rule_name`,`type`) VALUES ('3','portal/adminterm/listorders','admin_url') [ RunTime:0.0002s ]
SQL: SELECT `app`,`model`,`action` FROM `check_menu` WHERE `id` = 20 LIMIT 1   [ RunTime:0.0002s ]
SQL: INSERT INTO `check_auth_access` (`role_id`,`rule_name`,`type`) VALUES ('3','portal/adminterm/delete','admin_url') [ RunTime:0.0003s ]
SQL: SELECT `app`,`model`,`action` FROM `check_menu` WHERE `id` = 21 LIMIT 1   [ RunTime:0.0002s ]
SQL: INSERT INTO `check_auth_access` (`role_id`,`rule_name`,`type`) VALUES ('3','portal/adminterm/edit','admin_url') [ RunTime:0.0002s ]
SQL: SELECT `app`,`model`,`action` FROM `check_menu` WHERE `id` = 22 LIMIT 1   [ RunTime:0.0003s ]
SQL: INSERT INTO `check_auth_access` (`role_id`,`rule_name`,`type`) VALUES ('3','portal/adminterm/edit_post','admin_url') [ RunTime:0.0002s ]
SQL: SELECT `app`,`model`,`action` FROM `check_menu` WHERE `id` = 23 LIMIT 1   [ RunTime:0.0002s ]
SQL: INSERT INTO `check_auth_access` (`role_id`,`rule_name`,`type`) VALUES ('3','portal/adminterm/add','admin_url') [ RunTime:0.0005s ]
SQL: SELECT `app`,`model`,`action` FROM `check_menu` WHERE `id` = 24 LIMIT 1   [ RunTime:0.0002s ]
SQL: INSERT INTO `check_auth_access` (`role_id`,`rule_name`,`type`) VALUES ('3','portal/adminterm/add_post','admin_url') [ RunTime:0.0003s ]
SQL: SELECT `app`,`model`,`action` FROM `check_menu` WHERE `id` = 25 LIMIT 1   [ RunTime:0.0002s ]
SQL: INSERT INTO `check_auth_access` (`role_id`,`rule_name`,`type`) VALUES ('3','portal/adminpage/index','admin_url') [ RunTime:0.0007s ]
SQL: SELECT `app`,`model`,`action` FROM `check_menu` WHERE `id` = 26 LIMIT 1   [ RunTime:0.0004s ]
SQL: INSERT INTO `check_auth_access` (`role_id`,`rule_name`,`type`) VALUES ('3','portal/adminpage/listorders','admin_url') [ RunTime:0.0003s ]
SQL: SELECT `app`,`model`,`action` FROM `check_menu` WHERE `id` = 27 LIMIT 1   [ RunTime:0.0002s ]
SQL: INSERT INTO `check_auth_access` (`role_id`,`rule_name`,`type`) VALUES ('3','portal/adminpage/delete','admin_url') [ RunTime:0.0003s ]
SQL: SELECT `app`,`model`,`action` FROM `check_menu` WHERE `id` = 28 LIMIT 1   [ RunTime:0.0002s ]
SQL: INSERT INTO `check_auth_access` (`role_id`,`rule_name`,`type`) VALUES ('3','portal/adminpage/edit','admin_url') [ RunTime:0.0002s ]
SQL: SELECT `app`,`model`,`action` FROM `check_menu` WHERE `id` = 29 LIMIT 1   [ RunTime:0.0004s ]
SQL: INSERT INTO `check_auth_access` (`role_id`,`rule_name`,`type`) VALUES ('3','portal/adminpage/edit_post','admin_url') [ RunTime:0.0002s ]
SQL: SELECT `app`,`model`,`action` FROM `check_menu` WHERE `id` = 30 LIMIT 1   [ RunTime:0.0002s ]
SQL: INSERT INTO `check_auth_access` (`role_id`,`rule_name`,`type`) VALUES ('3','portal/adminpage/add','admin_url') [ RunTime:0.0002s ]
SQL: SELECT `app`,`model`,`action` FROM `check_menu` WHERE `id` = 31 LIMIT 1   [ RunTime:0.0002s ]
SQL: INSERT INTO `check_auth_access` (`role_id`,`rule_name`,`type`) VALUES ('3','portal/adminpage/add_post','admin_url') [ RunTime:0.0003s ]
SQL: SELECT `app`,`model`,`action` FROM `check_menu` WHERE `id` = 32 LIMIT 1   [ RunTime:0.0002s ]
SQL: INSERT INTO `check_auth_access` (`role_id`,`rule_name`,`type`) VALUES ('3','admin/recycle/default','admin_url') [ RunTime:0.0002s ]
SQL: SELECT `app`,`model`,`action` FROM `check_menu` WHERE `id` = 33 LIMIT 1   [ RunTime:0.0002s ]
SQL: INSERT INTO `check_auth_access` (`role_id`,`rule_name`,`type`) VALUES ('3','portal/adminpost/recyclebin','admin_url') [ RunTime:0.0002s ]
SQL: SELECT `app`,`model`,`action` FROM `check_menu` WHERE `id` = 34 LIMIT 1   [ RunTime:0.0002s ]
SQL: INSERT INTO `check_auth_access` (`role_id`,`rule_name`,`type`) VALUES ('3','portal/adminpost/restore','admin_url') [ RunTime:0.0004s ]
SQL: SELECT `app`,`model`,`action` FROM `check_menu` WHERE `id` = 35 LIMIT 1   [ RunTime:0.0002s ]
SQL: INSERT INTO `check_auth_access` (`role_id`,`rule_name`,`type`) VALUES ('3','portal/adminpost/clean','admin_url') [ RunTime:0.0002s ]
SQL: SELECT `app`,`model`,`action` FROM `check_menu` WHERE `id` = 36 LIMIT 1   [ RunTime:0.0002s ]
SQL: INSERT INTO `check_auth_access` (`role_id`,`rule_name`,`type`) VALUES ('3','portal/adminpage/recyclebin','admin_url') [ RunTime:0.0002s ]
SQL: SELECT `app`,`model`,`action` FROM `check_menu` WHERE `id` = 37 LIMIT 1   [ RunTime:0.0002s ]
SQL: INSERT INTO `check_auth_access` (`role_id`,`rule_name`,`type`) VALUES ('3','portal/adminpage/clean','admin_url') [ RunTime:0.0002s ]
SQL: SELECT `app`,`model`,`action` FROM `check_menu` WHERE `id` = 38 LIMIT 1   [ RunTime:0.0002s ]
SQL: INSERT INTO `check_auth_access` (`role_id`,`rule_name`,`type`) VALUES ('3','portal/adminpage/restore','admin_url') [ RunTime:0.0002s ]
SQL: SELECT `app`,`model`,`action` FROM `check_menu` WHERE `id` = 164 LIMIT 1   [ RunTime:0.0002s ]
SQL: INSERT INTO `check_auth_access` (`role_id`,`rule_name`,`type`) VALUES ('3','portal/adminpage/qrcode','admin_url') [ RunTime:0.0002s ]
SQL: SELECT `app`,`model`,`action` FROM `check_menu` WHERE `id` = 162 LIMIT 1   [ RunTime:0.0003s ]
SQL: INSERT INTO `check_auth_access` (`role_id`,`rule_name`,`type`) VALUES ('3','portal/adminpage/companyinfo','admin_url') [ RunTime:0.0002s ]
SQL: SELECT `app`,`model`,`action` FROM `check_menu` WHERE `id` = 163 LIMIT 1   [ RunTime:0.0002s ]
SQL: INSERT INTO `check_auth_access` (`role_id`,`rule_name`,`type`) VALUES ('3','portal/adminpage/post','admin_url') [ RunTime:0.0003s ]

[ 2016-10-11T14:27:00+08:00 ] 127.0.0.1 /index.php?g=Admin&m=public&a=dologin
INFO: [ app_begin ] --START--
INFO: Run Behavior\ReadHtmlCacheBehavior [ RunTime:0.000385s ]
INFO: Run Behavior\CheckLangBehavior [ RunTime:0.000502s ]
INFO: [ app_begin ] --END-- [ RunTime:0.001192s ]
SQL: SHOW COLUMNS FROM `check_users` [ RunTime:0.0012s ]
SQL: SELECT * FROM `check_users` WHERE `user_login` = 'njupt' LIMIT 1   [ RunTime:0.0003s ]
SQL: SHOW COLUMNS FROM `check_role_user` [ RunTime:0.0010s ]
SQL: SELECT `role_id` FROM check_role_user a INNER JOIN check_role as b on a.role_id =b.id  WHERE `user_id` = '3' AND `status` = 1  [ RunTime:0.0002s ]
SQL: UPDATE `check_users` SET `user_login`='njupt',`user_pass`='###d2df176462c29cba4dcbdd421729547a',`user_nicename`='',`user_email`='ctygood@gmail.com',`user_url`='',`avatar`=NULL,`sex`='0',`birthday`=NULL,`signature`=NULL,`last_login_ip`='127.0.0.1',`last_login_time`='2016-10-11 14:27:00',`create_time`='2016-10-06 15:58:05',`user_activation_key`='',`user_status`='1',`score`='0',`user_type`='1',`coin`='0',`mobile`='' WHERE `id` = '3' [ RunTime:0.0006s ]

